#
# A fatal error has been detected by the Java Runtime Environment:
#
#  EXCEPTION_ACCESS_VIOLATION (0xc0000005) at pc=0x00000001803e6a6b, pid=9040, tid=9188
#
# JRE version: 7.0_25-b17
# Java VM: Java HotSpot(TM) 64-Bit Server VM (23.25-b01 mixed mode windows-amd64 compressed oops)
# Problematic frame:
# C  [ig75icd64.dll+0x3e6a6b]  DllMain+0x54aab
#
# Failed to write core dump. Minidumps are not enabled by default on client versions of Windows
#
# If you would like to submit a bug report, please visit:
#   http://bugreport.sun.com/bugreport/crash.jsp
# The crash happened outside the Java Virtual Machine in native code.
# See problematic frame for where to report the bug.
#

---------------  T H R E A D  ---------------

Current thread (0x000000000e492000):  JavaThread "Animation Thread" [_thread_in_native, id=9188, stack(0x0000000010830000,0x0000000010930000)]

siginfo: ExceptionCode=0xc0000005, reading address 0x00000000000006a0

Registers:
RAX=0x0000000000c58d80, RBX=0x000000077f6bb2b8, RCX=0x0000000000000001, RDX=0x0000000000000000
RSP=0x000000001092ee28, RBP=0x000000001092eeb0, RSI=0x000000000000001a, RDI=0x0000000000000007
R8 =0x0000000000000008, R9 =0x00000001803e6a40, R10=0x0000000002a2237c, R11=0x000000006a9f9860
R12=0x0000000000000000, R13=0x000000077f6bb2b8, R14=0x000000001092eee8, R15=0x000000000e492000
RIP=0x00000001803e6a6b, EFLAGS=0x0000000000010202

Top of Stack: (sp=0x000000001092ee28)
0x000000001092ee28:   0000000002a223a8 0000000000000000
0x000000001092ee38:   000000001092ee50 000000001092eea8
0x000000001092ee48:   0000000002a161f8 0000000000000000
0x000000001092ee58:   0000000000000000 0000000000000000
0x000000001092ee68:   000000001092ee68 000000001092ee70
0x000000001092ee78:   0000000000000000 000000001092eee8
0x000000001092ee88:   000000077f895eb8 0000000000000000
0x000000001092ee98:   000000077f6bb2b8 0000000000000000
0x000000001092eea8:   000000001092eed0 000000001092ef30
0x000000001092eeb8:   0000000002a161f8 0000000000000000
0x000000001092eec8:   0000000002a1f1d8 00000001803e6a40
0x000000001092eed8:   0000000002a163d3 0000000000000001
0x000000001092eee8:   00000007d6d4e330 000000001092eef0
0x000000001092eef8:   000000077f6bb1da 000000001092ef58
0x000000001092ef08:   000000077f895eb8 0000000000000000
0x000000001092ef18:   000000077f6bb1e8 000000001092eed0 

Instructions: (pc=0x00000001803e6a6b)
0x00000001803e6a4b:   19 f7 26 00 65 48 8b 04 25 58 00 00 00 41 b8 08
0x00000001803e6a5b:   00 00 00 48 8b 04 d0 4a 8b 14 00 48 83 c4 20 5d
0x00000001803e6a6b:   48 ff a2 a0 06 00 00 cc cc cc cc cc cc cc cc cc
0x00000001803e6a7b:   cc cc cc cc cc 40 55 48 8b ec 48 83 ec 20 8b 0d 


Register to memory mapping:

RAX=0x0000000000c58d80 is an unknown value
RBX=0x000000077f6bb2b8 is an oop
{method} 
 - klass: {other class}
RCX=0x0000000000000001 is an unknown value
RDX=0x0000000000000000 is an unknown value
RSP=0x000000001092ee28 is pointing into the stack for thread: 0x000000000e492000
RBP=0x000000001092eeb0 is pointing into the stack for thread: 0x000000000e492000
RSI=0x000000000000001a is an unknown value
RDI=0x0000000000000007 is an unknown value
R8 =0x0000000000000008 is an unknown value
R9 =0x00000001803e6a40 is an unknown value
R10=0x0000000002a2237c is an Interpreter codelet
method entry point (kind = native)  [0x0000000002a22100, 0x0000000002a22980]  2176 bytes
R11=0x000000006a9f9860 is an unknown value
R12=0x0000000000000000 is an unknown value
R13=0x000000077f6bb2b8 is an oop
{method} 
 - klass: {other class}
R14=0x000000001092eee8 is pointing into the stack for thread: 0x000000000e492000
R15=0x000000000e492000 is a thread


Stack: [0x0000000010830000,0x0000000010930000],  sp=0x000000001092ee28,  free space=1019k
Native frames: (J=compiled Java code, j=interpreted, Vv=VM code, C=native code)
C  [ig75icd64.dll+0x3e6a6b]  DllMain+0x54aab
j  jogamp.opengl.gl4.GL4bcImpl.glDepthMask(Z)V+34
j  processing.opengl.PGL.depthMask(Z)V+4
j  processing.opengl.PGraphicsOpenGL.backgroundImpl()V+8
j  processing.core.PGraphics.backgroundFromCalc()V+122
j  processing.core.PGraphics.background(I)V+6
j  processing.core.PGraphics.reapplySettings()V+190
j  processing.opengl.PGraphicsOpenGL.setSize(II)V+15
j  processing.core.PApplet.resizeRenderer(II)V+90
j  processing.core.PApplet.run()V+162
j  java.lang.Thread.run()V+11
v  ~StubRoutines::call_stub
V  [jvm.dll+0x1a6844]

Java frames: (J=compiled Java code, j=interpreted, Vv=VM code)
j  jogamp.opengl.gl4.GL4bcImpl.dispatch_glDepthMask1(ZJ)V+0
j  jogamp.opengl.gl4.GL4bcImpl.glDepthMask(Z)V+34
j  processing.opengl.PGL.depthMask(Z)V+4
j  processing.opengl.PGraphicsOpenGL.backgroundImpl()V+8
j  processing.core.PGraphics.backgroundFromCalc()V+122
j  processing.core.PGraphics.background(I)V+6
j  processing.core.PGraphics.reapplySettings()V+190
j  processing.opengl.PGraphicsOpenGL.setSize(II)V+15
j  processing.core.PApplet.resizeRenderer(II)V+90
j  processing.core.PApplet.run()V+162
j  java.lang.Thread.run()V+11
v  ~StubRoutines::call_stub

---------------  P R O C E S S  ---------------

Java Threads: ( => current thread )
  0x000000000fa2a800 JavaThread "Animation Thread-SharedResourceRunner" daemon [_thread_blocked, id=8376, stack(0x0000000010a30000,0x0000000010b30000)]
  0x00000000026ae000 JavaThread "DestroyJavaVM" [_thread_blocked, id=8992, stack(0x0000000002810000,0x0000000002910000)]
=>0x000000000e492000 JavaThread "Animation Thread" [_thread_in_native, id=9188, stack(0x0000000010830000,0x0000000010930000)]
  0x000000000e482800 JavaThread "Animation Thread" [_thread_blocked, id=9172, stack(0x0000000010180000,0x0000000010280000)]
  0x000000000e3b1000 JavaThread "Image Fetcher 0" daemon [_thread_blocked, id=9116, stack(0x000000000f780000,0x000000000f880000)]
  0x000000000e376800 JavaThread "AWT-EventQueue-0" [_thread_blocked, id=9112, stack(0x000000000ee90000,0x000000000ef90000)]
  0x000000000e368000 JavaThread "AWT-Windows" daemon [_thread_in_native, id=3716, stack(0x000000000ed90000,0x000000000ee90000)]
  0x000000000e367000 JavaThread "AWT-Shutdown" [_thread_blocked, id=9108, stack(0x000000000ec90000,0x000000000ed90000)]
  0x000000000e22a800 JavaThread "Java2D Disposer" daemon [_thread_blocked, id=8760, stack(0x000000000eb90000,0x000000000ec90000)]
  0x000000000bb7d800 JavaThread "Service Thread" daemon [_thread_blocked, id=9164, stack(0x000000000df70000,0x000000000e070000)]
  0x000000000bb78800 JavaThread "C2 CompilerThread1" daemon [_thread_blocked, id=9080, stack(0x000000000de70000,0x000000000df70000)]
  0x000000000bb6b000 JavaThread "C2 CompilerThread0" daemon [_thread_blocked, id=8744, stack(0x000000000dd70000,0x000000000de70000)]
  0x000000000bb6a000 JavaThread "Attach Listener" daemon [_thread_blocked, id=8740, stack(0x000000000dc70000,0x000000000dd70000)]
  0x000000000bb65000 JavaThread "Signal Dispatcher" daemon [_thread_blocked, id=8736, stack(0x000000000db70000,0x000000000dc70000)]
  0x000000000baff000 JavaThread "Finalizer" daemon [_thread_blocked, id=8196, stack(0x000000000da70000,0x000000000db70000)]
  0x000000000baf7800 JavaThread "Reference Handler" daemon [_thread_blocked, id=8732, stack(0x000000000d970000,0x000000000da70000)]

Other Threads:
  0x000000000baf2000 VMThread [stack: 0x000000000d870000,0x000000000d970000] [id=8476]
  0x000000000bb98000 WatcherThread [stack: 0x000000000e070000,0x000000000e170000] [id=9104]

VM state:not at safepoint (normal execution)

VM Mutex/Monitor currently owned by a thread: None

Heap
 PSYoungGen      total 37120K, used 34278K [0x00000007d6960000, 0x00000007db1e0000, 0x0000000800000000)
  eden space 31872K, 91% used [0x00000007d6960000,0x00000007d85befc0,0x00000007d8880000)
  from space 5248K, 99% used [0x00000007d8880000,0x00000007d8d9a878,0x00000007d8da0000)
  to   space 5248K, 0% used [0x00000007dacc0000,0x00000007dacc0000,0x00000007db1e0000)
 ParOldGen       total 84800K, used 33057K [0x0000000783c00000, 0x0000000788ed0000, 0x00000007d6960000)
  object space 84800K, 38% used [0x0000000783c00000,0x0000000785c48540,0x0000000788ed0000)
 PSPermGen       total 21248K, used 16218K [0x000000077ea00000, 0x000000077fec0000, 0x0000000783c00000)
  object space 21248K, 76% used [0x000000077ea00000,0x000000077f9d6840,0x000000077fec0000)

Card table byte_map: [0x0000000005a10000,0x0000000005e20000] byte_map_base: 0x0000000001e1b000

Polling page: 0x0000000000c10000

Code Cache  [0x0000000002a10000, 0x0000000002c80000, 0x0000000005a10000)
 total_blobs=887 nmethods=148 adapters=690 free_code_cache=48194Kb largest_free_block=49326976

Compilation events (10 events):
Event: 1.044 Thread 0x000000000bb6b000 nmethod 137 0x0000000002afec10 code [0x0000000002afed40, 0x0000000002afedb8]
Event: 1.044 Thread 0x000000000bb6b000  138             processing.opengl.PGL::texSubImage2D (24 bytes)
Event: 1.062 Thread 0x000000000bb6b000 nmethod 138 0x0000000002aff150 code [0x0000000002aff340, 0x0000000002affa40]
Event: 1.062 Thread 0x000000000bb6b000  139             jogamp.opengl.gl4.GL4bcImpl::glTexSubImage2D (120 bytes)
Event: 1.066 Thread 0x000000000bb6b000 nmethod 139 0x0000000002b00610 code [0x0000000002b00800, 0x0000000002b00dc0]
Event: 1.066 Thread 0x000000000bb6b000  140             com.jogamp.common.nio.Buffers::remainingBytes (219 bytes)
Event: 1.066 Thread 0x000000000bb6b000 nmethod 140 0x0000000002afee90 code [0x0000000002afefc0, 0x0000000002aff038]
Event: 1.070 Thread 0x000000000bb78800 nmethod 136 0x0000000002b01650 code [0x0000000002b018c0, 0x0000000002b02908]
Event: 1.081 Thread 0x000000000bb6b000    6 %           processing.opengl.PGL::nativeToJavaARGB @ 101 (339 bytes)
Event: 1.091 Thread 0x000000000bb6b000 nmethod 6% 0x0000000002b04610 code [0x0000000002b04760, 0x0000000002b05278]

GC Heap History (2 events):
Event: 0.549 GC heap before
{Heap before GC invocations=1 (full 0):
 PSYoungGen      total 37120K, used 31872K [0x00000007d6960000, 0x00000007d92c0000, 0x0000000800000000)
  eden space 31872K, 100% used [0x00000007d6960000,0x00000007d8880000,0x00000007d8880000)
  from space 5248K, 0% used [0x00000007d8da0000,0x00000007d8da0000,0x00000007d92c0000)
  to   space 5248K, 0% used [0x00000007d8880000,0x00000007d8880000,0x00000007d8da0000)
 ParOldGen       total 84800K, used 0K [0x0000000783c00000, 0x0000000788ed0000, 0x00000007d6960000)
  object space 84800K, 0% used [0x0000000783c00000,0x0000000783c00000,0x0000000788ed0000)
 PSPermGen       total 21248K, used 14245K [0x000000077ea00000, 0x000000077fec0000, 0x0000000783c00000)
  object space 21248K, 67% used [0x000000077ea00000,0x000000077f7e96b0,0x000000077fec0000)
Event: 0.564 GC heap after
Heap after GC invocations=1 (full 0):
 PSYoungGen      total 37120K, used 5226K [0x00000007d6960000, 0x00000007db1e0000, 0x0000000800000000)
  eden space 31872K, 0% used [0x00000007d6960000,0x00000007d6960000,0x00000007d8880000)
  from space 5248K, 99% used [0x00000007d8880000,0x00000007d8d9a878,0x00000007d8da0000)
  to   space 5248K, 0% used [0x00000007dacc0000,0x00000007dacc0000,0x00000007db1e0000)
 ParOldGen       total 84800K, used 33057K [0x0000000783c00000, 0x0000000788ed0000, 0x00000007d6960000)
  object space 84800K, 38% used [0x0000000783c00000,0x0000000785c48540,0x0000000788ed0000)
 PSPermGen       total 21248K, used 14245K [0x000000077ea00000, 0x000000077fec0000, 0x0000000783c00000)
  object space 21248K, 67% used [0x000000077ea00000,0x000000077f7e96b0,0x000000077fec0000)
}

Deoptimization events (10 events):
Event: 0.812 Thread 0x000000000fa2a800 Uncommon trap -83 fr.pc 0x0000000002aea6c4
Event: 1.033 Thread 0x000000000e376800 Uncommon trap -83 fr.pc 0x0000000002af6894
Event: 1.133 Thread 0x000000000e376800 Uncommon trap -34 fr.pc 0x0000000002af3080
Event: 1.133 Thread 0x000000000e376800 Uncommon trap -34 fr.pc 0x0000000002af4584
Event: 1.133 Thread 0x000000000e376800 Uncommon trap -34 fr.pc 0x0000000002af3080
Event: 1.134 Thread 0x000000000e376800 Uncommon trap -34 fr.pc 0x0000000002af4584
Event: 1.134 Thread 0x000000000e376800 Uncommon trap -34 fr.pc 0x0000000002af3080
Event: 1.134 Thread 0x000000000e376800 Uncommon trap -34 fr.pc 0x0000000002af4584
Event: 1.134 Thread 0x000000000e376800 Uncommon trap -34 fr.pc 0x0000000002af3080
Event: 1.134 Thread 0x000000000e376800 Uncommon trap -34 fr.pc 0x0000000002af4584

Internal exceptions (10 events):
Event: 0.965 Thread 0x000000000e492000 Threw 0x00000007d7f93040 at C:\jdk7u2_64p\jdk7u25\hotspot\src\share\vm\prims\jvm.cpp:1235
Event: 0.966 Thread 0x000000000e492000 Threw 0x00000007d7feb2a8 at C:\jdk7u2_64p\jdk7u25\hotspot\src\share\vm\prims\jvm.cpp:1235
Event: 0.966 Thread 0x000000000e492000 Threw 0x00000007d7fee430 at C:\jdk7u2_64p\jdk7u25\hotspot\src\share\vm\prims\jvm.cpp:1235
Event: 0.967 Thread 0x000000000e492000 Threw 0x00000007d7ff3720 at C:\jdk7u2_64p\jdk7u25\hotspot\src\share\vm\prims\jvm.cpp:1235
Event: 0.967 Thread 0x000000000e492000 Threw 0x00000007d7ff88b0 at C:\jdk7u2_64p\jdk7u25\hotspot\src\share\vm\prims\jvm.cpp:1235
Event: 0.967 Thread 0x000000000e492000 Threw 0x00000007d7ffbe58 at C:\jdk7u2_64p\jdk7u25\hotspot\src\share\vm\prims\jvm.cpp:1235
Event: 0.968 Thread 0x000000000e492000 Threw 0x00000007d7fffaa8 at C:\jdk7u2_64p\jdk7u25\hotspot\src\share\vm\prims\jvm.cpp:1235
Event: 0.968 Thread 0x000000000e492000 Threw 0x00000007d8002808 at C:\jdk7u2_64p\jdk7u25\hotspot\src\share\vm\prims\jvm.cpp:1235
Event: 0.976 Thread 0x000000000e376800 Threw 0x00000007d6d518f8 at C:\jdk7u2_64p\jdk7u25\hotspot\src\share\vm\prims\jvm.cpp:1235
Event: 1.031 Thread 0x000000000e376800 Threw 0x00000007d805bee8 at C:\jdk7u2_64p\jdk7u25\hotspot\src\share\vm\prims\jvm.cpp:1235

Events (10 events):
Event: 1.176 loading class 0x000000000fc86a30
Event: 1.176 loading class 0x000000000fc86a30 done
Event: 1.176 loading class 0x000000000fc86bf0
Event: 1.176 loading class 0x000000000fc86bf0 done
Event: 1.176 loading class 0x000000000fc87530
Event: 1.176 loading class 0x000000000fc87530 done
Event: 1.176 loading class 0x000000000e231910
Event: 1.176 loading class 0x000000000e231910 done
Event: 1.176 loading class 0x000000000e24d660
Event: 1.176 loading class 0x000000000e24d660 done


Dynamic libraries:
0x000007f775de0000 - 0x000007f775e13000 	C:\Program Files\Java\jre7\bin\javaw.exe
0x000007fd332e0000 - 0x000007fd3349e000 	C:\windows\SYSTEM32\ntdll.dll
0x000007fd32cd0000 - 0x000007fd32e07000 	C:\windows\system32\KERNEL32.DLL
0x000007fd305c0000 - 0x000007fd306b4000 	C:\windows\system32\KERNELBASE.dll
0x000007fd32e10000 - 0x000007fd32eee000 	C:\windows\system32\ADVAPI32.dll
0x000007fd30c40000 - 0x000007fd30d8c000 	C:\windows\system32\USER32.dll
0x000007fd2d840000 - 0x000007fd2daaa000 	C:\windows\WinSxS\amd64_microsoft.windows.common-controls_6595b64144ccf1df_6.0.9200.16579_none_418ab7ef718b27ef\COMCTL32.dll
0x000007fd327f0000 - 0x000007fd32895000 	C:\windows\system32\msvcrt.dll
0x000007fd30bf0000 - 0x000007fd30c38000 	C:\windows\SYSTEM32\sechost.dll
0x000007fd30d90000 - 0x000007fd30ed5000 	C:\windows\system32\RPCRT4.dll
0x000007fd32f30000 - 0x000007fd33071000 	C:\windows\system32\GDI32.dll
0x000007fd32ef0000 - 0x000007fd32f29000 	C:\windows\system32\IMM32.DLL
0x000007fd32ba0000 - 0x000007fd32cb6000 	C:\windows\system32\MSCTF.dll
0x000000006af50000 - 0x000000006b021000 	C:\Program Files\Java\jre7\bin\msvcr100.dll
0x000000006a840000 - 0x000000006af4f000 	C:\Program Files\Java\jre7\bin\server\jvm.dll
0x000007fd25890000 - 0x000007fd25899000 	C:\windows\SYSTEM32\WSOCK32.dll
0x000007fd29200000 - 0x000007fd29220000 	C:\windows\SYSTEM32\WINMM.dll
0x000007fd30b90000 - 0x000007fd30b97000 	C:\windows\system32\PSAPI.DLL
0x000007fd306c0000 - 0x000007fd30718000 	C:\windows\system32\WS2_32.dll
0x000007fd291c0000 - 0x000007fd291f3000 	C:\windows\SYSTEM32\WINMMBASE.dll
0x000007fd31080000 - 0x000007fd31089000 	C:\windows\system32\NSI.dll
0x000007fd30230000 - 0x000007fd3027f000 	C:\windows\SYSTEM32\cfgmgr32.dll
0x000007fd30510000 - 0x000007fd30532000 	C:\windows\system32\DEVOBJ.dll
0x000000006be60000 - 0x000000006be6f000 	C:\Program Files\Java\jre7\bin\verify.dll
0x000000006b070000 - 0x000000006b098000 	C:\Program Files\Java\jre7\bin\java.dll
0x000000006a820000 - 0x000000006a835000 	C:\Program Files\Java\jre7\bin\zip.dll
0x000000006a260000 - 0x000000006a3f5000 	C:\Program Files\Java\jre7\bin\awt.dll
0x000007fd32720000 - 0x000007fd327e3000 	C:\windows\system32\OLEAUT32.dll
0x000007fd33130000 - 0x000007fd332e0000 	C:\windows\system32\combase.dll
0x000007fd29ad0000 - 0x000007fd29b6f000 	C:\windows\system32\apphelp.dll
0x000007fd2e6e0000 - 0x000007fd2e701000 	C:\windows\system32\DWMAPI.DLL
0x000007fd2f000000 - 0x000007fd2f0e6000 	C:\windows\system32\uxtheme.dll
0x000007fd31090000 - 0x000007fd3120e000 	C:\windows\system32\ole32.dll
0x000007fd2ffa0000 - 0x000007fd2ffaa000 	C:\windows\SYSTEM32\CRYPTBASE.dll
0x000007fd2ff40000 - 0x000007fd2ff9c000 	C:\windows\SYSTEM32\bcryptPrimitives.dll
0x000000006a770000 - 0x000000006a7af000 	C:\Program Files\Java\jre7\bin\fontmanager.dll
0x000000006a800000 - 0x000000006a819000 	C:\Program Files\Java\jre7\bin\net.dll
0x000007fd2f9b0000 - 0x000007fd2fa0c000 	C:\windows\system32\mswsock.dll
0x000000006a7e0000 - 0x000000006a7f1000 	C:\Program Files\Java\jre7\bin\nio.dll
0x000000006a210000 - 0x000000006a251000 	C:\Program Files\Java\jre7\bin\t2k.dll
0x000007fd31420000 - 0x000007fd32700000 	C:\windows\system32\SHELL32.dll
0x000007fd30ba0000 - 0x000007fd30bf0000 	C:\windows\system32\SHLWAPI.dll
0x000007fd2e710000 - 0x000007fd2e7a5000 	C:\windows\SYSTEM32\shcore.dll
0x000007fd2fa10000 - 0x000007fd2fa2a000 	C:\windows\SYSTEM32\CRYPTSP.dll
0x000007fd2f5b0000 - 0x000007fd2f5fb000 	C:\windows\system32\rsaenh.dll
0x000007fd305a0000 - 0x000007fd305bf000 	C:\windows\system32\USERENV.dll
0x000007fd30210000 - 0x000007fd30225000 	C:\windows\system32\profapi.dll
0x000007fd236b0000 - 0x000007fd236c4000 	C:\windows\system32\napinsp.dll
0x000007fd236d0000 - 0x000007fd236e8000 	C:\windows\system32\pnrpnsp.dll
0x000007fd2e7e0000 - 0x000007fd2e7f6000 	C:\windows\system32\NLAapi.dll
0x000007fd2f7c0000 - 0x000007fd2f858000 	C:\windows\SYSTEM32\DNSAPI.dll
0x000007fd236f0000 - 0x000007fd23702000 	C:\windows\System32\winrnr.dll
0x000007fd23710000 - 0x000007fd23724000 	C:\windows\system32\wshbth.dll
0x000007fd233e0000 - 0x000007fd233e8000 	C:\Windows\System32\rasadhlp.dll
0x000007fd2d3f0000 - 0x000007fd2d41a000 	C:\windows\SYSTEM32\IPHLPAPI.DLL
0x000007fd2d3d0000 - 0x000007fd2d3da000 	C:\windows\SYSTEM32\WINNSI.DLL
0x000007fd2d210000 - 0x000007fd2d271000 	C:\windows\System32\fwpuclnt.dll
0x00000000637c0000 - 0x00000000637ca000 	C:\Users\Dante\AppData\Local\Temp\jogamp_0000\file_cache\jln7867040181147483593\jln2495953037339778507\gluegen-rt.dll
0x000000006be50000 - 0x000000006be57000 	C:\Program Files\Java\jre7\bin\jawt.dll
0x000000006a440000 - 0x000000006a44b000 	C:\Users\Dante\AppData\Local\Temp\jogamp_0000\file_cache\jln7867040181147483593\jln2495953037339778507\nativewindow_awt.dll
0x000000006c100000 - 0x000000006c10b000 	C:\Users\Dante\AppData\Local\Temp\jogamp_0000\file_cache\jln7867040181147483593\jln2495953037339778507\nativewindow_win32.dll
0x000007fd1dee0000 - 0x000007fd1dfff000 	C:\windows\SYSTEM32\OpenGL32.dll
0x000007fd1deb0000 - 0x000007fd1dedc000 	C:\windows\SYSTEM32\GLU32.dll
0x000007fd1ddc0000 - 0x000007fd1deaa000 	C:\windows\SYSTEM32\DDRAW.dll
0x000007fd2d160000 - 0x000007fd2d168000 	C:\windows\SYSTEM32\DCIMAN32.dll
0x0000000064500000 - 0x000000006458e000 	C:\Users\Dante\AppData\Local\Temp\jogamp_0000\file_cache\jln7867040181147483593\jln2495953037339778507\jogl_desktop.dll
0x0000000180000000 - 0x00000001806d4000 	C:\windows\SYSTEM32\ig75icd64.dll
0x000007fd2b630000 - 0x000007fd2ba62000 	C:\windows\SYSTEM32\igdusc64.dll
0x000007fd1c9d0000 - 0x000007fd1cb33000 	C:\windows\SYSTEM32\dbghelp.dll

VM Arguments:
jvm_args: -Dfile.encoding=Cp1252 
java_command: render.Main
Launcher Type: SUN_STANDARD

Environment Variables:
PATH=C:\Program Files (x86)\Intel\iCLS Client\;C:\Program Files\Intel\iCLS Client\;C:\windows\system32;C:\windows;C:\windows\System32\Wbem;C:\windows\System32\WindowsPowerShell\v1.0\;C:\Program Files\Intel\Intel(R) Management Engine Components\DAL;C:\Program Files\Intel\Intel(R) Management Engine Components\IPT;C:\Program Files (x86)\Intel\Intel(R) Management Engine Components\DAL;C:\Program Files (x86)\Intel\Intel(R) Management Engine Components\IPT;C:\Program Files (x86)\Intel\OpenCL SDK\3.0\bin\x86;C:\Program Files (x86)\Intel\OpenCL SDK\3.0\bin\x64;C:\Program Files\Intel\WiFi\bin\;C:\Program Files\Common Files\Intel\WirelessCommon\;C:\Program Files\Microsoft\Web Platform Installer\;C:\Program Files (x86)\Microsoft ASP.NET\ASP.NET Web Pages\v1.0\;C:\Program Files (x86)\Windows Kits\8.0\Windows Performance Toolkit\;C:\Program Files\Microsoft SQL Server\110\Tools\Binn\
USERNAME=Dante
OS=Windows_NT
PROCESSOR_IDENTIFIER=Intel64 Family 6 Model 60 Stepping 3, GenuineIntel



---------------  S Y S T E M  ---------------

OS: Windows 8 , 64 bit Build 9200 

CPU:total 8 (4 cores per cpu, 2 threads per core) family 6 model 60 stepping 3, cmov, cx8, fxsr, mmx, sse, sse2, sse3, ssse3, sse4.1, sse4.2, popcnt, avx, avx2, ht, tsc, tscinvbit

Memory: 4k page, physical 8134932k(3596508k free), swap 9380116k(3957668k free)

vm_info: Java HotSpot(TM) 64-Bit Server VM (23.25-b01) for windows-amd64 JRE (1.7.0_25-b17), built on Jun 21 2013 12:58:32 by "java_re" with unknown MS VC++:1600

time: Fri Aug 29 19:54:47 2014
elapsed time: 1 seconds

