#
# A fatal error has been detected by the Java Runtime Environment:
#
#  EXCEPTION_ACCESS_VIOLATION (0xc0000005) at pc=0x00000001803e6a6b, pid=76, tid=1848
#
# JRE version: 7.0_25-b17
# Java VM: Java HotSpot(TM) 64-Bit Server VM (23.25-b01 mixed mode windows-amd64 compressed oops)
# Problematic frame:
# C  [ig75icd64.dll+0x3e6a6b]  DllMain+0x54aab
#
# Failed to write core dump. Minidumps are not enabled by default on client versions of Windows
#
# If you would like to submit a bug report, please visit:
#   http://bugreport.sun.com/bugreport/crash.jsp
# The crash happened outside the Java Virtual Machine in native code.
# See problematic frame for where to report the bug.
#

---------------  T H R E A D  ---------------

Current thread (0x000000000dcc9000):  JavaThread "Animation Thread" [_thread_in_native, id=1848, stack(0x00000000100e0000,0x00000000101e0000)]

siginfo: ExceptionCode=0xc0000005, reading address 0x00000000000006a0

Registers:
RAX=0x00000000004986e0, RBX=0x000000077f6e9f40, RCX=0x0000000000000001, RDX=0x0000000000000000
RSP=0x00000000101df228, RBP=0x00000000101df2b0, RSI=0x000000000000001a, RDI=0x0000000000000007
R8 =0x0000000000000008, R9 =0x00000001803e6a40, R10=0x000000000209237c, R11=0x000000006b869860
R12=0x0000000000000000, R13=0x000000077f6e9f40, R14=0x00000000101df2e8, R15=0x000000000dcc9000
RIP=0x00000001803e6a6b, EFLAGS=0x0000000000010202

Top of Stack: (sp=0x00000000101df228)
0x00000000101df228:   00000000020923a8 0000000000000000
0x00000000101df238:   00000000101df250 00000000101df2a8
0x00000000101df248:   00000000020861f8 0000000000000000
0x00000000101df258:   0000000000000000 0000000000000000
0x00000000101df268:   00000000101df268 00000000101df270
0x00000000101df278:   0000000000000000 00000000101df2e8
0x00000000101df288:   000000077f8f0338 0000000000000000
0x00000000101df298:   000000077f6e9f40 0000000000000000
0x00000000101df2a8:   00000000101df2d0 00000000101df330
0x00000000101df2b8:   00000000020861f8 0000000000000000
0x00000000101df2c8:   000000000208f1d8 00000001803e6a40
0x00000000101df2d8:   00000000020863d3 0000000000000001
0x00000000101df2e8:   00000007d8dcab60 00000000101df2f0
0x00000000101df2f8:   000000077f6e9e62 00000000101df358
0x00000000101df308:   000000077f8f0338 0000000000000000
0x00000000101df318:   000000077f6e9e70 00000000101df2d0 

Instructions: (pc=0x00000001803e6a6b)
0x00000001803e6a4b:   19 f7 26 00 65 48 8b 04 25 58 00 00 00 41 b8 08
0x00000001803e6a5b:   00 00 00 48 8b 04 d0 4a 8b 14 00 48 83 c4 20 5d
0x00000001803e6a6b:   48 ff a2 a0 06 00 00 cc cc cc cc cc cc cc cc cc
0x00000001803e6a7b:   cc cc cc cc cc 40 55 48 8b ec 48 83 ec 20 8b 0d 


Register to memory mapping:

RAX=0x00000000004986e0 is an unknown value
RBX=0x000000077f6e9f40 is an oop
{method} 
 - klass: {other class}
RCX=0x0000000000000001 is an unknown value
RDX=0x0000000000000000 is an unknown value
RSP=0x00000000101df228 is pointing into the stack for thread: 0x000000000dcc9000
RBP=0x00000000101df2b0 is pointing into the stack for thread: 0x000000000dcc9000
RSI=0x000000000000001a is an unknown value
RDI=0x0000000000000007 is an unknown value
R8 =0x0000000000000008 is an unknown value
R9 =0x00000001803e6a40 is an unknown value
R10=0x000000000209237c is an Interpreter codelet
method entry point (kind = native)  [0x0000000002092100, 0x0000000002092980]  2176 bytes
R11=0x000000006b869860 is an unknown value
R12=0x0000000000000000 is an unknown value
R13=0x000000077f6e9f40 is an oop
{method} 
 - klass: {other class}
R14=0x00000000101df2e8 is pointing into the stack for thread: 0x000000000dcc9000
R15=0x000000000dcc9000 is a thread


Stack: [0x00000000100e0000,0x00000000101e0000],  sp=0x00000000101df228,  free space=1020k
Native frames: (J=compiled Java code, j=interpreted, Vv=VM code, C=native code)
C  [ig75icd64.dll+0x3e6a6b]  DllMain+0x54aab
j  jogamp.opengl.gl4.GL4bcImpl.glDepthMask(Z)V+34
j  processing.opengl.PGL.depthMask(Z)V+4
j  processing.opengl.PGraphicsOpenGL.backgroundImpl()V+8
j  processing.core.PGraphics.backgroundFromCalc()V+122
j  processing.core.PGraphics.background(I)V+6
j  processing.core.PGraphics.reapplySettings()V+190
j  processing.opengl.PGraphicsOpenGL.setSize(II)V+15
j  processing.core.PApplet.resizeRenderer(II)V+90
j  processing.core.PApplet.run()V+162
j  java.lang.Thread.run()V+11
v  ~StubRoutines::call_stub
V  [jvm.dll+0x1a6844]

Java frames: (J=compiled Java code, j=interpreted, Vv=VM code)
j  jogamp.opengl.gl4.GL4bcImpl.dispatch_glDepthMask1(ZJ)V+0
j  jogamp.opengl.gl4.GL4bcImpl.glDepthMask(Z)V+34
j  processing.opengl.PGL.depthMask(Z)V+4
j  processing.opengl.PGraphicsOpenGL.backgroundImpl()V+8
j  processing.core.PGraphics.backgroundFromCalc()V+122
j  processing.core.PGraphics.background(I)V+6
j  processing.core.PGraphics.reapplySettings()V+190
j  processing.opengl.PGraphicsOpenGL.setSize(II)V+15
j  processing.core.PApplet.resizeRenderer(II)V+90
j  processing.core.PApplet.run()V+162
j  java.lang.Thread.run()V+11
v  ~StubRoutines::call_stub

---------------  P R O C E S S  ---------------

Java Threads: ( => current thread )
  0x000000000f1ca000 JavaThread "Animation Thread-SharedResourceRunner" daemon [_thread_blocked, id=2564, stack(0x0000000010570000,0x0000000010670000)]
=>0x000000000dcc9000 JavaThread "Animation Thread" [_thread_in_native, id=1848, stack(0x00000000100e0000,0x00000000101e0000)]
  0x0000000001dfe000 JavaThread "DestroyJavaVM" [_thread_blocked, id=5128, stack(0x0000000001e80000,0x0000000001f80000)]
  0x000000000dc3d800 JavaThread "Animation Thread" [_thread_blocked, id=6524, stack(0x000000000f9f0000,0x000000000faf0000)]
  0x000000000dbe1000 JavaThread "Image Fetcher 1" daemon [_thread_blocked, id=5220, stack(0x000000000eff0000,0x000000000f0f0000)]
  0x000000000dba4800 JavaThread "Image Fetcher 0" daemon [_thread_blocked, id=5304, stack(0x000000000eef0000,0x000000000eff0000)]
  0x000000000dae7800 JavaThread "AWT-EventQueue-0" [_thread_blocked, id=5572, stack(0x000000000e600000,0x000000000e700000)]
  0x000000000dad7000 JavaThread "AWT-Windows" daemon [_thread_in_native, id=4964, stack(0x000000000e500000,0x000000000e600000)]
  0x000000000d9a1800 JavaThread "AWT-Shutdown" [_thread_blocked, id=6352, stack(0x000000000e400000,0x000000000e500000)]
  0x000000000d9a0800 JavaThread "Java2D Disposer" daemon [_thread_blocked, id=7096, stack(0x000000000e300000,0x000000000e400000)]
  0x000000000b2d7000 JavaThread "Service Thread" daemon [_thread_blocked, id=6300, stack(0x000000000d6f0000,0x000000000d7f0000)]
  0x000000000b2d2000 JavaThread "C2 CompilerThread1" daemon [_thread_blocked, id=4476, stack(0x000000000d5f0000,0x000000000d6f0000)]
  0x000000000b2cb000 JavaThread "C2 CompilerThread0" daemon [_thread_blocked, id=4544, stack(0x000000000d4f0000,0x000000000d5f0000)]
  0x000000000b2ca000 JavaThread "Attach Listener" daemon [_thread_blocked, id=5240, stack(0x000000000d3f0000,0x000000000d4f0000)]
  0x000000000b2c5000 JavaThread "Signal Dispatcher" daemon [_thread_blocked, id=6044, stack(0x000000000d2f0000,0x000000000d3f0000)]
  0x000000000b25f000 JavaThread "Finalizer" daemon [_thread_blocked, id=296, stack(0x000000000d1f0000,0x000000000d2f0000)]
  0x000000000b257800 JavaThread "Reference Handler" daemon [_thread_blocked, id=4000, stack(0x000000000d0f0000,0x000000000d1f0000)]

Other Threads:
  0x000000000b252000 VMThread [stack: 0x000000000cff0000,0x000000000d0f0000] [id=1584]
  0x000000000b2f1800 WatcherThread [stack: 0x000000000d7f0000,0x000000000d8f0000] [id=7060]

VM state:not at safepoint (normal execution)

VM Mutex/Monitor currently owned by a thread: None

Heap
 PSYoungGen      total 37120K, used 16304K [0x00000007d6960000, 0x00000007d92c0000, 0x0000000800000000)
  eden space 31872K, 34% used [0x00000007d6960000,0x00000007d742f968,0x00000007d8880000)
  from space 5248K, 99% used [0x00000007d8da0000,0x00000007d92bc840,0x00000007d92c0000)
  to   space 5248K, 0% used [0x00000007d8880000,0x00000007d8880000,0x00000007d8da0000)
 ParOldGen       total 84800K, used 10811K [0x0000000783c00000, 0x0000000788ed0000, 0x00000007d6960000)
  object space 84800K, 12% used [0x0000000783c00000,0x000000078468ee18,0x0000000788ed0000)
 PSPermGen       total 21248K, used 16430K [0x000000077ea00000, 0x000000077fec0000, 0x0000000783c00000)
  object space 21248K, 77% used [0x000000077ea00000,0x000000077fa0b820,0x000000077fec0000)

Card table byte_map: [0x0000000005140000,0x0000000005550000] byte_map_base: 0x000000000154b000

Polling page: 0x0000000001da0000

Code Cache  [0x0000000002080000, 0x00000000022f0000, 0x0000000005080000)
 total_blobs=888 nmethods=143 adapters=696 free_code_cache=48168Kb largest_free_block=49294016

Compilation events (10 events):
Event: 4.347 Thread 0x000000000b2d2000 nmethod 17% 0x0000000002169e50 code [0x0000000002169fe0, 0x000000000216a2e8]
Event: 4.347 Thread 0x000000000b2d2000  123             system.ChunkSystem::locationFromChunk (92 bytes)
Event: 4.350 Thread 0x000000000b2d2000 nmethod 123 0x0000000002171390 code [0x0000000002171500, 0x0000000002171808]
Event: 4.364 Thread 0x000000000b2cb000 nmethod 16% 0x0000000002174250 code [0x0000000002174540, 0x0000000002175eb0]
Event: 4.398 Thread 0x000000000b2d2000  124   !         java.io.BufferedReader::readLine (304 bytes)
Event: 4.398 Thread 0x000000000b2cb000  125             sun.nio.cs.UTF_8$Decoder::decodeArrayLoop (543 bytes)
Event: 4.432 Thread 0x000000000b2cb000 nmethod 125 0x0000000002172750 code [0x00000000021729a0, 0x00000000021735d8]
Event: 4.437 Thread 0x000000000b2d2000 nmethod 124 0x0000000002178650 code [0x0000000002178800, 0x0000000002179e58]
Event: 4.448 Thread 0x000000000b2cb000   18 %           processing.opengl.PGL::nativeToJavaARGB @ 101 (339 bytes)
Event: 4.457 Thread 0x000000000b2cb000 nmethod 18% 0x000000000216a590 code [0x000000000216a6e0, 0x000000000216b1f8]

GC Heap History (4 events):
Event: 3.671 GC heap before
{Heap before GC invocations=1 (full 0):
 PSYoungGen      total 37120K, used 31872K [0x00000007d6960000, 0x00000007d92c0000, 0x0000000800000000)
  eden space 31872K, 100% used [0x00000007d6960000,0x00000007d8880000,0x00000007d8880000)
  from space 5248K, 0% used [0x00000007d8da0000,0x00000007d8da0000,0x00000007d92c0000)
  to   space 5248K, 0% used [0x00000007d8880000,0x00000007d8880000,0x00000007d8da0000)
 ParOldGen       total 84800K, used 0K [0x0000000783c00000, 0x0000000788ed0000, 0x00000007d6960000)
  object space 84800K, 0% used [0x0000000783c00000,0x0000000783c00000,0x0000000788ed0000)
 PSPermGen       total 21248K, used 15810K [0x000000077ea00000, 0x000000077fec0000, 0x0000000783c00000)
  object space 21248K, 74% used [0x000000077ea00000,0x000000077f970910,0x000000077fec0000)
Event: 3.683 GC heap after
Heap after GC invocations=1 (full 0):
 PSYoungGen      total 37120K, used 5245K [0x00000007d6960000, 0x00000007d92c0000, 0x0000000800000000)
  eden space 31872K, 0% used [0x00000007d6960000,0x00000007d6960000,0x00000007d8880000)
  from space 5248K, 99% used [0x00000007d8880000,0x00000007d8d9f6f0,0x00000007d8da0000)
  to   space 5248K, 0% used [0x00000007d8da0000,0x00000007d8da0000,0x00000007d92c0000)
 ParOldGen       total 84800K, used 5671K [0x0000000783c00000, 0x0000000788ed0000, 0x00000007d6960000)
  object space 84800K, 6% used [0x0000000783c00000,0x0000000784189ec0,0x0000000788ed0000)
 PSPermGen       total 21248K, used 15810K [0x000000077ea00000, 0x000000077fec0000, 0x0000000783c00000)
  object space 21248K, 74% used [0x000000077ea00000,0x000000077f970910,0x000000077fec0000)
}
Event: 4.307 GC heap before
{Heap before GC invocations=2 (full 0):
 PSYoungGen      total 37120K, used 37117K [0x00000007d6960000, 0x00000007d92c0000, 0x0000000800000000)
  eden space 31872K, 100% used [0x00000007d6960000,0x00000007d8880000,0x00000007d8880000)
  from space 5248K, 99% used [0x00000007d8880000,0x00000007d8d9f6f0,0x00000007d8da0000)
  to   space 5248K, 0% used [0x00000007d8da0000,0x00000007d8da0000,0x00000007d92c0000)
 ParOldGen       total 84800K, used 5671K [0x0000000783c00000, 0x0000000788ed0000, 0x00000007d6960000)
  object space 84800K, 6% used [0x0000000783c00000,0x0000000784189ec0,0x0000000788ed0000)
 PSPermGen       total 21248K, used 16354K [0x000000077ea00000, 0x000000077fec0000, 0x0000000783c00000)
  object space 21248K, 76% used [0x000000077ea00000,0x000000077f9f8b18,0x000000077fec0000)
Event: 4.313 GC heap after
Heap after GC invocations=2 (full 0):
 PSYoungGen      total 37120K, used 5234K [0x00000007d6960000, 0x00000007d92c0000, 0x0000000800000000)
  eden space 31872K, 0% used [0x00000007d6960000,0x00000007d6960000,0x00000007d8880000)
  from space 5248K, 99% used [0x00000007d8da0000,0x00000007d92bc840,0x00000007d92c0000)
  to   space 5248K, 0% used [0x00000007d8880000,0x00000007d8880000,0x00000007d8da0000)
 ParOldGen       total 84800K, used 10811K [0x0000000783c00000, 0x0000000788ed0000, 0x00000007d6960000)
  object space 84800K, 12% used [0x0000000783c00000,0x000000078468ee18,0x0000000788ed0000)
 PSPermGen       total 21248K, used 16354K [0x000000077ea00000, 0x000000077fec0000, 0x0000000783c00000)
  object space 21248K, 76% used [0x000000077ea00000,0x000000077f9f8b18,0x000000077fec0000)
}

Deoptimization events (10 events):
Event: 3.727 Thread 0x000000000f1ca000 Uncommon trap -83 fr.pc 0x0000000002143b44
Event: 3.947 Thread 0x000000000dae7800 Uncommon trap -83 fr.pc 0x0000000002146854
Event: 4.354 Thread 0x000000000dae7800 Uncommon trap -34 fr.pc 0x0000000002148100
Event: 4.354 Thread 0x000000000dae7800 Uncommon trap -34 fr.pc 0x0000000002147ec4
Event: 4.354 Thread 0x000000000dae7800 Uncommon trap -34 fr.pc 0x0000000002148100
Event: 4.354 Thread 0x000000000dae7800 Uncommon trap -34 fr.pc 0x0000000002147ec4
Event: 4.397 Thread 0x000000000dae7800 Uncommon trap -34 fr.pc 0x0000000002148100
Event: 4.397 Thread 0x000000000dae7800 Uncommon trap -34 fr.pc 0x0000000002147ec4
Event: 4.398 Thread 0x000000000dae7800 Uncommon trap -34 fr.pc 0x0000000002148100
Event: 4.398 Thread 0x000000000dae7800 Uncommon trap -34 fr.pc 0x0000000002147ec4

Internal exceptions (10 events):
Event: 4.279 Thread 0x000000000dae7800 Threw 0x00000007d7fa0298 at C:\jdk7u2_64p\jdk7u25\hotspot\src\share\vm\prims\jvm.cpp:1235
Event: 4.299 Thread 0x000000000dae7800 Threw 0x00000007d85439a0 at C:\jdk7u2_64p\jdk7u25\hotspot\src\share\vm\prims\jvm.cpp:1235
Event: 4.300 Thread 0x000000000dae7800 Threw 0x00000007d8545620 at C:\jdk7u2_64p\jdk7u25\hotspot\src\share\vm\prims\jvm.cpp:1235
Event: 4.318 Thread 0x000000000dae7800 Threw 0x00000007d6d592f8 at C:\jdk7u2_64p\jdk7u25\hotspot\src\share\vm\prims\jvm.cpp:1235
Event: 4.319 Thread 0x000000000dae7800 Threw 0x00000007d6d5c7c0 at C:\jdk7u2_64p\jdk7u25\hotspot\src\share\vm\prims\jvm.cpp:1235
Event: 4.325 Thread 0x000000000dae7800 Threw 0x00000007d6dea130 at C:\jdk7u2_64p\jdk7u25\hotspot\src\share\vm\prims\jvm.cpp:1235
Event: 4.328 Thread 0x000000000dae7800 Threw 0x00000007d6e1c2b0 at C:\jdk7u2_64p\jdk7u25\hotspot\src\share\vm\prims\jvm.cpp:1235
Event: 4.329 Thread 0x000000000dae7800 Threw 0x00000007d6e1f558 at C:\jdk7u2_64p\jdk7u25\hotspot\src\share\vm\prims\jvm.cpp:1235
Event: 4.330 Thread 0x000000000dae7800 Threw 0x00000007d6e51e88 at C:\jdk7u2_64p\jdk7u25\hotspot\src\share\vm\prims\jvm.cpp:1235
Event: 4.353 Thread 0x000000000dae7800 Threw 0x00000007d6e7b2d8 at C:\jdk7u2_64p\jdk7u25\hotspot\src\share\vm\prims\jvm.cpp:1235

Events (10 events):
Event: 4.540 loading class 0x000000000f3ca650
Event: 4.540 loading class 0x000000000f3ca650 done
Event: 4.540 loading class 0x000000000f3ca6d0
Event: 4.540 loading class 0x000000000f3ca6d0 done
Event: 4.540 loading class 0x000000000f3ca710
Event: 4.541 loading class 0x000000000f3ca710 done
Event: 4.541 loading class 0x000000000f3ca7d0
Event: 4.541 loading class 0x000000000f3ca7d0 done
Event: 4.541 loading class 0x000000000f3ca810
Event: 4.541 loading class 0x000000000f3ca810 done


Dynamic libraries:
0x000007f7a0ed0000 - 0x000007f7a0f03000 	C:\Program Files\Java\jre7\bin\javaw.exe
0x000007fa129a0000 - 0x000007fa12b5e000 	C:\windows\SYSTEM32\ntdll.dll
0x000007fa12780000 - 0x000007fa128b7000 	C:\windows\system32\KERNEL32.DLL
0x000007fa0f8f0000 - 0x000007fa0f9e4000 	C:\windows\system32\KERNELBASE.dll
0x000007fa128c0000 - 0x000007fa1299e000 	C:\windows\system32\ADVAPI32.dll
0x000007fa10c70000 - 0x000007fa10dbc000 	C:\windows\system32\USER32.dll
0x000007fa0d260000 - 0x000007fa0d4ca000 	C:\windows\WinSxS\amd64_microsoft.windows.common-controls_6595b64144ccf1df_6.0.9200.16579_none_418ab7ef718b27ef\COMCTL32.dll
0x000007fa126d0000 - 0x000007fa12775000 	C:\windows\system32\msvcrt.dll
0x000007fa10f30000 - 0x000007fa10f78000 	C:\windows\SYSTEM32\sechost.dll
0x000007fa111b0000 - 0x000007fa112f5000 	C:\windows\system32\RPCRT4.dll
0x000007fa10410000 - 0x000007fa10551000 	C:\windows\system32\GDI32.dll
0x000007fa10fe0000 - 0x000007fa11019000 	C:\windows\system32\IMM32.DLL
0x000007fa11020000 - 0x000007fa11136000 	C:\windows\system32\MSCTF.dll
0x000000006c440000 - 0x000000006c511000 	C:\Program Files\Java\jre7\bin\msvcr100.dll
0x000000006b6b0000 - 0x000000006bdbf000 	C:\Program Files\Java\jre7\bin\server\jvm.dll
0x000007fa040d0000 - 0x000007fa040d9000 	C:\windows\SYSTEM32\WSOCK32.dll
0x000007fa09920000 - 0x000007fa09940000 	C:\windows\SYSTEM32\WINMM.dll
0x000007fa10400000 - 0x000007fa10407000 	C:\windows\system32\PSAPI.DLL
0x000007fa0fd90000 - 0x000007fa0fde8000 	C:\windows\system32\WS2_32.dll
0x000007fa098e0000 - 0x000007fa09913000 	C:\windows\SYSTEM32\WINMMBASE.dll
0x000007fa103f0000 - 0x000007fa103f9000 	C:\windows\system32\NSI.dll
0x000007fa0f9f0000 - 0x000007fa0fa3f000 	C:\windows\SYSTEM32\cfgmgr32.dll
0x000007fa0fa40000 - 0x000007fa0fa62000 	C:\windows\system32\DEVOBJ.dll
0x000000006cdc0000 - 0x000000006cdcf000 	C:\Program Files\Java\jre7\bin\verify.dll
0x000000006c410000 - 0x000000006c438000 	C:\Program Files\Java\jre7\bin\java.dll
0x000000006c3f0000 - 0x000000006c405000 	C:\Program Files\Java\jre7\bin\zip.dll
0x000000006b4e0000 - 0x000000006b675000 	C:\Program Files\Java\jre7\bin\awt.dll
0x000007fa0fdf0000 - 0x000007fa0feb3000 	C:\windows\system32\OLEAUT32.dll
0x000007fa10090000 - 0x000007fa10240000 	C:\windows\system32\combase.dll
0x000007fa09940000 - 0x000007fa099df000 	C:\windows\system32\apphelp.dll
0x000007fa0dbb0000 - 0x000007fa0dbd1000 	C:\windows\system32\DWMAPI.DLL
0x000007fa0e6c0000 - 0x000007fa0e7a6000 	C:\windows\system32\uxtheme.dll
0x000007fa10860000 - 0x000007fa109de000 	C:\windows\system32\ole32.dll
0x000007fa0f660000 - 0x000007fa0f66a000 	C:\windows\SYSTEM32\CRYPTBASE.dll
0x000007fa0f600000 - 0x000007fa0f65c000 	C:\windows\SYSTEM32\bcryptPrimitives.dll
0x000000006b4a0000 - 0x000000006b4df000 	C:\Program Files\Java\jre7\bin\fontmanager.dll
0x000000006c3d0000 - 0x000000006c3e9000 	C:\Program Files\Java\jre7\bin\net.dll
0x000007fa0f070000 - 0x000007fa0f0cc000 	C:\windows\system32\mswsock.dll
0x000000006c3b0000 - 0x000000006c3c1000 	C:\Program Files\Java\jre7\bin\nio.dll
0x000000006b450000 - 0x000000006b491000 	C:\Program Files\Java\jre7\bin\t2k.dll
0x000007fa113a0000 - 0x000007fa12680000 	C:\windows\system32\SHELL32.dll
0x000007fa12680000 - 0x000007fa126d0000 	C:\windows\system32\SHLWAPI.dll
0x000007fa0dfd0000 - 0x000007fa0e065000 	C:\windows\SYSTEM32\shcore.dll
0x000007fa0f0d0000 - 0x000007fa0f0ea000 	C:\windows\SYSTEM32\CRYPTSP.dll
0x000007fa0ed70000 - 0x000007fa0edbb000 	C:\windows\system32\rsaenh.dll
0x000007fa0fa70000 - 0x000007fa0fa8f000 	C:\windows\system32\USERENV.dll
0x000007fa0f8d0000 - 0x000007fa0f8e5000 	C:\windows\system32\profapi.dll
0x000007fa02fb0000 - 0x000007fa02fc4000 	C:\windows\system32\napinsp.dll
0x000007fa02fd0000 - 0x000007fa02fe8000 	C:\windows\system32\pnrpnsp.dll
0x000007fa0db50000 - 0x000007fa0db66000 	C:\windows\system32\NLAapi.dll
0x000007fa0eeb0000 - 0x000007fa0ef48000 	C:\windows\SYSTEM32\DNSAPI.dll
0x000007fa02ff0000 - 0x000007fa03002000 	C:\windows\System32\winrnr.dll
0x000007fa03070000 - 0x000007fa03084000 	C:\windows\system32\wshbth.dll
0x000007fa02f70000 - 0x000007fa02f78000 	C:\Windows\System32\rasadhlp.dll
0x000007fa0c8d0000 - 0x000007fa0c8fa000 	C:\windows\SYSTEM32\IPHLPAPI.DLL
0x000007fa0c8c0000 - 0x000007fa0c8ca000 	C:\windows\SYSTEM32\WINNSI.DLL
0x000007fa0c850000 - 0x000007fa0c8b1000 	C:\windows\System32\fwpuclnt.dll
0x00000000637c0000 - 0x00000000637ca000 	C:\Users\Dante\AppData\Local\Temp\jogamp_0000\file_cache\jln239433827068583541\jln1956282138597637828\gluegen-rt.dll
0x000000006c3a0000 - 0x000000006c3a7000 	C:\Program Files\Java\jre7\bin\jawt.dll
0x000000006a440000 - 0x000000006a44b000 	C:\Users\Dante\AppData\Local\Temp\jogamp_0000\file_cache\jln239433827068583541\jln1956282138597637828\nativewindow_awt.dll
0x000000006c100000 - 0x000000006c10b000 	C:\Users\Dante\AppData\Local\Temp\jogamp_0000\file_cache\jln239433827068583541\jln1956282138597637828\nativewindow_win32.dll
0x000007f9fc7f0000 - 0x000007f9fc90f000 	C:\windows\SYSTEM32\OpenGL32.dll
0x000007f9fc7c0000 - 0x000007f9fc7ec000 	C:\windows\SYSTEM32\GLU32.dll
0x000007f9fc6d0000 - 0x000007f9fc7ba000 	C:\windows\SYSTEM32\DDRAW.dll
0x000007f9fdc50000 - 0x000007f9fdc58000 	C:\windows\SYSTEM32\DCIMAN32.dll
0x0000000064500000 - 0x000000006458e000 	C:\Users\Dante\AppData\Local\Temp\jogamp_0000\file_cache\jln239433827068583541\jln1956282138597637828\jogl_desktop.dll
0x0000000180000000 - 0x00000001806d4000 	C:\windows\SYSTEM32\ig75icd64.dll
0x000007fa0aed0000 - 0x000007fa0b302000 	C:\windows\SYSTEM32\igdusc64.dll
0x000007f9ff110000 - 0x000007f9ff273000 	C:\windows\SYSTEM32\dbghelp.dll

VM Arguments:
jvm_args: -Dfile.encoding=Cp1252 
java_command: render.Game
Launcher Type: SUN_STANDARD

Environment Variables:
PATH=C:\Program Files (x86)\Intel\iCLS Client\;C:\Program Files\Intel\iCLS Client\;C:\windows\system32;C:\windows;C:\windows\System32\Wbem;C:\windows\System32\WindowsPowerShell\v1.0\;C:\Program Files\Intel\Intel(R) Management Engine Components\DAL;C:\Program Files\Intel\Intel(R) Management Engine Components\IPT;C:\Program Files (x86)\Intel\Intel(R) Management Engine Components\DAL;C:\Program Files (x86)\Intel\Intel(R) Management Engine Components\IPT;C:\Program Files (x86)\Intel\OpenCL SDK\3.0\bin\x86;C:\Program Files (x86)\Intel\OpenCL SDK\3.0\bin\x64;C:\Program Files\Intel\WiFi\bin\;C:\Program Files\Common Files\Intel\WirelessCommon\;C:\Program Files\Microsoft\Web Platform Installer\;C:\Program Files (x86)\Microsoft ASP.NET\ASP.NET Web Pages\v1.0\;C:\Program Files (x86)\Windows Kits\8.0\Windows Performance Toolkit\;C:\Program Files\Microsoft SQL Server\110\Tools\Binn\
USERNAME=Dante
OS=Windows_NT
PROCESSOR_IDENTIFIER=Intel64 Family 6 Model 60 Stepping 3, GenuineIntel



---------------  S Y S T E M  ---------------

OS: Windows 8 , 64 bit Build 9200 

CPU:total 8 (4 cores per cpu, 2 threads per core) family 6 model 60 stepping 3, cmov, cx8, fxsr, mmx, sse, sse2, sse3, ssse3, sse4.1, sse4.2, popcnt, avx, avx2, ht, tsc, tscinvbit

Memory: 4k page, physical 8134932k(4408832k free), swap 9380116k(5194728k free)

vm_info: Java HotSpot(TM) 64-Bit Server VM (23.25-b01) for windows-amd64 JRE (1.7.0_25-b17), built on Jun 21 2013 12:58:32 by "java_re" with unknown MS VC++:1600

time: Tue Sep 23 22:16:53 2014
elapsed time: 4 seconds

