#
# A fatal error has been detected by the Java Runtime Environment:
#
#  EXCEPTION_ACCESS_VIOLATION (0xc0000005) at pc=0x000007fef310ca04, pid=3944, tid=1396
#
# JRE version: Java(TM) SE Runtime Environment (7.0_45-b18) (build 1.7.0_45-b18)
# Java VM: Java HotSpot(TM) 64-Bit Server VM (24.45-b08 mixed mode windows-amd64 compressed oops)
# Problematic frame:
# C  [OpenGL32.dll+0xdca04]
#
# Failed to write core dump. Minidumps are not enabled by default on client versions of Windows
#
# If you would like to submit a bug report, please visit:
#   http://bugreport.sun.com/bugreport/crash.jsp
# The crash happened outside the Java Virtual Machine in native code.
# See problematic frame for where to report the bug.
#

---------------  T H R E A D  ---------------

Current thread (0x000000000a281800):  JavaThread "Animation Thread" [_thread_in_native, id=1396, stack(0x000000000c460000,0x000000000c560000)]

siginfo: ExceptionCode=0xc0000005, reading address 0x0000000000000698

Registers:
RAX=0x0000000000000000, RBX=0x00000000bb9efe10, RCX=0x0000000000000001, RDX=0x000000000c55f138
RSP=0x000000000c55f078, RBP=0x000000000c55f100, RSI=0x000000000000001a, RDI=0x0000000000000007
R8 =0x0000000000000001, R9 =0x000007fef310c9f0, R10=0x00000000026b2ac4, R11=0x000000006535f900
R12=0x0000000000000000, R13=0x00000000bb9efe10, R14=0x000000000c55f138, R15=0x000000000a281800
RIP=0x000007fef310ca04, EFLAGS=0x0000000000010283

Top of Stack: (sp=0x000000000c55f078)
0x000000000c55f078:   00000000026b2af0 0000000000000000
0x000000000c55f088:   000000000c55f0a0 000000000c55f0f8
0x000000000c55f098:   00000000026a60f8 0000000000000000
0x000000000c55f0a8:   0000000000000000 0000000000000000
0x000000000c55f0b8:   000000000c55f0b8 000000000c55f0c0
0x000000000c55f0c8:   0000000000000000 000000000c55f138
0x000000000c55f0d8:   00000000bbc52010 0000000000000000
0x000000000c55f0e8:   00000000bb9efe10 0000000000000000
0x000000000c55f0f8:   000000000c55f120 000000000c55f180
0x000000000c55f108:   00000000026a60f8 0000000000000000
0x000000000c55f118:   00000000026af0d8 000007fef310c9f0
0x000000000c55f128:   00000000026a62d3 0000000000000001
0x000000000c55f138:   00000000ed4174e8 000000000c55f140
0x000000000c55f148:   00000000bb9efd42 000000000c55f1a8
0x000000000c55f158:   00000000bbc52010 0000000000000000
0x000000000c55f168:   00000000bb9efd50 000000000c55f120 

Instructions: (pc=0x000007fef310ca04)
0x000007fef310c9e4:   cc cc cc cc cc cc 66 0f 1f 44 00 00 8b 05 d6 18
0x000007fef310c9f4:   01 00 83 f8 40 73 0f 65 48 8b 04 c5 80 14 00 00
0x000007fef310ca04:   ff a0 98 06 00 00 b8 d3 00 00 00 e9 ac e1 ff ff
0x000007fef310ca14:   cc cc cc cc cc cc 66 0f 1f 44 00 00 8b 05 a6 18 


Register to memory mapping:

RAX=0x0000000000000000 is an unknown value
RBX=0x00000000bb9efe10 is an oop
{method} 
 - klass: {other class}
RCX=0x0000000000000001 is an unknown value
RDX=0x000000000c55f138 is pointing into the stack for thread: 0x000000000a281800
RSP=0x000000000c55f078 is pointing into the stack for thread: 0x000000000a281800
RBP=0x000000000c55f100 is pointing into the stack for thread: 0x000000000a281800
RSI=0x000000000000001a is an unknown value
RDI=0x0000000000000007 is an unknown value
R8 =0x0000000000000001 is an unknown value
R9 =0x000007fef310c9f0 is an unknown value
R10=0x00000000026b2ac4 is at code_begin+644 in an Interpreter codelet
method entry point (kind = native)  [0x00000000026b2840, 0x00000000026b30e0]  2208 bytes
R11=0x000000006535f900 is an unknown value
R12=0x0000000000000000 is an unknown value
R13=0x00000000bb9efe10 is an oop
{method} 
 - klass: {other class}
R14=0x000000000c55f138 is pointing into the stack for thread: 0x000000000a281800
R15=0x000000000a281800 is a thread


Stack: [0x000000000c460000,0x000000000c560000],  sp=0x000000000c55f078,  free space=1020k
Native frames: (J=compiled Java code, j=interpreted, Vv=VM code, C=native code)
C  [OpenGL32.dll+0xdca04]
j  jogamp.opengl.gl4.GL4bcImpl.glDepthMask(Z)V+34
j  processing.opengl.PGL.depthMask(Z)V+4
j  processing.opengl.PGraphicsOpenGL.backgroundImpl()V+8
j  processing.core.PGraphics.backgroundFromCalc()V+122
j  processing.core.PGraphics.background(I)V+6
j  processing.core.PGraphics.reapplySettings()V+190
j  processing.opengl.PGraphicsOpenGL.setSize(II)V+15
j  processing.core.PApplet.resizeRenderer(II)V+90
j  processing.core.PApplet.run()V+162
j  java.lang.Thread.run()V+11
v  ~StubRoutines::call_stub
V  [jvm.dll+0x1cb0c3]

Java frames: (J=compiled Java code, j=interpreted, Vv=VM code)
j  jogamp.opengl.gl4.GL4bcImpl.dispatch_glDepthMask1(ZJ)V+0
j  jogamp.opengl.gl4.GL4bcImpl.glDepthMask(Z)V+34
j  processing.opengl.PGL.depthMask(Z)V+4
j  processing.opengl.PGraphicsOpenGL.backgroundImpl()V+8
j  processing.core.PGraphics.backgroundFromCalc()V+122
j  processing.core.PGraphics.background(I)V+6
j  processing.core.PGraphics.reapplySettings()V+190
j  processing.opengl.PGraphicsOpenGL.setSize(II)V+15
j  processing.core.PApplet.resizeRenderer(II)V+90
j  processing.core.PApplet.run()V+162
j  java.lang.Thread.run()V+11
v  ~StubRoutines::call_stub

---------------  P R O C E S S  ---------------

Java Threads: ( => current thread )
  0x000000000efdd000 JavaThread "Animation Thread-SharedResourceRunner" daemon [_thread_blocked, id=3312, stack(0x000000000eca0000,0x000000000eda0000)]
  0x0000000001e7d800 JavaThread "DestroyJavaVM" [_thread_blocked, id=1708, stack(0x00000000025a0000,0x00000000026a0000)]
=>0x000000000a281800 JavaThread "Animation Thread" [_thread_in_native, id=1396, stack(0x000000000c460000,0x000000000c560000)]
  0x000000000a1c9000 JavaThread "D3D Screen Updater" daemon [_thread_blocked, id=1124, stack(0x000000000e870000,0x000000000e970000)]
  0x000000000a1c6000 JavaThread "Animation Thread" [_thread_in_native, id=880, stack(0x000000000e670000,0x000000000e770000)]
  0x000000000a12f000 JavaThread "AWT-EventQueue-0" [_thread_blocked, id=1964, stack(0x000000000d060000,0x000000000d160000)]
  0x000000000a0aa800 JavaThread "AWT-Windows" daemon [_thread_in_native, id=1432, stack(0x0000000009770000,0x0000000009870000)]
  0x000000000a0a7800 JavaThread "AWT-Shutdown" [_thread_blocked, id=2844, stack(0x000000000a590000,0x000000000a690000)]
  0x000000000a0a7000 JavaThread "Java2D Disposer" daemon [_thread_blocked, id=2656, stack(0x000000000a3d0000,0x000000000a4d0000)]
  0x000000000861b800 JavaThread "Service Thread" daemon [_thread_blocked, id=2624, stack(0x0000000009e50000,0x0000000009f50000)]
  0x000000000861b000 JavaThread "C2 CompilerThread1" daemon [_thread_blocked, id=2292, stack(0x0000000009c50000,0x0000000009d50000)]
  0x0000000008603800 JavaThread "C2 CompilerThread0" daemon [_thread_blocked, id=1484, stack(0x0000000009a30000,0x0000000009b30000)]
  0x00000000085fa000 JavaThread "Attach Listener" daemon [_thread_blocked, id=744, stack(0x00000000098b0000,0x00000000099b0000)]
  0x00000000085f8800 JavaThread "Signal Dispatcher" daemon [_thread_blocked, id=2720, stack(0x0000000009650000,0x0000000009750000)]
  0x00000000085a4000 JavaThread "Finalizer" daemon [_thread_blocked, id=852, stack(0x0000000009530000,0x0000000009630000)]
  0x000000000859b000 JavaThread "Reference Handler" daemon [_thread_blocked, id=1108, stack(0x00000000093d0000,0x00000000094d0000)]

Other Threads:
  0x0000000008597000 VMThread [stack: 0x0000000009290000,0x0000000009390000] [id=772]
  0x0000000008635800 WatcherThread [stack: 0x0000000009b50000,0x0000000009c50000] [id=1832]

VM state:not at safepoint (normal execution)

VM Mutex/Monitor currently owned by a thread: None

Heap
 PSYoungGen      total 40448K, used 26219K [0x00000000eaa80000, 0x00000000ed580000, 0x0000000100000000)
  eden space 38912K, 64% used [0x00000000eaa80000,0x00000000ec325b28,0x00000000ed080000)
  from space 1536K, 63% used [0x00000000ed400000,0x00000000ed4f54b0,0x00000000ed580000)
  to   space 2560K, 0% used [0x00000000ed080000,0x00000000ed080000,0x00000000ed300000)
 ParOldGen       total 66048K, used 10203K [0x00000000c0000000, 0x00000000c4080000, 0x00000000eaa80000)
  object space 66048K, 15% used [0x00000000c0000000,0x00000000c09f6d58,0x00000000c4080000)
 PSPermGen       total 29184K, used 15686K [0x00000000bae00000, 0x00000000bca80000, 0x00000000c0000000)
  object space 29184K, 53% used [0x00000000bae00000,0x00000000bbd51b60,0x00000000bca80000)

Card table byte_map: [0x00000000056a0000,0x00000000058d0000] byte_map_base: 0x00000000050c9000

Polling page: 0x0000000000220000

Code Cache  [0x00000000026a0000, 0x0000000002910000, 0x00000000056a0000)
 total_blobs=901 nmethods=148 adapters=706 free_code_cache=48152Kb largest_free_block=49272960

Compilation events (10 events):
Event: 6.530 Thread 0x000000000861b000  143             jogamp.opengl.gl4.GL4bcImpl::glTexSubImage2D (120 bytes)
Event: 6.540 Thread 0x000000000861b000 nmethod 143 0x0000000002793090 code [0x0000000002793280, 0x0000000002793840]
Event: 6.540 Thread 0x000000000861b000  144             com.jogamp.common.nio.Buffers::remainingBytes (219 bytes)
Event: 6.541 Thread 0x000000000861b000 nmethod 144 0x0000000002794810 code [0x0000000002794940, 0x00000000027949b8]
Event: 6.556 Thread 0x0000000008603800 nmethod 140 0x000000000279a610 code [0x000000000279a880, 0x000000000279b958]
Event: 6.625 Thread 0x000000000861b000  146 %           processing.opengl.PGL::nativeToJavaARGB @ 101 (339 bytes)
Event: 6.651 Thread 0x000000000861b000 nmethod 146% 0x0000000002795f90 code [0x00000000027960e0, 0x0000000002796c18]
Event: 6.804 Thread 0x0000000008603800  147             sun.font.TrueTypeGlyphMapper::charsToGlyphsNS (199 bytes)
Event: 6.804 Thread 0x000000000861b000  148             sun.font.FileFontStrike::getGlyphImagePtrs (110 bytes)
Event: 6.814 Thread 0x000000000861b000 nmethod 148 0x0000000002788710 code [0x00000000027888a0, 0x0000000002788e28]

GC Heap History (10 events):
Event: 1.227 GC heap before
{Heap before GC invocations=1 (full 0):
 PSYoungGen      total 19456K, used 16896K [0x00000000eaa80000, 0x00000000ec000000, 0x0000000100000000)
  eden space 16896K, 100% used [0x00000000eaa80000,0x00000000ebb00000,0x00000000ebb00000)
  from space 2560K, 0% used [0x00000000ebd80000,0x00000000ebd80000,0x00000000ec000000)
  to   space 2560K, 0% used [0x00000000ebb00000,0x00000000ebb00000,0x00000000ebd80000)
 ParOldGen       total 43520K, used 0K [0x00000000c0000000, 0x00000000c2a80000, 0x00000000eaa80000)
  object space 43520K, 0% used [0x00000000c0000000,0x00000000c0000000,0x00000000c2a80000)
 PSPermGen       total 21504K, used 9877K [0x00000000bae00000, 0x00000000bc300000, 0x00000000c0000000)
  object space 21504K, 45% used [0x00000000bae00000,0x00000000bb7a5578,0x00000000bc300000)
Event: 1.245 GC heap after
Heap after GC invocations=1 (full 0):
 PSYoungGen      total 19456K, used 2544K [0x00000000eaa80000, 0x00000000ed080000, 0x0000000100000000)
  eden space 16896K, 0% used [0x00000000eaa80000,0x00000000eaa80000,0x00000000ebb00000)
  from space 2560K, 99% used [0x00000000ebb00000,0x00000000ebd7c030,0x00000000ebd80000)
  to   space 2560K, 0% used [0x00000000ece00000,0x00000000ece00000,0x00000000ed080000)
 ParOldGen       total 43520K, used 20081K [0x00000000c0000000, 0x00000000c2a80000, 0x00000000eaa80000)
  object space 43520K, 46% used [0x00000000c0000000,0x00000000c139c630,0x00000000c2a80000)
 PSPermGen       total 21504K, used 9877K [0x00000000bae00000, 0x00000000bc300000, 0x00000000c0000000)
  object space 21504K, 45% used [0x00000000bae00000,0x00000000bb7a5578,0x00000000bc300000)
}
Event: 1.946 GC heap before
{Heap before GC invocations=2 (full 0):
 PSYoungGen      total 19456K, used 19440K [0x00000000eaa80000, 0x00000000ed080000, 0x0000000100000000)
  eden space 16896K, 100% used [0x00000000eaa80000,0x00000000ebb00000,0x00000000ebb00000)
  from space 2560K, 99% used [0x00000000ebb00000,0x00000000ebd7c030,0x00000000ebd80000)
  to   space 2560K, 0% used [0x00000000ece00000,0x00000000ece00000,0x00000000ed080000)
 ParOldGen       total 43520K, used 20081K [0x00000000c0000000, 0x00000000c2a80000, 0x00000000eaa80000)
  object space 43520K, 46% used [0x00000000c0000000,0x00000000c139c630,0x00000000c2a80000)
 PSPermGen       total 21504K, used 14588K [0x00000000bae00000, 0x00000000bc300000, 0x00000000c0000000)
  object space 21504K, 67% used [0x00000000bae00000,0x00000000bbc3f350,0x00000000bc300000)
Event: 1.958 GC heap after
Heap after GC invocations=2 (full 0):
 PSYoungGen      total 36352K, used 2544K [0x00000000eaa80000, 0x00000000ed080000, 0x0000000100000000)
  eden space 33792K, 0% used [0x00000000eaa80000,0x00000000eaa80000,0x00000000ecb80000)
  from space 2560K, 99% used [0x00000000ece00000,0x00000000ed07c050,0x00000000ed080000)
  to   space 2560K, 0% used [0x00000000ecb80000,0x00000000ecb80000,0x00000000ece00000)
 ParOldGen       total 43520K, used 21366K [0x00000000c0000000, 0x00000000c2a80000, 0x00000000eaa80000)
  object space 43520K, 49% used [0x00000000c0000000,0x00000000c14dd810,0x00000000c2a80000)
 PSPermGen       total 21504K, used 14588K [0x00000000bae00000, 0x00000000bc300000, 0x00000000c0000000)
  object space 21504K, 67% used [0x00000000bae00000,0x00000000bbc3f350,0x00000000bc300000)
}
Event: 1.958 GC heap before
{Heap before GC invocations=3 (full 1):
 PSYoungGen      total 36352K, used 2544K [0x00000000eaa80000, 0x00000000ed080000, 0x0000000100000000)
  eden space 33792K, 0% used [0x00000000eaa80000,0x00000000eaa80000,0x00000000ecb80000)
  from space 2560K, 99% used [0x00000000ece00000,0x00000000ed07c050,0x00000000ed080000)
  to   space 2560K, 0% used [0x00000000ecb80000,0x00000000ecb80000,0x00000000ece00000)
 ParOldGen       total 43520K, used 21366K [0x00000000c0000000, 0x00000000c2a80000, 0x00000000eaa80000)
  object space 43520K, 49% used [0x00000000c0000000,0x00000000c14dd810,0x00000000c2a80000)
 PSPermGen       total 21504K, used 14588K [0x00000000bae00000, 0x00000000bc300000, 0x00000000c0000000)
  object space 21504K, 67% used [0x00000000bae00000,0x00000000bbc3f350,0x00000000bc300000)
Event: 2.094 GC heap after
Heap after GC invocations=3 (full 1):
 PSYoungGen      total 36352K, used 0K [0x00000000eaa80000, 0x00000000ed080000, 0x0000000100000000)
  eden space 33792K, 0% used [0x00000000eaa80000,0x00000000eaa80000,0x00000000ecb80000)
  from space 2560K, 0% used [0x00000000ece00000,0x00000000ece00000,0x00000000ed080000)
  to   space 2560K, 0% used [0x00000000ecb80000,0x00000000ecb80000,0x00000000ece00000)
 ParOldGen       total 66048K, used 10203K [0x00000000c0000000, 0x00000000c4080000, 0x00000000eaa80000)
  object space 66048K, 15% used [0x00000000c0000000,0x00000000c09f6d58,0x00000000c4080000)
 PSPermGen       total 29184K, used 14585K [0x00000000bae00000, 0x00000000bca80000, 0x00000000c0000000)
  object space 29184K, 49% used [0x00000000bae00000,0x00000000bbc3e600,0x00000000bca80000)
}
Event: 4.061 GC heap before
{Heap before GC invocations=4 (full 1):
 PSYoungGen      total 36352K, used 33792K [0x00000000eaa80000, 0x00000000ed080000, 0x0000000100000000)
  eden space 33792K, 100% used [0x00000000eaa80000,0x00000000ecb80000,0x00000000ecb80000)
  from space 2560K, 0% used [0x00000000ece00000,0x00000000ece00000,0x00000000ed080000)
  to   space 2560K, 0% used [0x00000000ecb80000,0x00000000ecb80000,0x00000000ece00000)
 ParOldGen       total 66048K, used 10203K [0x00000000c0000000, 0x00000000c4080000, 0x00000000eaa80000)
  object space 66048K, 15% used [0x00000000c0000000,0x00000000c09f6d58,0x00000000c4080000)
 PSPermGen       total 29184K, used 15232K [0x00000000bae00000, 0x00000000bca80000, 0x00000000c0000000)
  object space 29184K, 52% used [0x00000000bae00000,0x00000000bbce01b8,0x00000000bca80000)
Event: 4.079 GC heap after
Heap after GC invocations=4 (full 1):
 PSYoungGen      total 36352K, used 849K [0x00000000eaa80000, 0x00000000ed680000, 0x0000000100000000)
  eden space 33792K, 0% used [0x00000000eaa80000,0x00000000eaa80000,0x00000000ecb80000)
  from space 2560K, 33% used [0x00000000ecb80000,0x00000000ecc54600,0x00000000ece00000)
  to   space 2560K, 0% used [0x00000000ed400000,0x00000000ed400000,0x00000000ed680000)
 ParOldGen       total 66048K, used 10203K [0x00000000c0000000, 0x00000000c4080000, 0x00000000eaa80000)
  object space 66048K, 15% used [0x00000000c0000000,0x00000000c09f6d58,0x00000000c4080000)
 PSPermGen       total 29184K, used 15232K [0x00000000bae00000, 0x00000000bca80000, 0x00000000c0000000)
  object space 29184K, 52% used [0x00000000bae00000,0x00000000bbce01b8,0x00000000bca80000)
}
Event: 6.021 GC heap before
{Heap before GC invocations=5 (full 1):
 PSYoungGen      total 36352K, used 34641K [0x00000000eaa80000, 0x00000000ed680000, 0x0000000100000000)
  eden space 33792K, 100% used [0x00000000eaa80000,0x00000000ecb80000,0x00000000ecb80000)
  from space 2560K, 33% used [0x00000000ecb80000,0x00000000ecc54600,0x00000000ece00000)
  to   space 2560K, 0% used [0x00000000ed400000,0x00000000ed400000,0x00000000ed680000)
 ParOldGen       total 66048K, used 10203K [0x00000000c0000000, 0x00000000c4080000, 0x00000000eaa80000)
  object space 66048K, 15% used [0x00000000c0000000,0x00000000c09f6d58,0x00000000c4080000)
 PSPermGen       total 29184K, used 15595K [0x00000000bae00000, 0x00000000bca80000, 0x00000000c0000000)
  object space 29184K, 53% used [0x00000000bae00000,0x00000000bbd3ac80,0x00000000bca80000)
Event: 6.025 GC heap after
Heap after GC invocations=5 (full 1):
 PSYoungGen      total 40448K, used 981K [0x00000000eaa80000, 0x00000000ed580000, 0x0000000100000000)
  eden space 38912K, 0% used [0x00000000eaa80000,0x00000000eaa80000,0x00000000ed080000)
  from space 1536K, 63% used [0x00000000ed400000,0x00000000ed4f54b0,0x00000000ed580000)
  to   space 2560K, 0% used [0x00000000ed080000,0x00000000ed080000,0x00000000ed300000)
 ParOldGen       total 66048K, used 10203K [0x00000000c0000000, 0x00000000c4080000, 0x00000000eaa80000)
  object space 66048K, 15% used [0x00000000c0000000,0x00000000c09f6d58,0x00000000c4080000)
 PSPermGen       total 29184K, used 15595K [0x00000000bae00000, 0x00000000bca80000, 0x00000000c0000000)
  object space 29184K, 53% used [0x00000000bae00000,0x00000000bbd3ac80,0x00000000bca80000)
}

Deoptimization events (10 events):
Event: 3.324 Thread 0x000000000efdd000 Uncommon trap: reason=unreached action=reinterpret pc=0x0000000002785198 method=java.lang.Class.searchFields([Ljava/lang/reflect/Field;Ljava/lang/String;)Ljava/lang/reflect/Field; @ 23
Event: 6.551 Thread 0x000000000a12f000 Uncommon trap: reason=unreached action=reinterpret pc=0x000000000278a480 method=com.jogamp.common.util.IntIntHashMap.get(I)I @ 19
Event: 6.782 Thread 0x000000000a12f000 Uncommon trap: reason=class_check action=maybe_recompile pc=0x0000000002789800 method=com.jogamp.common.nio.Buffers.isDirect(Ljava/lang/Object;)Z @ 13
Event: 6.782 Thread 0x000000000a12f000 Uncommon trap: reason=class_check action=maybe_recompile pc=0x000000000278c444 method=com.jogamp.common.nio.Buffers.getDirectBufferByteOffset(Ljava/lang/Object;)I @ 7
Event: 6.782 Thread 0x000000000a12f000 Uncommon trap: reason=class_check action=maybe_recompile pc=0x0000000002789800 method=com.jogamp.common.nio.Buffers.isDirect(Ljava/lang/Object;)Z @ 13
Event: 6.782 Thread 0x000000000a12f000 Uncommon trap: reason=class_check action=maybe_recompile pc=0x000000000278c444 method=com.jogamp.common.nio.Buffers.getDirectBufferByteOffset(Ljava/lang/Object;)I @ 7
Event: 6.783 Thread 0x000000000a12f000 Uncommon trap: reason=class_check action=maybe_recompile pc=0x0000000002789800 method=com.jogamp.common.nio.Buffers.isDirect(Ljava/lang/Object;)Z @ 13
Event: 6.783 Thread 0x000000000a12f000 Uncommon trap: reason=class_check action=maybe_recompile pc=0x000000000278c444 method=com.jogamp.common.nio.Buffers.getDirectBufferByteOffset(Ljava/lang/Object;)I @ 7
Event: 6.783 Thread 0x000000000a12f000 Uncommon trap: reason=class_check action=maybe_recompile pc=0x0000000002789800 method=com.jogamp.common.nio.Buffers.isDirect(Ljava/lang/Object;)Z @ 13
Event: 6.783 Thread 0x000000000a12f000 Uncommon trap: reason=class_check action=maybe_recompile pc=0x000000000278c444 method=com.jogamp.common.nio.Buffers.getDirectBufferByteOffset(Ljava/lang/Object;)I @ 7

Internal exceptions (10 events):
Event: 5.882 Thread 0x000000000a281800 Threw 0x00000000ec7e4a78 at C:\re\jdk7u45\229\hotspot\src\share\vm\prims\jvm.cpp:1244
Event: 5.883 Thread 0x000000000a281800 Threw 0x00000000ec7e7c08 at C:\re\jdk7u45\229\hotspot\src\share\vm\prims\jvm.cpp:1244
Event: 5.883 Thread 0x000000000a281800 Threw 0x00000000ec7ecf00 at C:\re\jdk7u45\229\hotspot\src\share\vm\prims\jvm.cpp:1244
Event: 5.884 Thread 0x000000000a281800 Threw 0x00000000ec7f2098 at C:\re\jdk7u45\229\hotspot\src\share\vm\prims\jvm.cpp:1244
Event: 5.885 Thread 0x000000000a281800 Threw 0x00000000ec860650 at C:\re\jdk7u45\229\hotspot\src\share\vm\prims\jvm.cpp:1244
Event: 5.885 Thread 0x000000000a281800 Threw 0x00000000ec8642a8 at C:\re\jdk7u45\229\hotspot\src\share\vm\prims\jvm.cpp:1244
Event: 5.886 Thread 0x000000000a281800 Threw 0x00000000ec867010 at C:\re\jdk7u45\229\hotspot\src\share\vm\prims\jvm.cpp:1244
Event: 5.889 Thread 0x000000000a281800 Threw 0x00000000ec86cdc0 at C:\re\jdk7u45\229\hotspot\src\share\vm\runtime\reflection.cpp:1030
Event: 6.017 Thread 0x000000000a12f000 Threw 0x00000000eb633c50 at C:\re\jdk7u45\229\hotspot\src\share\vm\prims\jvm.cpp:1244
Event: 6.548 Thread 0x000000000a12f000 Threw 0x00000000eb5a86c0 at C:\re\jdk7u45\229\hotspot\src\share\vm\prims\jvm.cpp:1244

Events (10 events):
Event: 6.812 loading class 0x0000000009fae9e0
Event: 6.812 loading class 0x0000000009fae9e0 done
Event: 6.812 loading class 0x0000000009faea10
Event: 6.812 loading class 0x0000000009faea10 done
Event: 6.812 loading class 0x0000000009faea40
Event: 6.812 loading class 0x0000000009faea40 done
Event: 6.812 loading class 0x0000000009faea70
Event: 6.812 loading class 0x0000000009faea70 done
Event: 6.822 Executing VM operation: RevokeBias
Event: 6.822 Executing VM operation: RevokeBias done


Dynamic libraries:
0x000000013fd10000 - 0x000000013fd43000 	C:\Program Files\Java\jre7\bin\javaw.exe
0x0000000076e00000 - 0x0000000076fa9000 	C:\Windows\SYSTEM32\ntdll.dll
0x0000000076be0000 - 0x0000000076cff000 	C:\Windows\system32\kernel32.dll
0x000007fefccb0000 - 0x000007fefcd1c000 	C:\Windows\system32\KERNELBASE.dll
0x000007fefd690000 - 0x000007fefd76b000 	C:\Windows\system32\ADVAPI32.dll
0x000007fefe510000 - 0x000007fefe5af000 	C:\Windows\system32\msvcrt.dll
0x000007fefe720000 - 0x000007fefe73f000 	C:\Windows\SYSTEM32\sechost.dll
0x000007fefe7a0000 - 0x000007fefe8cd000 	C:\Windows\system32\RPCRT4.dll
0x0000000076d00000 - 0x0000000076dfa000 	C:\Windows\system32\USER32.dll
0x000007fefee50000 - 0x000007fefeeb7000 	C:\Windows\system32\GDI32.dll
0x000007fefd770000 - 0x000007fefd77e000 	C:\Windows\system32\LPK.dll
0x000007fefe9b0000 - 0x000007fefea79000 	C:\Windows\system32\USP10.dll
0x000007fefb580000 - 0x000007fefb774000 	C:\Windows\WinSxS\amd64_microsoft.windows.common-controls_6595b64144ccf1df_6.0.7601.17514_none_fa396087175ac9ac\COMCTL32.dll
0x000007fefd4a0000 - 0x000007fefd511000 	C:\Windows\system32\SHLWAPI.dll
0x000007fefeb20000 - 0x000007fefeb4e000 	C:\Windows\system32\IMM32.DLL
0x000007fefeb50000 - 0x000007fefec59000 	C:\Windows\system32\MSCTF.dll
0x0000000068630000 - 0x0000000068702000 	C:\Program Files\Java\jre7\bin\msvcr100.dll
0x0000000065180000 - 0x0000000065949000 	C:\Program Files\Java\jre7\bin\server\jvm.dll
0x000007fefae70000 - 0x000007fefae79000 	C:\Windows\system32\WSOCK32.dll
0x000007fefd520000 - 0x000007fefd56d000 	C:\Windows\system32\WS2_32.dll
0x000007fefec60000 - 0x000007fefec68000 	C:\Windows\system32\NSI.dll
0x000007fefa6c0000 - 0x000007fefa6fb000 	C:\Windows\system32\WINMM.dll
0x0000000076fc0000 - 0x0000000076fc7000 	C:\Windows\system32\PSAPI.DLL
0x0000000072530000 - 0x000000007253f000 	C:\Program Files\Java\jre7\bin\verify.dll
0x0000000068760000 - 0x0000000068788000 	C:\Program Files\Java\jre7\bin\java.dll
0x000000006c450000 - 0x000000006c465000 	C:\Program Files\Java\jre7\bin\zip.dll
0x0000000068490000 - 0x0000000068625000 	C:\Program Files\Java\jre7\bin\awt.dll
0x000007fefe8d0000 - 0x000007fefe9a7000 	C:\Windows\system32\OLEAUT32.dll
0x000007fefd000000 - 0x000007fefd203000 	C:\Windows\system32\ole32.dll
0x000007fefafc0000 - 0x000007fefafd8000 	C:\Windows\system32\DWMAPI.DLL
0x000007fefb520000 - 0x000007fefb576000 	C:\Windows\system32\uxtheme.dll
0x000007fefcaa0000 - 0x000007fefcaaf000 	C:\Windows\system32\CRYPTBASE.dll
0x000007fef6a10000 - 0x000007fef6c0f000 	C:\Windows\system32\d3d9.dll
0x000007fefbd00000 - 0x000007fefbd0c000 	C:\Windows\system32\VERSION.dll
0x000007fef68e0000 - 0x000007fef68e7000 	C:\Windows\system32\d3d8thk.dll
0x00000000741b0000 - 0x0000000074278000 	C:\Windows\system32\aticfx64.dll
0x000007fefae20000 - 0x000007fefae2d000 	C:\Windows\system32\atiu9p64.dll
0x0000000063dd0000 - 0x0000000064309000 	C:\Windows\system32\atiumd64.dll
0x0000000064480000 - 0x000000006484a000 	C:\Windows\system32\atiumd6a.dll
0x0000000068440000 - 0x0000000068486000 	C:\Program Files\Java\jre7\bin\fontmanager.dll
0x0000000068420000 - 0x0000000068439000 	C:\Program Files\Java\jre7\bin\net.dll
0x000007fefc3e0000 - 0x000007fefc435000 	C:\Windows\system32\mswsock.dll
0x000007fefc3d0000 - 0x000007fefc3d7000 	C:\Windows\System32\wship6.dll
0x0000000068400000 - 0x0000000068411000 	C:\Program Files\Java\jre7\bin\nio.dll
0x00000000683b0000 - 0x00000000683f1000 	C:\Program Files\Java\jre7\bin\t2k.dll
0x000007fefd780000 - 0x000007fefe508000 	C:\Windows\system32\SHELL32.dll
0x000007fefc440000 - 0x000007fefc457000 	C:\Windows\system32\CRYPTSP.dll
0x000007fefc140000 - 0x000007fefc187000 	C:\Windows\system32\rsaenh.dll
0x000007fefcee0000 - 0x000007fefcefe000 	C:\Windows\system32\USERENV.dll
0x000007fefcc40000 - 0x000007fefcc4f000 	C:\Windows\system32\profapi.dll
0x000007fefa630000 - 0x000007fefa645000 	C:\Windows\system32\NLAapi.dll
0x000007fef87e0000 - 0x000007fef87f5000 	C:\Windows\system32\napinsp.dll
0x000007fef8830000 - 0x000007fef8849000 	C:\Windows\system32\pnrpnsp.dll
0x000007fefc260000 - 0x000007fefc2bb000 	C:\Windows\system32\DNSAPI.dll
0x000007fef87d0000 - 0x000007fef87db000 	C:\Windows\System32\winrnr.dll
0x000007fefbdd0000 - 0x000007fefbdd7000 	C:\Windows\System32\wshtcpip.dll
0x000007fef8060000 - 0x000007fef8087000 	C:\Windows\system32\IPHLPAPI.DLL
0x000007fef7f40000 - 0x000007fef7f4b000 	C:\Windows\system32\WINNSI.DLL
0x000007fef8ec0000 - 0x000007fef8ec8000 	C:\Windows\system32\rasadhlp.dll
0x000007fef95c0000 - 0x000007fef9613000 	C:\Windows\System32\fwpuclnt.dll
0x00000000637c0000 - 0x00000000637ca000 	C:\Users\datam\AppData\Local\Temp\jogamp_0000\file_cache\jln6512229789150681096\jln1412170440830194247\gluegen-rt.dll
0x000000006fc90000 - 0x000000006fc97000 	C:\Program Files\Java\jre7\bin\jawt.dll
0x000000006a440000 - 0x000000006a44b000 	C:\Users\datam\AppData\Local\Temp\jogamp_0000\file_cache\jln6512229789150681096\jln1412170440830194247\nativewindow_awt.dll
0x000000006c100000 - 0x000000006c10b000 	C:\Users\datam\AppData\Local\Temp\jogamp_0000\file_cache\jln6512229789150681096\jln1412170440830194247\nativewindow_win32.dll
0x000007fef3030000 - 0x000007fef314d000 	C:\Windows\system32\OpenGL32.dll
0x000007fef90c0000 - 0x000007fef90ed000 	C:\Windows\system32\GLU32.dll
0x000007fef3d00000 - 0x000007fef3df1000 	C:\Windows\system32\DDRAW.dll
0x000007fefadf0000 - 0x000007fefadf8000 	C:\Windows\system32\DCIMAN32.dll
0x000007fefec70000 - 0x000007fefee47000 	C:\Windows\system32\SETUPAPI.dll
0x000007fefcfb0000 - 0x000007fefcfe6000 	C:\Windows\system32\CFGMGR32.dll
0x000007fefcc80000 - 0x000007fefcc9a000 	C:\Windows\system32\DEVOBJ.dll
0x000000000ab80000 - 0x000000000ac0e000 	C:\Users\datam\AppData\Local\Temp\jogamp_0000\file_cache\jln6512229789150681096\jln1412170440830194247\jogl_desktop.dll
0x000007fefade0000 - 0x000007fefade8000 	C:\Windows\system32\atig6pxx.dll
0x0000000011970000 - 0x0000000012fbb000 	C:\Windows\system32\atio6axx.dll
0x000007fefadd0000 - 0x000007fefadde000 	C:\Windows\system32\atig6txx.dll
0x0000000180000000 - 0x000000018005d000 	C:\Windows\system32\atiadlxx.dll
0x000007fefbe90000 - 0x000007fefbea1000 	C:\Windows\system32\WTSAPI32.dll
0x000007fefcea0000 - 0x000007fefceda000 	C:\Windows\system32\WINTRUST.dll
0x000007fefcd20000 - 0x000007fefce8c000 	C:\Windows\system32\CRYPT32.dll
0x000007fefcc50000 - 0x000007fefcc5f000 	C:\Windows\system32\MSASN1.dll
0x000007fef0170000 - 0x000007fef0295000 	C:\Windows\system32\dbghelp.dll

VM Arguments:
jvm_args: -Dfile.encoding=Cp1252 
java_command: render.Main
Launcher Type: SUN_STANDARD

Environment Variables:
PATH=C:/Program Files (x86)/Java/jre7/bin/client;C:/Program Files (x86)/Java/jre7/bin;C:/Program Files (x86)/Java/jre7/lib/i386;C:\Windows\system32;C:\Windows;C:\Windows\System32\Wbem;C:\Windows\System32\WindowsPowerShell\v1.0\;C:\Program Files (x86)\Lua\5.1;C:\Program Files (x86)\Lua\5.1\clibs;C:\Program Files\processing-2.2.1;C:\eclipse;
USERNAME=datam
OS=Windows_NT
PROCESSOR_IDENTIFIER=AMD64 Family 16 Model 2 Stepping 3, AuthenticAMD



---------------  S Y S T E M  ---------------

OS: Windows 7 , 64 bit Build 7601 Service Pack 1

CPU:total 3 (3 cores per cpu, 1 threads per core) family 16 model 2 stepping 3, cmov, cx8, fxsr, mmx, sse, sse2, sse3, popcnt, mmxext, 3dnowpref, lzcnt, sse4a, tsc, tscinvbit, tscinv

Memory: 4k page, physical 4192760k(2343888k free), swap 8383656k(6160408k free)

vm_info: Java HotSpot(TM) 64-Bit Server VM (24.45-b08) for windows-amd64 JRE (1.7.0_45-b18), built on Oct  8 2013 05:47:22 by "java_re" with unknown MS VC++:1600

time: Fri Aug 22 11:01:07 2014
elapsed time: 6 seconds

