#
# A fatal error has been detected by the Java Runtime Environment:
#
#  EXCEPTION_ACCESS_VIOLATION (0xc0000005) at pc=0x000007fef047ca04, pid=2716, tid=3812
#
# JRE version: Java(TM) SE Runtime Environment (7.0_45-b18) (build 1.7.0_45-b18)
# Java VM: Java HotSpot(TM) 64-Bit Server VM (24.45-b08 mixed mode windows-amd64 compressed oops)
# Problematic frame:
# C  [OpenGL32.dll+0xdca04]
#
# Failed to write core dump. Minidumps are not enabled by default on client versions of Windows
#
# If you would like to submit a bug report, please visit:
#   http://bugreport.sun.com/bugreport/crash.jsp
# The crash happened outside the Java Virtual Machine in native code.
# See problematic frame for where to report the bug.
#

---------------  T H R E A D  ---------------

Current thread (0x000000000f02f000):  JavaThread "Animation Thread" [_thread_in_native, id=3812, stack(0x0000000011470000,0x0000000011570000)]

siginfo: ExceptionCode=0xc0000005, reading address 0x0000000000000698

Registers:
RAX=0x0000000000000000, RBX=0x00000000bbaa7760, RCX=0x0000000000000001, RDX=0x000000001156ec98
RSP=0x000000001156ebd8, RBP=0x000000001156ec60, RSI=0x000000000000001a, RDI=0x0000000000000007
R8 =0x0000000000000001, R9 =0x000007fef047c9f0, R10=0x00000000024a2ac4, R11=0x000000006157f900
R12=0x0000000000000000, R13=0x00000000bbaa7760, R14=0x000000001156ec98, R15=0x000000000f02f000
RIP=0x000007fef047ca04, EFLAGS=0x0000000000010283

Top of Stack: (sp=0x000000001156ebd8)
0x000000001156ebd8:   00000000024a2af0 0000000000000000
0x000000001156ebe8:   000000001156ec00 000000001156ec58
0x000000001156ebf8:   00000000024960f8 0000000000000000
0x000000001156ec08:   0000000000000000 0000000000000000
0x000000001156ec18:   000000001156ec18 000000001156ec20
0x000000001156ec28:   0000000000000000 000000001156ec98
0x000000001156ec38:   00000000bbc60590 0000000000000000
0x000000001156ec48:   00000000bbaa7760 0000000000000000
0x000000001156ec58:   000000001156ec80 000000001156ece0
0x000000001156ec68:   00000000024960f8 0000000000000000
0x000000001156ec78:   000000000249f0d8 000007fef047c9f0
0x000000001156ec88:   00000000024962d3 0000000000000001
0x000000001156ec98:   00000000ebbc6328 000000001156eca0
0x000000001156eca8:   00000000bbaa7692 000000001156ed08
0x000000001156ecb8:   00000000bbc60590 0000000000000000
0x000000001156ecc8:   00000000bbaa76a0 000000001156ec80 

Instructions: (pc=0x000007fef047ca04)
0x000007fef047c9e4:   cc cc cc cc cc cc 66 0f 1f 44 00 00 8b 05 d6 18
0x000007fef047c9f4:   01 00 83 f8 40 73 0f 65 48 8b 04 c5 80 14 00 00
0x000007fef047ca04:   ff a0 98 06 00 00 b8 d3 00 00 00 e9 ac e1 ff ff
0x000007fef047ca14:   cc cc cc cc cc cc 66 0f 1f 44 00 00 8b 05 a6 18 


Register to memory mapping:

RAX=0x0000000000000000 is an unknown value
RBX=0x00000000bbaa7760 is an oop
{method} 
 - klass: {other class}
RCX=0x0000000000000001 is an unknown value
RDX=0x000000001156ec98 is pointing into the stack for thread: 0x000000000f02f000
RSP=0x000000001156ebd8 is pointing into the stack for thread: 0x000000000f02f000
RBP=0x000000001156ec60 is pointing into the stack for thread: 0x000000000f02f000
RSI=0x000000000000001a is an unknown value
RDI=0x0000000000000007 is an unknown value
R8 =0x0000000000000001 is an unknown value
R9 =0x000007fef047c9f0 is an unknown value
R10=0x00000000024a2ac4 is at code_begin+644 in an Interpreter codelet
method entry point (kind = native)  [0x00000000024a2840, 0x00000000024a30e0]  2208 bytes
R11=0x000000006157f900 is an unknown value
R12=0x0000000000000000 is an unknown value
R13=0x00000000bbaa7760 is an oop
{method} 
 - klass: {other class}
R14=0x000000001156ec98 is pointing into the stack for thread: 0x000000000f02f000
R15=0x000000000f02f000 is a thread


Stack: [0x0000000011470000,0x0000000011570000],  sp=0x000000001156ebd8,  free space=1018k
Native frames: (J=compiled Java code, j=interpreted, Vv=VM code, C=native code)
C  [OpenGL32.dll+0xdca04]
j  jogamp.opengl.gl4.GL4bcImpl.glDepthMask(Z)V+34
j  processing.opengl.PGL.depthMask(Z)V+4
j  processing.opengl.PGraphicsOpenGL.backgroundImpl()V+8
j  processing.core.PGraphics.backgroundFromCalc()V+122
j  processing.core.PGraphics.background(I)V+6
j  processing.core.PGraphics.reapplySettings()V+190
j  processing.opengl.PGraphicsOpenGL.setSize(II)V+15
j  processing.core.PApplet.resizeRenderer(II)V+90
j  processing.core.PApplet.run()V+162
j  java.lang.Thread.run()V+11
v  ~StubRoutines::call_stub
V  [jvm.dll+0x1cb0c3]

Java frames: (J=compiled Java code, j=interpreted, Vv=VM code)
j  jogamp.opengl.gl4.GL4bcImpl.dispatch_glDepthMask1(ZJ)V+0
j  jogamp.opengl.gl4.GL4bcImpl.glDepthMask(Z)V+34
j  processing.opengl.PGL.depthMask(Z)V+4
j  processing.opengl.PGraphicsOpenGL.backgroundImpl()V+8
j  processing.core.PGraphics.backgroundFromCalc()V+122
j  processing.core.PGraphics.background(I)V+6
j  processing.core.PGraphics.reapplySettings()V+190
j  processing.opengl.PGraphicsOpenGL.setSize(II)V+15
j  processing.core.PApplet.resizeRenderer(II)V+90
j  processing.core.PApplet.run()V+162
j  java.lang.Thread.run()V+11
v  ~StubRoutines::call_stub

---------------  P R O C E S S  ---------------

Java Threads: ( => current thread )
  0x0000000009f1f800 JavaThread "Animation Thread-SharedResourceRunner" daemon [_thread_blocked, id=3840, stack(0x000000000d7c0000,0x000000000d8c0000)]
=>0x000000000f02f000 JavaThread "Animation Thread" [_thread_in_native, id=3812, stack(0x0000000011470000,0x0000000011570000)]
  0x000000000210d800 JavaThread "DestroyJavaVM" [_thread_blocked, id=3580, stack(0x0000000002390000,0x0000000002490000)]
  0x0000000009f9a000 JavaThread "D3D Screen Updater" daemon [_thread_blocked, id=3848, stack(0x000000000e8f0000,0x000000000e9f0000)]
  0x0000000009f97800 JavaThread "Animation Thread" [_thread_blocked, id=1340, stack(0x000000000e4c0000,0x000000000e5c0000)]
  0x0000000009f1e800 JavaThread "AWT-EventQueue-0" [_thread_blocked, id=3260, stack(0x000000000ce60000,0x000000000cf60000)]
  0x0000000009e5f800 JavaThread "AWT-Windows" daemon [_thread_in_native, id=1168, stack(0x000000000a4d0000,0x000000000a5d0000)]
  0x0000000009e5c800 JavaThread "AWT-Shutdown" [_thread_blocked, id=1960, stack(0x0000000009750000,0x0000000009850000)]
  0x0000000009d53000 JavaThread "Java2D Disposer" daemon [_thread_blocked, id=3584, stack(0x000000000a280000,0x000000000a380000)]
  0x00000000084b8000 JavaThread "Service Thread" daemon [_thread_blocked, id=1980, stack(0x0000000009b30000,0x0000000009c30000)]
  0x00000000084b7000 JavaThread "C2 CompilerThread1" daemon [_thread_blocked, id=1532, stack(0x0000000009970000,0x0000000009a70000)]
  0x00000000084b0000 JavaThread "C2 CompilerThread0" daemon [_thread_blocked, id=1172, stack(0x00000000090e0000,0x00000000091e0000)]
  0x00000000084aa000 JavaThread "Attach Listener" daemon [_thread_blocked, id=752, stack(0x0000000009870000,0x0000000009970000)]
  0x00000000084a8800 JavaThread "Signal Dispatcher" daemon [_thread_blocked, id=3244, stack(0x00000000095f0000,0x00000000096f0000)]
  0x0000000008454000 JavaThread "Finalizer" daemon [_thread_blocked, id=1892, stack(0x0000000009460000,0x0000000009560000)]
  0x000000000844b000 JavaThread "Reference Handler" daemon [_thread_blocked, id=1424, stack(0x0000000009310000,0x0000000009410000)]

Other Threads:
  0x0000000008447000 VMThread [stack: 0x00000000091f0000,0x00000000092f0000] [id=520]
  0x00000000084ca000 WatcherThread [stack: 0x0000000009c30000,0x0000000009d30000] [id=2416]

VM state:not at safepoint (normal execution)

VM Mutex/Monitor currently owned by a thread: None

Heap
 PSYoungGen      total 19456K, used 8268K [0x00000000eaa80000, 0x00000000ec000000, 0x0000000100000000)
  eden space 16896K, 33% used [0x00000000eaa80000,0x00000000eb016b00,0x00000000ebb00000)
  from space 2560K, 99% used [0x00000000ebb00000,0x00000000ebd7c830,0x00000000ebd80000)
  to   space 2560K, 0% used [0x00000000ebd80000,0x00000000ebd80000,0x00000000ec000000)
 ParOldGen       total 43520K, used 6282K [0x00000000c0000000, 0x00000000c2a80000, 0x00000000eaa80000)
  object space 43520K, 14% used [0x00000000c0000000,0x00000000c0622b18,0x00000000c2a80000)
 PSPermGen       total 21504K, used 16019K [0x00000000bae00000, 0x00000000bc300000, 0x00000000c0000000)
  object space 21504K, 74% used [0x00000000bae00000,0x00000000bbda4ff0,0x00000000bc300000)

Card table byte_map: [0x0000000005490000,0x00000000056c0000] byte_map_base: 0x0000000004eb9000

Polling page: 0x0000000000240000

Code Cache  [0x0000000002490000, 0x0000000002700000, 0x0000000005490000)
 total_blobs=941 nmethods=181 adapters=713 free_code_cache=47994Kb largest_free_block=49114304

Compilation events (10 events):
Event: 8.297 Thread 0x00000000084b0000 nmethod 181 0x00000000025aa810 code [0x00000000025aa980, 0x00000000025aac18]
Event: 8.297 Thread 0x00000000084b0000  182   !         java.io.BufferedReader::readLine (304 bytes)
Event: 8.328 Thread 0x00000000084b7000 nmethod 180 0x00000000025aeb10 code [0x00000000025aef00, 0x00000000025b1008]
Event: 8.339 Thread 0x00000000084b0000 nmethod 182 0x00000000025a7310 code [0x00000000025a74e0, 0x00000000025a8988]
Event: 8.361 Thread 0x00000000084b7000  183             sun.nio.cs.UTF_8$Decoder::decodeArrayLoop (543 bytes)
Event: 8.389 Thread 0x00000000084b7000 nmethod 183 0x00000000025b6ad0 code [0x00000000025b6d00, 0x00000000025b7898]
Event: 8.445 Thread 0x00000000084b0000  184 %           processing.opengl.PGL::nativeToJavaARGB @ 101 (339 bytes)
Event: 8.477 Thread 0x00000000084b0000 nmethod 184% 0x00000000025b84d0 code [0x00000000025b8620, 0x00000000025b9158]
Event: 8.523 Thread 0x00000000084b7000  185             java.nio.Bits::byteOrder (20 bytes)
Event: 8.524 Thread 0x00000000084b7000 nmethod 185 0x00000000025a5190 code [0x00000000025a52c0, 0x00000000025a5318]

GC Heap History (6 events):
Event: 2.362 GC heap before
{Heap before GC invocations=1 (full 0):
 PSYoungGen      total 19456K, used 16896K [0x00000000eaa80000, 0x00000000ec000000, 0x0000000100000000)
  eden space 16896K, 100% used [0x00000000eaa80000,0x00000000ebb00000,0x00000000ebb00000)
  from space 2560K, 0% used [0x00000000ebd80000,0x00000000ebd80000,0x00000000ec000000)
  to   space 2560K, 0% used [0x00000000ebb00000,0x00000000ebb00000,0x00000000ebd80000)
 ParOldGen       total 43520K, used 0K [0x00000000c0000000, 0x00000000c2a80000, 0x00000000eaa80000)
  object space 43520K, 0% used [0x00000000c0000000,0x00000000c0000000,0x00000000c2a80000)
 PSPermGen       total 21504K, used 7958K [0x00000000bae00000, 0x00000000bc300000, 0x00000000c0000000)
  object space 21504K, 37% used [0x00000000bae00000,0x00000000bb5c5b78,0x00000000bc300000)
Event: 2.382 GC heap after
Heap after GC invocations=1 (full 0):
 PSYoungGen      total 19456K, used 2544K [0x00000000eaa80000, 0x00000000ec000000, 0x0000000100000000)
  eden space 16896K, 0% used [0x00000000eaa80000,0x00000000eaa80000,0x00000000ebb00000)
  from space 2560K, 99% used [0x00000000ebb00000,0x00000000ebd7c030,0x00000000ebd80000)
  to   space 2560K, 0% used [0x00000000ebd80000,0x00000000ebd80000,0x00000000ec000000)
 ParOldGen       total 43520K, used 1705K [0x00000000c0000000, 0x00000000c2a80000, 0x00000000eaa80000)
  object space 43520K, 3% used [0x00000000c0000000,0x00000000c01aa730,0x00000000c2a80000)
 PSPermGen       total 21504K, used 7958K [0x00000000bae00000, 0x00000000bc300000, 0x00000000c0000000)
  object space 21504K, 37% used [0x00000000bae00000,0x00000000bb5c5b78,0x00000000bc300000)
}
Event: 6.285 GC heap before
{Heap before GC invocations=2 (full 0):
 PSYoungGen      total 19456K, used 19440K [0x00000000eaa80000, 0x00000000ec000000, 0x0000000100000000)
  eden space 16896K, 100% used [0x00000000eaa80000,0x00000000ebb00000,0x00000000ebb00000)
  from space 2560K, 99% used [0x00000000ebb00000,0x00000000ebd7c030,0x00000000ebd80000)
  to   space 2560K, 0% used [0x00000000ebd80000,0x00000000ebd80000,0x00000000ec000000)
 ParOldGen       total 43520K, used 1705K [0x00000000c0000000, 0x00000000c2a80000, 0x00000000eaa80000)
  object space 43520K, 3% used [0x00000000c0000000,0x00000000c01aa730,0x00000000c2a80000)
 PSPermGen       total 21504K, used 15368K [0x00000000bae00000, 0x00000000bc300000, 0x00000000c0000000)
  object space 21504K, 71% used [0x00000000bae00000,0x00000000bbd023c0,0x00000000bc300000)
Event: 6.311 GC heap after
Heap after GC invocations=2 (full 0):
 PSYoungGen      total 19456K, used 2544K [0x00000000eaa80000, 0x00000000ec000000, 0x0000000100000000)
  eden space 16896K, 0% used [0x00000000eaa80000,0x00000000eaa80000,0x00000000ebb00000)
  from space 2560K, 99% used [0x00000000ebd80000,0x00000000ebffc030,0x00000000ec000000)
  to   space 2560K, 0% used [0x00000000ebb00000,0x00000000ebb00000,0x00000000ebd80000)
 ParOldGen       total 43520K, used 4361K [0x00000000c0000000, 0x00000000c2a80000, 0x00000000eaa80000)
  object space 43520K, 10% used [0x00000000c0000000,0x00000000c0442410,0x00000000c2a80000)
 PSPermGen       total 21504K, used 15368K [0x00000000bae00000, 0x00000000bc300000, 0x00000000c0000000)
  object space 21504K, 71% used [0x00000000bae00000,0x00000000bbd023c0,0x00000000bc300000)
}
Event: 8.374 GC heap before
{Heap before GC invocations=3 (full 0):
 PSYoungGen      total 19456K, used 18935K [0x00000000eaa80000, 0x00000000ec000000, 0x0000000100000000)
  eden space 16896K, 97% used [0x00000000eaa80000,0x00000000eba81e18,0x00000000ebb00000)
  from space 2560K, 99% used [0x00000000ebd80000,0x00000000ebffc030,0x00000000ec000000)
  to   space 2560K, 0% used [0x00000000ebb00000,0x00000000ebb00000,0x00000000ebd80000)
 ParOldGen       total 43520K, used 4361K [0x00000000c0000000, 0x00000000c2a80000, 0x00000000eaa80000)
  object space 43520K, 10% used [0x00000000c0000000,0x00000000c0442410,0x00000000c2a80000)
 PSPermGen       total 21504K, used 15987K [0x00000000bae00000, 0x00000000bc300000, 0x00000000c0000000)
  object space 21504K, 74% used [0x00000000bae00000,0x00000000bbd9cc30,0x00000000bc300000)
Event: 8.388 GC heap after
Heap after GC invocations=3 (full 0):
 PSYoungGen      total 19456K, used 2546K [0x00000000eaa80000, 0x00000000ec000000, 0x0000000100000000)
  eden space 16896K, 0% used [0x00000000eaa80000,0x00000000eaa80000,0x00000000ebb00000)
  from space 2560K, 99% used [0x00000000ebb00000,0x00000000ebd7c830,0x00000000ebd80000)
  to   space 2560K, 0% used [0x00000000ebd80000,0x00000000ebd80000,0x00000000ec000000)
 ParOldGen       total 43520K, used 6282K [0x00000000c0000000, 0x00000000c2a80000, 0x00000000eaa80000)
  object space 43520K, 14% used [0x00000000c0000000,0x00000000c0622b18,0x00000000c2a80000)
 PSPermGen       total 21504K, used 15987K [0x00000000bae00000, 0x00000000bc300000, 0x00000000c0000000)
  object space 21504K, 74% used [0x00000000bae00000,0x00000000bbd9cc30,0x00000000bc300000)
}

Deoptimization events (10 events):
Event: 8.093 Thread 0x0000000009f1e800 Uncommon trap: reason=unreached action=reinterpret pc=0x000000000258d7c0 method=com.jogamp.common.util.IntIntHashMap.get(I)I @ 19
Event: 8.095 Thread 0x0000000009f1e800 Uncommon trap: reason=unloaded action=reinterpret pc=0x0000000002523d90 method=processing.core.PFont$Glyph.<init>(Lprocessing/core/PFont;C)V @ 263
Event: 8.227 Thread 0x0000000009f1e800 Uncommon trap: reason=class_check action=maybe_recompile pc=0x000000000258b4c0 method=com.jogamp.common.nio.Buffers.isDirect(Ljava/lang/Object;)Z @ 13
Event: 8.227 Thread 0x0000000009f1e800 Uncommon trap: reason=class_check action=maybe_recompile pc=0x000000000258e384 method=com.jogamp.common.nio.Buffers.getDirectBufferByteOffset(Ljava/lang/Object;)I @ 7
Event: 8.227 Thread 0x0000000009f1e800 Uncommon trap: reason=class_check action=maybe_recompile pc=0x000000000258b4c0 method=com.jogamp.common.nio.Buffers.isDirect(Ljava/lang/Object;)Z @ 13
Event: 8.227 Thread 0x0000000009f1e800 Uncommon trap: reason=class_check action=maybe_recompile pc=0x000000000258e384 method=com.jogamp.common.nio.Buffers.getDirectBufferByteOffset(Ljava/lang/Object;)I @ 7
Event: 8.357 Thread 0x0000000009f1e800 Uncommon trap: reason=class_check action=maybe_recompile pc=0x000000000258b4c0 method=com.jogamp.common.nio.Buffers.isDirect(Ljava/lang/Object;)Z @ 13
Event: 8.357 Thread 0x0000000009f1e800 Uncommon trap: reason=class_check action=maybe_recompile pc=0x000000000258e384 method=com.jogamp.common.nio.Buffers.getDirectBufferByteOffset(Ljava/lang/Object;)I @ 7
Event: 8.360 Thread 0x0000000009f1e800 Uncommon trap: reason=class_check action=maybe_recompile pc=0x000000000258b4c0 method=com.jogamp.common.nio.Buffers.isDirect(Ljava/lang/Object;)Z @ 13
Event: 8.360 Thread 0x0000000009f1e800 Uncommon trap: reason=class_check action=maybe_recompile pc=0x000000000258e384 method=com.jogamp.common.nio.Buffers.getDirectBufferByteOffset(Ljava/lang/Object;)I @ 7

Internal exceptions (10 events):
Event: 8.185 Thread 0x0000000009f1e800 Threw 0x00000000eb9b7988 at C:\re\jdk7u45\229\hotspot\src\share\vm\prims\jvm.cpp:1244
Event: 8.185 Thread 0x0000000009f1e800 Threw 0x00000000eb9b9520 at C:\re\jdk7u45\229\hotspot\src\share\vm\prims\jvm.cpp:1244
Event: 8.187 Thread 0x0000000009f1e800 Threw 0x00000000eb9becc8 at C:\re\jdk7u45\229\hotspot\src\share\vm\prims\jvm.cpp:1244
Event: 8.187 Thread 0x0000000009f1e800 Threw 0x00000000eb9c4b40 at C:\re\jdk7u45\229\hotspot\src\share\vm\prims\jvm.cpp:1244
Event: 8.188 Thread 0x0000000009f1e800 Threw 0x00000000eb9c8080 at C:\re\jdk7u45\229\hotspot\src\share\vm\prims\jvm.cpp:1244
Event: 8.199 Thread 0x0000000009f1e800 Threw 0x00000000eb9ec760 at C:\re\jdk7u45\229\hotspot\src\share\vm\prims\jvm.cpp:1244
Event: 8.201 Thread 0x0000000009f1e800 Threw 0x00000000eb9f0930 at C:\re\jdk7u45\229\hotspot\src\share\vm\prims\jvm.cpp:1244
Event: 8.202 Thread 0x0000000009f1e800 Threw 0x00000000eb9f3c50 at C:\re\jdk7u45\229\hotspot\src\share\vm\prims\jvm.cpp:1244
Event: 8.202 Thread 0x0000000009f1e800 Threw 0x00000000eb9f8d40 at C:\re\jdk7u45\229\hotspot\src\share\vm\prims\jvm.cpp:1244
Event: 8.224 Thread 0x0000000009f1e800 Threw 0x00000000eba4a2c8 at C:\re\jdk7u45\229\hotspot\src\share\vm\prims\jvm.cpp:1244

Events (10 events):
Event: 8.546 loading class 0x000000000f147ae0
Event: 8.546 loading class 0x000000000f147ae0 done
Event: 8.546 loading class 0x000000000f147b10
Event: 8.546 loading class 0x000000000f147b10 done
Event: 8.547 loading class 0x000000000f147b40
Event: 8.547 loading class 0x000000000f147b40 done
Event: 8.547 loading class 0x000000000f147b70
Event: 8.547 loading class 0x000000000f147b70 done
Event: 8.547 loading class 0x000000000f147ba0
Event: 8.547 loading class 0x000000000f147ba0 done


Dynamic libraries:
0x000000013fb70000 - 0x000000013fba3000 	C:\Program Files\Java\jre7\bin\javaw.exe
0x0000000077490000 - 0x0000000077639000 	C:\Windows\SYSTEM32\ntdll.dll
0x0000000077370000 - 0x000000007748f000 	C:\Windows\system32\kernel32.dll
0x000007fefd620000 - 0x000007fefd68c000 	C:\Windows\system32\KERNELBASE.dll
0x000007fefda30000 - 0x000007fefdb0b000 	C:\Windows\system32\ADVAPI32.dll
0x000007feff410000 - 0x000007feff4af000 	C:\Windows\system32\msvcrt.dll
0x000007fefda10000 - 0x000007fefda2f000 	C:\Windows\SYSTEM32\sechost.dll
0x000007fefea80000 - 0x000007fefebad000 	C:\Windows\system32\RPCRT4.dll
0x0000000077270000 - 0x000000007736a000 	C:\Windows\system32\USER32.dll
0x000007feff730000 - 0x000007feff797000 	C:\Windows\system32\GDI32.dll
0x000007feff170000 - 0x000007feff17e000 	C:\Windows\system32\LPK.dll
0x000007feff4b0000 - 0x000007feff579000 	C:\Windows\system32\USP10.dll
0x000007fefbc10000 - 0x000007fefbe04000 	C:\Windows\WinSxS\amd64_microsoft.windows.common-controls_6595b64144ccf1df_6.0.7601.17514_none_fa396087175ac9ac\COMCTL32.dll
0x000007feff6b0000 - 0x000007feff721000 	C:\Windows\system32\SHLWAPI.dll
0x000007fefdb90000 - 0x000007fefdbbe000 	C:\Windows\system32\IMM32.DLL
0x000007feff5a0000 - 0x000007feff6a9000 	C:\Windows\system32\MSCTF.dll
0x0000000064880000 - 0x0000000064952000 	C:\Program Files\Java\jre7\bin\msvcr100.dll
0x00000000613a0000 - 0x0000000061b69000 	C:\Program Files\Java\jre7\bin\server\jvm.dll
0x000007fefa6b0000 - 0x000007fefa6b9000 	C:\Windows\system32\WSOCK32.dll
0x000007fefea30000 - 0x000007fefea7d000 	C:\Windows\system32\WS2_32.dll
0x000007feff060000 - 0x000007feff068000 	C:\Windows\system32\NSI.dll
0x000007fef98a0000 - 0x000007fef98db000 	C:\Windows\system32\WINMM.dll
0x0000000077660000 - 0x0000000077667000 	C:\Windows\system32\PSAPI.DLL
0x0000000064a30000 - 0x0000000064a3f000 	C:\Program Files\Java\jre7\bin\verify.dll
0x0000000064a00000 - 0x0000000064a28000 	C:\Program Files\Java\jre7\bin\java.dll
0x00000000649e0000 - 0x00000000649f5000 	C:\Program Files\Java\jre7\bin\zip.dll
0x00000000621a0000 - 0x0000000062335000 	C:\Program Files\Java\jre7\bin\awt.dll
0x000007fefdbc0000 - 0x000007fefdc97000 	C:\Windows\system32\OLEAUT32.dll
0x000007fefd690000 - 0x000007fefd893000 	C:\Windows\system32\ole32.dll
0x000007fefb650000 - 0x000007fefb668000 	C:\Windows\system32\DWMAPI.DLL
0x000007fefbbb0000 - 0x000007fefbc06000 	C:\Windows\system32\uxtheme.dll
0x000007fefd130000 - 0x000007fefd13f000 	C:\Windows\system32\CRYPTBASE.dll
0x000007fef7140000 - 0x000007fef733f000 	C:\Windows\system32\d3d9.dll
0x000007fefc390000 - 0x000007fefc39c000 	C:\Windows\system32\VERSION.dll
0x000007fef79e0000 - 0x000007fef79e7000 	C:\Windows\system32\d3d8thk.dll
0x0000000074d80000 - 0x0000000074e48000 	C:\Windows\system32\aticfx64.dll
0x000007fefaa90000 - 0x000007fefaa9d000 	C:\Windows\system32\atiu9p64.dll
0x0000000064220000 - 0x0000000064759000 	C:\Windows\system32\atiumd64.dll
0x0000000065f00000 - 0x00000000662ca000 	C:\Windows\system32\atiumd6a.dll
0x0000000064990000 - 0x00000000649d6000 	C:\Program Files\Java\jre7\bin\fontmanager.dll
0x0000000064970000 - 0x0000000064989000 	C:\Program Files\Java\jre7\bin\net.dll
0x000007fefca70000 - 0x000007fefcac5000 	C:\Windows\system32\mswsock.dll
0x000007fefca60000 - 0x000007fefca67000 	C:\Windows\System32\wship6.dll
0x0000000064860000 - 0x0000000064871000 	C:\Program Files\Java\jre7\bin\nio.dll
0x0000000064810000 - 0x0000000064851000 	C:\Program Files\Java\jre7\bin\t2k.dll
0x000007fefdca0000 - 0x000007fefea28000 	C:\Windows\system32\SHELL32.dll
0x000007fefcad0000 - 0x000007fefcae7000 	C:\Windows\system32\CRYPTSP.dll
0x000007fefc7d0000 - 0x000007fefc817000 	C:\Windows\system32\rsaenh.dll
0x000007fefd4c0000 - 0x000007fefd4de000 	C:\Windows\system32\USERENV.dll
0x000007fefd2d0000 - 0x000007fefd2df000 	C:\Windows\system32\profapi.dll
0x000007fefab40000 - 0x000007fefab55000 	C:\Windows\system32\NLAapi.dll
0x000007fefa440000 - 0x000007fefa455000 	C:\Windows\system32\napinsp.dll
0x000007fefa460000 - 0x000007fefa479000 	C:\Windows\system32\pnrpnsp.dll
0x000007fefc8f0000 - 0x000007fefc94b000 	C:\Windows\system32\DNSAPI.dll
0x000007fefa4a0000 - 0x000007fefa4ab000 	C:\Windows\System32\winrnr.dll
0x000007fefc460000 - 0x000007fefc467000 	C:\Windows\System32\wshtcpip.dll
0x000007fefa3b0000 - 0x000007fefa3d7000 	C:\Windows\system32\IPHLPAPI.DLL
0x000007fefa370000 - 0x000007fefa37b000 	C:\Windows\system32\WINNSI.DLL
0x000007fefa500000 - 0x000007fefa508000 	C:\Windows\system32\rasadhlp.dll
0x000007fefa280000 - 0x000007fefa2d3000 	C:\Windows\System32\fwpuclnt.dll
0x00000000637c0000 - 0x00000000637ca000 	C:\Users\datam\AppData\Local\Temp\jogamp_0000\file_cache\jln336970718030610382\jln4740778300884291743\gluegen-rt.dll
0x0000000064960000 - 0x0000000064967000 	C:\Program Files\Java\jre7\bin\jawt.dll
0x000000006a440000 - 0x000000006a44b000 	C:\Users\datam\AppData\Local\Temp\jogamp_0000\file_cache\jln336970718030610382\jln4740778300884291743\nativewindow_awt.dll
0x000000006c100000 - 0x000000006c10b000 	C:\Users\datam\AppData\Local\Temp\jogamp_0000\file_cache\jln336970718030610382\jln4740778300884291743\nativewindow_win32.dll
0x000007fef03a0000 - 0x000007fef04bd000 	C:\Windows\system32\OpenGL32.dll
0x000007fef4b20000 - 0x000007fef4b4d000 	C:\Windows\system32\GLU32.dll
0x000007fef04e0000 - 0x000007fef05d1000 	C:\Windows\system32\DDRAW.dll
0x000007fefa6c0000 - 0x000007fefa6c8000 	C:\Windows\system32\DCIMAN32.dll
0x000007fefede0000 - 0x000007fefefb7000 	C:\Windows\system32\SETUPAPI.dll
0x000007fefd300000 - 0x000007fefd336000 	C:\Windows\system32\CFGMGR32.dll
0x000007fefd600000 - 0x000007fefd61a000 	C:\Windows\system32\DEVOBJ.dll
0x000000000c170000 - 0x000000000c1fe000 	C:\Users\datam\AppData\Local\Temp\jogamp_0000\file_cache\jln336970718030610382\jln4740778300884291743\jogl_desktop.dll
0x000007fefa6f0000 - 0x000007fefa6f8000 	C:\Windows\system32\atig6pxx.dll
0x0000000011d20000 - 0x000000001336b000 	C:\Windows\system32\atio6axx.dll
0x000007fefa6a0000 - 0x000007fefa6ae000 	C:\Windows\system32\atig6txx.dll
0x0000000180000000 - 0x000000018005d000 	C:\Windows\system32\atiadlxx.dll
0x000007fefc520000 - 0x000007fefc531000 	C:\Windows\system32\WTSAPI32.dll
0x000007fefd4f0000 - 0x000007fefd52a000 	C:\Windows\system32\WINTRUST.dll
0x000007fefd340000 - 0x000007fefd4ac000 	C:\Windows\system32\CRYPT32.dll
0x000007fefd2e0000 - 0x000007fefd2ef000 	C:\Windows\system32\MSASN1.dll
0x000007fef57b0000 - 0x000007fef58d5000 	C:\Windows\system32\dbghelp.dll

VM Arguments:
jvm_args: -Dfile.encoding=Cp1252 
java_command: render.Game
Launcher Type: SUN_STANDARD

Environment Variables:
PATH=C:/Program Files (x86)/Java/jre7/bin/client;C:/Program Files (x86)/Java/jre7/bin;C:/Program Files (x86)/Java/jre7/lib/i386;C:\Windows\system32;C:\Windows;C:\Windows\System32\Wbem;C:\Windows\System32\WindowsPowerShell\v1.0\;C:\Program Files (x86)\Lua\5.1;C:\Program Files (x86)\Lua\5.1\clibs;C:\Program Files\processing-2.2.1;C:\eclipse;
USERNAME=datam
OS=Windows_NT
PROCESSOR_IDENTIFIER=AMD64 Family 16 Model 2 Stepping 3, AuthenticAMD



---------------  S Y S T E M  ---------------

OS: Windows 7 , 64 bit Build 7601 Service Pack 1

CPU:total 3 (3 cores per cpu, 1 threads per core) family 16 model 2 stepping 3, cmov, cx8, fxsr, mmx, sse, sse2, sse3, popcnt, mmxext, 3dnowpref, lzcnt, sse4a, tsc, tscinvbit, tscinv

Memory: 4k page, physical 4192760k(1824976k free), swap 8383656k(5386596k free)

vm_info: Java HotSpot(TM) 64-Bit Server VM (24.45-b08) for windows-amd64 JRE (1.7.0_45-b18), built on Oct  8 2013 05:47:22 by "java_re" with unknown MS VC++:1600

time: Wed Oct 22 11:38:10 2014
elapsed time: 8 seconds

