#
# A fatal error has been detected by the Java Runtime Environment:
#
#  EXCEPTION_ACCESS_VIOLATION (0xc0000005) at pc=0x000007fef0d0ca04, pid=3724, tid=1884
#
# JRE version: Java(TM) SE Runtime Environment (7.0_45-b18) (build 1.7.0_45-b18)
# Java VM: Java HotSpot(TM) 64-Bit Server VM (24.45-b08 mixed mode windows-amd64 compressed oops)
# Problematic frame:
# C  [OpenGL32.dll+0xdca04]
#
# Failed to write core dump. Minidumps are not enabled by default on client versions of Windows
#
# If you would like to submit a bug report, please visit:
#   http://bugreport.sun.com/bugreport/crash.jsp
# The crash happened outside the Java Virtual Machine in native code.
# See problematic frame for where to report the bug.
#

---------------  T H R E A D  ---------------

Current thread (0x000000000a180800):  JavaThread "Animation Thread" [_thread_in_native, id=1884, stack(0x000000000dc10000,0x000000000dd10000)]

siginfo: ExceptionCode=0xc0000005, reading address 0x0000000000000698

Registers:
RAX=0x0000000000000000, RBX=0x00000000bba65440, RCX=0x0000000000000001, RDX=0x000000000dd0f198
RSP=0x000000000dd0f0d8, RBP=0x000000000dd0f160, RSI=0x000000000000001a, RDI=0x0000000000000007
R8 =0x0000000000000001, R9 =0x000007fef0d0c9f0, R10=0x0000000002472ac4, R11=0x000000006648f900
R12=0x0000000000000000, R13=0x00000000bba65440, R14=0x000000000dd0f198, R15=0x000000000a180800
RIP=0x000007fef0d0ca04, EFLAGS=0x0000000000010283

Top of Stack: (sp=0x000000000dd0f0d8)
0x000000000dd0f0d8:   0000000002472af0 0000000000000000
0x000000000dd0f0e8:   000000000dd0f100 000000000dd0f158
0x000000000dd0f0f8:   00000000024660f8 0000000000000000
0x000000000dd0f108:   0000000000000000 0000000000000000
0x000000000dd0f118:   000000000dd0f118 000000000dd0f120
0x000000000dd0f128:   0000000000000000 000000000dd0f198
0x000000000dd0f138:   00000000bbc7eaf8 0000000000000000
0x000000000dd0f148:   00000000bba65440 0000000000000000
0x000000000dd0f158:   000000000dd0f180 000000000dd0f1e0
0x000000000dd0f168:   00000000024660f8 0000000000000000
0x000000000dd0f178:   000000000246f0d8 000007fef0d0c9f0
0x000000000dd0f188:   00000000024662d3 0000000000000001
0x000000000dd0f198:   00000000eb08fed8 000000000dd0f1a0
0x000000000dd0f1a8:   00000000bba65372 000000000dd0f208
0x000000000dd0f1b8:   00000000bbc7eaf8 0000000000000000
0x000000000dd0f1c8:   00000000bba65380 000000000dd0f180 

Instructions: (pc=0x000007fef0d0ca04)
0x000007fef0d0c9e4:   cc cc cc cc cc cc 66 0f 1f 44 00 00 8b 05 d6 18
0x000007fef0d0c9f4:   01 00 83 f8 40 73 0f 65 48 8b 04 c5 80 14 00 00
0x000007fef0d0ca04:   ff a0 98 06 00 00 b8 d3 00 00 00 e9 ac e1 ff ff
0x000007fef0d0ca14:   cc cc cc cc cc cc 66 0f 1f 44 00 00 8b 05 a6 18 


Register to memory mapping:

RAX=0x0000000000000000 is an unknown value
RBX=0x00000000bba65440 is an oop
{method} 
 - klass: {other class}
RCX=0x0000000000000001 is an unknown value
RDX=0x000000000dd0f198 is pointing into the stack for thread: 0x000000000a180800
RSP=0x000000000dd0f0d8 is pointing into the stack for thread: 0x000000000a180800
RBP=0x000000000dd0f160 is pointing into the stack for thread: 0x000000000a180800
RSI=0x000000000000001a is an unknown value
RDI=0x0000000000000007 is an unknown value
R8 =0x0000000000000001 is an unknown value
R9 =0x000007fef0d0c9f0 is an unknown value
R10=0x0000000002472ac4 is at code_begin+644 in an Interpreter codelet
method entry point (kind = native)  [0x0000000002472840, 0x00000000024730e0]  2208 bytes
R11=0x000000006648f900 is an unknown value
R12=0x0000000000000000 is an unknown value
R13=0x00000000bba65440 is an oop
{method} 
 - klass: {other class}
R14=0x000000000dd0f198 is pointing into the stack for thread: 0x000000000a180800
R15=0x000000000a180800 is a thread


Stack: [0x000000000dc10000,0x000000000dd10000],  sp=0x000000000dd0f0d8,  free space=1020k
Native frames: (J=compiled Java code, j=interpreted, Vv=VM code, C=native code)
C  [OpenGL32.dll+0xdca04]
j  jogamp.opengl.gl4.GL4bcImpl.glDepthMask(Z)V+34
j  processing.opengl.PGL.depthMask(Z)V+4
j  processing.opengl.PGraphicsOpenGL.backgroundImpl()V+8
j  processing.core.PGraphics.backgroundFromCalc()V+122
j  processing.core.PGraphics.background(I)V+6
j  processing.core.PGraphics.reapplySettings()V+190
j  processing.opengl.PGraphicsOpenGL.setSize(II)V+15
j  processing.core.PApplet.resizeRenderer(II)V+90
j  processing.core.PApplet.run()V+162
j  java.lang.Thread.run()V+11
v  ~StubRoutines::call_stub
V  [jvm.dll+0x1cb0c3]

Java frames: (J=compiled Java code, j=interpreted, Vv=VM code)
j  jogamp.opengl.gl4.GL4bcImpl.dispatch_glDepthMask1(ZJ)V+0
j  jogamp.opengl.gl4.GL4bcImpl.glDepthMask(Z)V+34
j  processing.opengl.PGL.depthMask(Z)V+4
j  processing.opengl.PGraphicsOpenGL.backgroundImpl()V+8
j  processing.core.PGraphics.backgroundFromCalc()V+122
j  processing.core.PGraphics.background(I)V+6
j  processing.core.PGraphics.reapplySettings()V+190
j  processing.opengl.PGraphicsOpenGL.setSize(II)V+15
j  processing.core.PApplet.resizeRenderer(II)V+90
j  processing.core.PApplet.run()V+162
j  java.lang.Thread.run()V+11
v  ~StubRoutines::call_stub

---------------  P R O C E S S  ---------------

Java Threads: ( => current thread )
  0x000000000eeea800 JavaThread "Animation Thread-SharedResourceRunner" daemon [_thread_blocked, id=1956, stack(0x0000000010250000,0x0000000010350000)]
  0x000000000217d800 JavaThread "DestroyJavaVM" [_thread_blocked, id=2060, stack(0x0000000002360000,0x0000000002460000)]
=>0x000000000a180800 JavaThread "Animation Thread" [_thread_in_native, id=1884, stack(0x000000000dc10000,0x000000000dd10000)]
  0x000000000a085000 JavaThread "D3D Screen Updater" daemon [_thread_blocked, id=592, stack(0x000000000e7b0000,0x000000000e8b0000)]
  0x000000000a082000 JavaThread "Animation Thread" [_thread_blocked, id=1784, stack(0x000000000d9c0000,0x000000000dac0000)]
  0x000000000a009000 JavaThread "AWT-EventQueue-0" [_thread_blocked, id=3624, stack(0x000000000d0b0000,0x000000000d1b0000)]
  0x0000000009e90000 JavaThread "AWT-Windows" daemon [_thread_in_native, id=1696, stack(0x000000000a670000,0x000000000a770000)]
  0x0000000009e8f000 JavaThread "AWT-Shutdown" [_thread_blocked, id=2380, stack(0x000000000a4b0000,0x000000000a5b0000)]
  0x0000000009e8e800 JavaThread "Java2D Disposer" daemon [_thread_blocked, id=1380, stack(0x000000000a270000,0x000000000a370000)]
  0x000000000846a000 JavaThread "Service Thread" daemon [_thread_blocked, id=1844, stack(0x0000000009be0000,0x0000000009ce0000)]
  0x0000000008469000 JavaThread "C2 CompilerThread1" daemon [_thread_blocked, id=1388, stack(0x0000000009a40000,0x0000000009b40000)]
  0x0000000008463000 JavaThread "C2 CompilerThread0" daemon [_thread_blocked, id=1636, stack(0x00000000095d0000,0x00000000096d0000)]
  0x000000000845a000 JavaThread "Attach Listener" daemon [_thread_blocked, id=3652, stack(0x0000000009900000,0x0000000009a00000)]
  0x0000000008458800 JavaThread "Signal Dispatcher" daemon [_thread_blocked, id=612, stack(0x0000000009770000,0x0000000009870000)]
  0x0000000008404000 JavaThread "Finalizer" daemon [_thread_blocked, id=1100, stack(0x0000000009340000,0x0000000009440000)]
  0x00000000083fb000 JavaThread "Reference Handler" daemon [_thread_blocked, id=1504, stack(0x00000000094a0000,0x00000000095a0000)]

Other Threads:
  0x00000000083f7000 VMThread [stack: 0x0000000009220000,0x0000000009320000] [id=2008]
  0x0000000008484000 WatcherThread [stack: 0x0000000009d50000,0x0000000009e50000] [id=3088]

VM state:not at safepoint (normal execution)

VM Mutex/Monitor currently owned by a thread: None

Heap
 PSYoungGen      total 36352K, used 29274K [0x00000000eaa80000, 0x00000000ef180000, 0x0000000100000000)
  eden space 33792K, 79% used [0x00000000eaa80000,0x00000000ec49ea40,0x00000000ecb80000)
  from space 2560K, 98% used [0x00000000ecb80000,0x00000000ecdf8020,0x00000000ece00000)
  to   space 2560K, 0% used [0x00000000eef00000,0x00000000eef00000,0x00000000ef180000)
 ParOldGen       total 43520K, used 8293K [0x00000000c0000000, 0x00000000c2a80000, 0x00000000eaa80000)
  object space 43520K, 19% used [0x00000000c0000000,0x00000000c0819520,0x00000000c2a80000)
 PSPermGen       total 21504K, used 15699K [0x00000000bae00000, 0x00000000bc300000, 0x00000000c0000000)
  object space 21504K, 73% used [0x00000000bae00000,0x00000000bbd54f28,0x00000000bc300000)

Card table byte_map: [0x0000000005520000,0x0000000005750000] byte_map_base: 0x0000000004f49000

Polling page: 0x00000000001c0000

Code Cache  [0x0000000002460000, 0x00000000026d0000, 0x0000000005460000)
 total_blobs=907 nmethods=154 adapters=706 free_code_cache=48152Kb largest_free_block=49279552

Compilation events (10 events):
Event: 6.393 Thread 0x0000000008469000 nmethod 148 0x0000000002555e90 code [0x0000000002555fc0, 0x0000000002556038]
Event: 6.393 Thread 0x0000000008469000  149             processing.opengl.PGL::texSubImage2D (24 bytes)
Event: 6.404 Thread 0x0000000008469000 nmethod 149 0x0000000002556410 code [0x0000000002556600, 0x0000000002556ce0]
Event: 6.404 Thread 0x0000000008469000  150             jogamp.opengl.gl4.GL4bcImpl::glTexSubImage2D (120 bytes)
Event: 6.413 Thread 0x0000000008469000 nmethod 150 0x0000000002557ed0 code [0x00000000025580c0, 0x0000000002558680]
Event: 6.414 Thread 0x0000000008469000  151             com.jogamp.common.nio.Buffers::remainingBytes (219 bytes)
Event: 6.414 Thread 0x0000000008469000 nmethod 151 0x0000000002556110 code [0x0000000002556240, 0x00000000025562b8]
Event: 6.433 Thread 0x0000000008463000 nmethod 147 0x000000000255da50 code [0x000000000255dcc0, 0x000000000255ed98]
Event: 6.507 Thread 0x0000000008469000  154 %           processing.opengl.PGL::nativeToJavaARGB @ 101 (339 bytes)
Event: 6.536 Thread 0x0000000008469000 nmethod 154% 0x00000000025593d0 code [0x0000000002559520, 0x000000000255a058]

GC Heap History (6 events):
Event: 1.264 GC heap before
{Heap before GC invocations=1 (full 0):
 PSYoungGen      total 19456K, used 16896K [0x00000000eaa80000, 0x00000000ec000000, 0x0000000100000000)
  eden space 16896K, 100% used [0x00000000eaa80000,0x00000000ebb00000,0x00000000ebb00000)
  from space 2560K, 0% used [0x00000000ebd80000,0x00000000ebd80000,0x00000000ec000000)
  to   space 2560K, 0% used [0x00000000ebb00000,0x00000000ebb00000,0x00000000ebd80000)
 ParOldGen       total 43520K, used 0K [0x00000000c0000000, 0x00000000c2a80000, 0x00000000eaa80000)
  object space 43520K, 0% used [0x00000000c0000000,0x00000000c0000000,0x00000000c2a80000)
 PSPermGen       total 21504K, used 10240K [0x00000000bae00000, 0x00000000bc300000, 0x00000000c0000000)
  object space 21504K, 47% used [0x00000000bae00000,0x00000000bb8002e0,0x00000000bc300000)
Event: 1.279 GC heap after
Heap after GC invocations=1 (full 0):
 PSYoungGen      total 19456K, used 2544K [0x00000000eaa80000, 0x00000000ed080000, 0x0000000100000000)
  eden space 16896K, 0% used [0x00000000eaa80000,0x00000000eaa80000,0x00000000ebb00000)
  from space 2560K, 99% used [0x00000000ebb00000,0x00000000ebd7c380,0x00000000ebd80000)
  to   space 2560K, 0% used [0x00000000ece00000,0x00000000ece00000,0x00000000ed080000)
 ParOldGen       total 43520K, used 6879K [0x00000000c0000000, 0x00000000c2a80000, 0x00000000eaa80000)
  object space 43520K, 15% used [0x00000000c0000000,0x00000000c06b7f88,0x00000000c2a80000)
 PSPermGen       total 21504K, used 10240K [0x00000000bae00000, 0x00000000bc300000, 0x00000000c0000000)
  object space 21504K, 47% used [0x00000000bae00000,0x00000000bb8002e0,0x00000000bc300000)
}
Event: 2.393 GC heap before
{Heap before GC invocations=2 (full 0):
 PSYoungGen      total 19456K, used 19440K [0x00000000eaa80000, 0x00000000ed080000, 0x0000000100000000)
  eden space 16896K, 100% used [0x00000000eaa80000,0x00000000ebb00000,0x00000000ebb00000)
  from space 2560K, 99% used [0x00000000ebb00000,0x00000000ebd7c380,0x00000000ebd80000)
  to   space 2560K, 0% used [0x00000000ece00000,0x00000000ece00000,0x00000000ed080000)
 ParOldGen       total 43520K, used 6879K [0x00000000c0000000, 0x00000000c2a80000, 0x00000000eaa80000)
  object space 43520K, 15% used [0x00000000c0000000,0x00000000c06b7f88,0x00000000c2a80000)
 PSPermGen       total 21504K, used 14842K [0x00000000bae00000, 0x00000000bc300000, 0x00000000c0000000)
  object space 21504K, 69% used [0x00000000bae00000,0x00000000bbc7eaf8,0x00000000bc300000)
Event: 2.459 GC heap after
Heap after GC invocations=2 (full 0):
 PSYoungGen      total 36352K, used 2528K [0x00000000eaa80000, 0x00000000ed080000, 0x0000000100000000)
  eden space 33792K, 0% used [0x00000000eaa80000,0x00000000eaa80000,0x00000000ecb80000)
  from space 2560K, 98% used [0x00000000ece00000,0x00000000ed078040,0x00000000ed080000)
  to   space 2560K, 0% used [0x00000000ecb80000,0x00000000ecb80000,0x00000000ece00000)
 ParOldGen       total 43520K, used 7681K [0x00000000c0000000, 0x00000000c2a80000, 0x00000000eaa80000)
  object space 43520K, 17% used [0x00000000c0000000,0x00000000c0780498,0x00000000c2a80000)
 PSPermGen       total 21504K, used 14842K [0x00000000bae00000, 0x00000000bc300000, 0x00000000c0000000)
  object space 21504K, 69% used [0x00000000bae00000,0x00000000bbc7eaf8,0x00000000bc300000)
}
Event: 5.211 GC heap before
{Heap before GC invocations=3 (full 0):
 PSYoungGen      total 36352K, used 36320K [0x00000000eaa80000, 0x00000000ed080000, 0x0000000100000000)
  eden space 33792K, 100% used [0x00000000eaa80000,0x00000000ecb80000,0x00000000ecb80000)
  from space 2560K, 98% used [0x00000000ece00000,0x00000000ed078040,0x00000000ed080000)
  to   space 2560K, 0% used [0x00000000ecb80000,0x00000000ecb80000,0x00000000ece00000)
 ParOldGen       total 43520K, used 7681K [0x00000000c0000000, 0x00000000c2a80000, 0x00000000eaa80000)
  object space 43520K, 17% used [0x00000000c0000000,0x00000000c0780498,0x00000000c2a80000)
 PSPermGen       total 21504K, used 15254K [0x00000000bae00000, 0x00000000bc300000, 0x00000000c0000000)
  object space 21504K, 70% used [0x00000000bae00000,0x00000000bbce5b60,0x00000000bc300000)
Event: 5.240 GC heap after
Heap after GC invocations=3 (full 0):
 PSYoungGen      total 36352K, used 2528K [0x00000000eaa80000, 0x00000000ef180000, 0x0000000100000000)
  eden space 33792K, 0% used [0x00000000eaa80000,0x00000000eaa80000,0x00000000ecb80000)
  from space 2560K, 98% used [0x00000000ecb80000,0x00000000ecdf8020,0x00000000ece00000)
  to   space 2560K, 0% used [0x00000000eef00000,0x00000000eef00000,0x00000000ef180000)
 ParOldGen       total 43520K, used 8293K [0x00000000c0000000, 0x00000000c2a80000, 0x00000000eaa80000)
  object space 43520K, 19% used [0x00000000c0000000,0x00000000c0819520,0x00000000c2a80000)
 PSPermGen       total 21504K, used 15254K [0x00000000bae00000, 0x00000000bc300000, 0x00000000c0000000)
  object space 21504K, 70% used [0x00000000bae00000,0x00000000bbce5b60,0x00000000bc300000)
}

Deoptimization events (10 events):
Event: 4.039 Thread 0x000000000a009000 Uncommon trap: reason=unreached action=reinterpret pc=0x00000000025035cc method=sun.java2d.SunGraphics2D.validateColor()V @ 38
Event: 6.424 Thread 0x000000000a009000 Uncommon trap: reason=unreached action=reinterpret pc=0x000000000254cf00 method=com.jogamp.common.util.IntIntHashMap.get(I)I @ 19
Event: 6.665 Thread 0x000000000a009000 Uncommon trap: reason=class_check action=maybe_recompile pc=0x0000000002553080 method=com.jogamp.common.nio.Buffers.isDirect(Ljava/lang/Object;)Z @ 13
Event: 6.665 Thread 0x000000000a009000 Uncommon trap: reason=class_check action=maybe_recompile pc=0x0000000002552e44 method=com.jogamp.common.nio.Buffers.getDirectBufferByteOffset(Ljava/lang/Object;)I @ 7
Event: 6.665 Thread 0x000000000a009000 Uncommon trap: reason=class_check action=maybe_recompile pc=0x0000000002553080 method=com.jogamp.common.nio.Buffers.isDirect(Ljava/lang/Object;)Z @ 13
Event: 6.665 Thread 0x000000000a009000 Uncommon trap: reason=class_check action=maybe_recompile pc=0x0000000002552e44 method=com.jogamp.common.nio.Buffers.getDirectBufferByteOffset(Ljava/lang/Object;)I @ 7
Event: 6.666 Thread 0x000000000a009000 Uncommon trap: reason=class_check action=maybe_recompile pc=0x0000000002553080 method=com.jogamp.common.nio.Buffers.isDirect(Ljava/lang/Object;)Z @ 13
Event: 6.666 Thread 0x000000000a009000 Uncommon trap: reason=class_check action=maybe_recompile pc=0x0000000002552e44 method=com.jogamp.common.nio.Buffers.getDirectBufferByteOffset(Ljava/lang/Object;)I @ 7
Event: 6.666 Thread 0x000000000a009000 Uncommon trap: reason=class_check action=maybe_recompile pc=0x0000000002553080 method=com.jogamp.common.nio.Buffers.isDirect(Ljava/lang/Object;)Z @ 13
Event: 6.666 Thread 0x000000000a009000 Uncommon trap: reason=class_check action=maybe_recompile pc=0x0000000002552e44 method=com.jogamp.common.nio.Buffers.getDirectBufferByteOffset(Ljava/lang/Object;)I @ 7

Internal exceptions (10 events):
Event: 5.813 Thread 0x000000000a180800 Threw 0x00000000eb3718b0 at C:\re\jdk7u45\229\hotspot\src\share\vm\prims\jvm.cpp:1244
Event: 5.817 Thread 0x000000000a180800 Threw 0x00000000eb377bc0 at C:\re\jdk7u45\229\hotspot\src\share\vm\prims\jvm.cpp:1244
Event: 5.817 Thread 0x000000000a180800 Threw 0x00000000eb37ad50 at C:\re\jdk7u45\229\hotspot\src\share\vm\prims\jvm.cpp:1244
Event: 5.818 Thread 0x000000000a180800 Threw 0x00000000eb380048 at C:\re\jdk7u45\229\hotspot\src\share\vm\prims\jvm.cpp:1244
Event: 5.819 Thread 0x000000000a180800 Threw 0x00000000eb3851e0 at C:\re\jdk7u45\229\hotspot\src\share\vm\prims\jvm.cpp:1244
Event: 5.820 Thread 0x000000000a180800 Threw 0x00000000eb388790 at C:\re\jdk7u45\229\hotspot\src\share\vm\prims\jvm.cpp:1244
Event: 5.820 Thread 0x000000000a180800 Threw 0x00000000eb38c3e8 at C:\re\jdk7u45\229\hotspot\src\share\vm\prims\jvm.cpp:1244
Event: 5.821 Thread 0x000000000a180800 Threw 0x00000000eb38f150 at C:\re\jdk7u45\229\hotspot\src\share\vm\prims\jvm.cpp:1244
Event: 5.895 Thread 0x000000000a009000 Threw 0x00000000eb094090 at C:\re\jdk7u45\229\hotspot\src\share\vm\prims\jvm.cpp:1244
Event: 6.421 Thread 0x000000000a009000 Threw 0x00000000ebab7270 at C:\re\jdk7u45\229\hotspot\src\share\vm\prims\jvm.cpp:1244

Events (10 events):
Event: 6.703 loading class 0x000000000a1ae910
Event: 6.703 loading class 0x000000000a1ae910 done
Event: 6.703 loading class 0x000000000a1ae940
Event: 6.703 loading class 0x000000000a1ae940 done
Event: 6.703 loading class 0x000000000a1ae970
Event: 6.704 loading class 0x000000000a1ae970 done
Event: 6.704 loading class 0x000000000a1ae9a0
Event: 6.704 loading class 0x000000000a1ae9a0 done
Event: 6.708 Executing VM operation: RevokeBias
Event: 6.708 Executing VM operation: RevokeBias done


Dynamic libraries:
0x000000013fff0000 - 0x0000000140023000 	C:\Program Files\Java\jre7\bin\javaw.exe
0x00000000775f0000 - 0x0000000077799000 	C:\Windows\SYSTEM32\ntdll.dll
0x00000000774d0000 - 0x00000000775ef000 	C:\Windows\system32\kernel32.dll
0x000007fefd4f0000 - 0x000007fefd55c000 	C:\Windows\system32\KERNELBASE.dll
0x000007fefdae0000 - 0x000007fefdbbb000 	C:\Windows\system32\ADVAPI32.dll
0x000007fefdde0000 - 0x000007fefde7f000 	C:\Windows\system32\msvcrt.dll
0x000007feff800000 - 0x000007feff81f000 	C:\Windows\SYSTEM32\sechost.dll
0x000007feff040000 - 0x000007feff16d000 	C:\Windows\system32\RPCRT4.dll
0x00000000773d0000 - 0x00000000774ca000 	C:\Windows\system32\USER32.dll
0x000007fefdf50000 - 0x000007fefdfb7000 	C:\Windows\system32\GDI32.dll
0x000007fefeda0000 - 0x000007fefedae000 	C:\Windows\system32\LPK.dll
0x000007fefde80000 - 0x000007fefdf49000 	C:\Windows\system32\USP10.dll
0x000007fefbd70000 - 0x000007fefbf64000 	C:\Windows\WinSxS\amd64_microsoft.windows.common-controls_6595b64144ccf1df_6.0.7601.17514_none_fa396087175ac9ac\COMCTL32.dll
0x000007feff260000 - 0x000007feff2d1000 	C:\Windows\system32\SHLWAPI.dll
0x000007fefed70000 - 0x000007fefed9e000 	C:\Windows\system32\IMM32.DLL
0x000007feff6f0000 - 0x000007feff7f9000 	C:\Windows\system32\MSCTF.dll
0x00000000697b0000 - 0x0000000069882000 	C:\Program Files\Java\jre7\bin\msvcr100.dll
0x00000000662b0000 - 0x0000000066a79000 	C:\Program Files\Java\jre7\bin\server\jvm.dll
0x000007fef9c20000 - 0x000007fef9c29000 	C:\Windows\system32\WSOCK32.dll
0x000007feff210000 - 0x000007feff25d000 	C:\Windows\system32\WS2_32.dll
0x000007fefdc60000 - 0x000007fefdc68000 	C:\Windows\system32\NSI.dll
0x000007fefa0f0000 - 0x000007fefa12b000 	C:\Windows\system32\WINMM.dll
0x00000000777c0000 - 0x00000000777c7000 	C:\Windows\system32\PSAPI.DLL
0x00000000697a0000 - 0x00000000697af000 	C:\Program Files\Java\jre7\bin\verify.dll
0x0000000069770000 - 0x0000000069798000 	C:\Program Files\Java\jre7\bin\java.dll
0x0000000069750000 - 0x0000000069765000 	C:\Program Files\Java\jre7\bin\zip.dll
0x00000000691a0000 - 0x0000000069335000 	C:\Program Files\Java\jre7\bin\awt.dll
0x000007fefd7f0000 - 0x000007fefd8c7000 	C:\Windows\system32\OLEAUT32.dll
0x000007fefd8d0000 - 0x000007fefdad3000 	C:\Windows\system32\ole32.dll
0x000007fefb7b0000 - 0x000007fefb7c8000 	C:\Windows\system32\DWMAPI.DLL
0x000007fefbd10000 - 0x000007fefbd66000 	C:\Windows\system32\uxtheme.dll
0x000007fefd290000 - 0x000007fefd29f000 	C:\Windows\system32\CRYPTBASE.dll
0x000007fef72c0000 - 0x000007fef74bf000 	C:\Windows\system32\d3d9.dll
0x000007fefc4f0000 - 0x000007fefc4fc000 	C:\Windows\system32\VERSION.dll
0x000007fef72a0000 - 0x000007fef72a7000 	C:\Windows\system32\d3d8thk.dll
0x0000000072b30000 - 0x0000000072bf8000 	C:\Windows\system32\aticfx64.dll
0x000007fef9be0000 - 0x000007fef9bed000 	C:\Windows\system32\atiu9p64.dll
0x0000000064930000 - 0x0000000064e69000 	C:\Windows\system32\atiumd64.dll
0x0000000066cd0000 - 0x000000006709a000 	C:\Windows\system32\atiumd6a.dll
0x0000000069700000 - 0x0000000069746000 	C:\Program Files\Java\jre7\bin\fontmanager.dll
0x00000000696e0000 - 0x00000000696f9000 	C:\Program Files\Java\jre7\bin\net.dll
0x000007fefcbd0000 - 0x000007fefcc25000 	C:\Windows\system32\mswsock.dll
0x000007fefcbc0000 - 0x000007fefcbc7000 	C:\Windows\System32\wship6.dll
0x00000000696c0000 - 0x00000000696d1000 	C:\Program Files\Java\jre7\bin\nio.dll
0x0000000069150000 - 0x0000000069191000 	C:\Program Files\Java\jre7\bin\t2k.dll
0x000007fefdfc0000 - 0x000007fefed48000 	C:\Windows\system32\SHELL32.dll
0x000007fefcc30000 - 0x000007fefcc47000 	C:\Windows\system32\CRYPTSP.dll
0x000007fefc930000 - 0x000007fefc977000 	C:\Windows\system32\rsaenh.dll
0x000007fefd7c0000 - 0x000007fefd7de000 	C:\Windows\system32\USERENV.dll
0x000007fefd430000 - 0x000007fefd43f000 	C:\Windows\system32\profapi.dll
0x000007fefa130000 - 0x000007fefa145000 	C:\Windows\system32\NLAapi.dll
0x000007fef8f30000 - 0x000007fef8f45000 	C:\Windows\system32\napinsp.dll
0x000007fef8f50000 - 0x000007fef8f69000 	C:\Windows\system32\pnrpnsp.dll
0x000007fefca50000 - 0x000007fefcaab000 	C:\Windows\system32\DNSAPI.dll
0x000007fef8f20000 - 0x000007fef8f2b000 	C:\Windows\System32\winrnr.dll
0x000007fefc5c0000 - 0x000007fefc5c7000 	C:\Windows\System32\wshtcpip.dll
0x000007fef87a0000 - 0x000007fef87c7000 	C:\Windows\system32\IPHLPAPI.DLL
0x000007fef9e20000 - 0x000007fef9e2b000 	C:\Windows\system32\WINNSI.DLL
0x000007fef97e0000 - 0x000007fef97e8000 	C:\Windows\system32\rasadhlp.dll
0x000007fef9da0000 - 0x000007fef9df3000 	C:\Windows\System32\fwpuclnt.dll
0x00000000637c0000 - 0x00000000637ca000 	C:\Users\datam\AppData\Local\Temp\jogamp_0000\file_cache\jln2742276610093160305\jln6635226868112529640\gluegen-rt.dll
0x00000000696b0000 - 0x00000000696b7000 	C:\Program Files\Java\jre7\bin\jawt.dll
0x000000006a440000 - 0x000000006a44b000 	C:\Users\datam\AppData\Local\Temp\jogamp_0000\file_cache\jln2742276610093160305\jln6635226868112529640\nativewindow_awt.dll
0x000000006c100000 - 0x000000006c10b000 	C:\Users\datam\AppData\Local\Temp\jogamp_0000\file_cache\jln2742276610093160305\jln6635226868112529640\nativewindow_win32.dll
0x000007fef0c30000 - 0x000007fef0d4d000 	C:\Windows\system32\OpenGL32.dll
0x000007fef9bb0000 - 0x000007fef9bdd000 	C:\Windows\system32\GLU32.dll
0x000007feeedb0000 - 0x000007feeeea1000 	C:\Windows\system32\DDRAW.dll
0x000007fef95e0000 - 0x000007fef95e8000 	C:\Windows\system32\DCIMAN32.dll
0x000007feff2e0000 - 0x000007feff4b7000 	C:\Windows\system32\SETUPAPI.dll
0x000007fefd750000 - 0x000007fefd786000 	C:\Windows\system32\CFGMGR32.dll
0x000007fefd790000 - 0x000007fefd7aa000 	C:\Windows\system32\DEVOBJ.dll
0x0000000064500000 - 0x000000006458e000 	C:\Users\datam\AppData\Local\Temp\jogamp_0000\file_cache\jln2742276610093160305\jln6635226868112529640\jogl_desktop.dll
0x000007fef9550000 - 0x000007fef9558000 	C:\Windows\system32\atig6pxx.dll
0x00000000117a0000 - 0x0000000012deb000 	C:\Windows\system32\atio6axx.dll
0x000007fef9540000 - 0x000007fef954e000 	C:\Windows\system32\atig6txx.dll
0x0000000180000000 - 0x000000018005d000 	C:\Windows\system32\atiadlxx.dll
0x000007fefc680000 - 0x000007fefc691000 	C:\Windows\system32\WTSAPI32.dll
0x000007fefd580000 - 0x000007fefd5ba000 	C:\Windows\system32\WINTRUST.dll
0x000007fefd5e0000 - 0x000007fefd74c000 	C:\Windows\system32\CRYPT32.dll
0x000007fefd440000 - 0x000007fefd44f000 	C:\Windows\system32\MSASN1.dll
0x000007fef3810000 - 0x000007fef3935000 	C:\Windows\system32\dbghelp.dll

VM Arguments:
jvm_args: -Dfile.encoding=Cp1252 
java_command: render.Main
Launcher Type: SUN_STANDARD

Environment Variables:
PATH=C:/Program Files (x86)/Java/jre7/bin/client;C:/Program Files (x86)/Java/jre7/bin;C:/Program Files (x86)/Java/jre7/lib/i386;C:\Windows\system32;C:\Windows;C:\Windows\System32\Wbem;C:\Windows\System32\WindowsPowerShell\v1.0\;C:\Program Files (x86)\Lua\5.1;C:\Program Files (x86)\Lua\5.1\clibs;C:\Program Files\processing-2.2.1;C:\eclipse;
USERNAME=datam
OS=Windows_NT
PROCESSOR_IDENTIFIER=AMD64 Family 16 Model 2 Stepping 3, AuthenticAMD



---------------  S Y S T E M  ---------------

OS: Windows 7 , 64 bit Build 7601 Service Pack 1

CPU:total 3 (3 cores per cpu, 1 threads per core) family 16 model 2 stepping 3, cmov, cx8, fxsr, mmx, sse, sse2, sse3, popcnt, mmxext, 3dnowpref, lzcnt, sse4a, tsc, tscinvbit, tscinv

Memory: 4k page, physical 4192760k(2626464k free), swap 8383656k(6419076k free)

vm_info: Java HotSpot(TM) 64-Bit Server VM (24.45-b08) for windows-amd64 JRE (1.7.0_45-b18), built on Oct  8 2013 05:47:22 by "java_re" with unknown MS VC++:1600

time: Fri Aug 22 13:06:37 2014
elapsed time: 6 seconds

