#
# A fatal error has been detected by the Java Runtime Environment:
#
#  EXCEPTION_ACCESS_VIOLATION (0xc0000005) at pc=0x000007fef03cca04, pid=1644, tid=472
#
# JRE version: Java(TM) SE Runtime Environment (7.0_45-b18) (build 1.7.0_45-b18)
# Java VM: Java HotSpot(TM) 64-Bit Server VM (24.45-b08 mixed mode windows-amd64 compressed oops)
# Problematic frame:
# C  [OpenGL32.dll+0xdca04]
#
# Failed to write core dump. Minidumps are not enabled by default on client versions of Windows
#
# If you would like to submit a bug report, please visit:
#   http://bugreport.sun.com/bugreport/crash.jsp
# The crash happened outside the Java Virtual Machine in native code.
# See problematic frame for where to report the bug.
#

---------------  T H R E A D  ---------------

Current thread (0x000000000a239000):  JavaThread "Animation Thread" [_thread_in_native, id=472, stack(0x000000000f2c0000,0x000000000f3c0000)]

siginfo: ExceptionCode=0xc0000005, reading address 0x0000000000000698

Registers:
RAX=0x0000000000000000, RBX=0x00000000bba64b40, RCX=0x0000000000000001, RDX=0x000000000f3beb28
RSP=0x000000000f3bea68, RBP=0x000000000f3beaf0, RSI=0x000000000000001a, RDI=0x0000000000000007
R8 =0x0000000000000001, R9 =0x000007fef03cc9f0, R10=0x00000000025e2ac4, R11=0x000000006425f900
R12=0x0000000000000000, R13=0x00000000bba64b40, R14=0x000000000f3beb28, R15=0x000000000a239000
RIP=0x000007fef03cca04, EFLAGS=0x0000000000010283

Top of Stack: (sp=0x000000000f3bea68)
0x000000000f3bea68:   00000000025e2af0 0000000000000000
0x000000000f3bea78:   000000000f3bea90 000000000f3beae8
0x000000000f3bea88:   00000000025d60f8 0000000000000000
0x000000000f3bea98:   0000000000000000 0000000000000000
0x000000000f3beaa8:   000000000f3beaa8 000000000f3beab0
0x000000000f3beab8:   0000000000000000 000000000f3beb28
0x000000000f3beac8:   00000000bbc7d9c0 0000000000000000
0x000000000f3bead8:   00000000bba64b40 0000000000000000
0x000000000f3beae8:   000000000f3beb10 000000000f3beb70
0x000000000f3beaf8:   00000000025d60f8 0000000000000000
0x000000000f3beb08:   00000000025df0d8 000007fef03cc9f0
0x000000000f3beb18:   00000000025d62d3 0000000000000001
0x000000000f3beb28:   00000000ecbffa08 000000000f3beb30
0x000000000f3beb38:   00000000bba64a72 000000000f3beb98
0x000000000f3beb48:   00000000bbc7d9c0 0000000000000000
0x000000000f3beb58:   00000000bba64a80 000000000f3beb10 

Instructions: (pc=0x000007fef03cca04)
0x000007fef03cc9e4:   cc cc cc cc cc cc 66 0f 1f 44 00 00 8b 05 d6 18
0x000007fef03cc9f4:   01 00 83 f8 40 73 0f 65 48 8b 04 c5 80 14 00 00
0x000007fef03cca04:   ff a0 98 06 00 00 b8 d3 00 00 00 e9 ac e1 ff ff
0x000007fef03cca14:   cc cc cc cc cc cc 66 0f 1f 44 00 00 8b 05 a6 18 


Register to memory mapping:

RAX=0x0000000000000000 is an unknown value
RBX=0x00000000bba64b40 is an oop
{method} 
 - klass: {other class}
RCX=0x0000000000000001 is an unknown value
RDX=0x000000000f3beb28 is pointing into the stack for thread: 0x000000000a239000
RSP=0x000000000f3bea68 is pointing into the stack for thread: 0x000000000a239000
RBP=0x000000000f3beaf0 is pointing into the stack for thread: 0x000000000a239000
RSI=0x000000000000001a is an unknown value
RDI=0x0000000000000007 is an unknown value
R8 =0x0000000000000001 is an unknown value
R9 =0x000007fef03cc9f0 is an unknown value
R10=0x00000000025e2ac4 is at code_begin+644 in an Interpreter codelet
method entry point (kind = native)  [0x00000000025e2840, 0x00000000025e30e0]  2208 bytes
R11=0x000000006425f900 is an unknown value
R12=0x0000000000000000 is an unknown value
R13=0x00000000bba64b40 is an oop
{method} 
 - klass: {other class}
R14=0x000000000f3beb28 is pointing into the stack for thread: 0x000000000a239000
R15=0x000000000a239000 is a thread


Stack: [0x000000000f2c0000,0x000000000f3c0000],  sp=0x000000000f3bea68,  free space=1018k
Native frames: (J=compiled Java code, j=interpreted, Vv=VM code, C=native code)
C  [OpenGL32.dll+0xdca04]
j  jogamp.opengl.gl4.GL4bcImpl.glDepthMask(Z)V+34
j  processing.opengl.PGL.depthMask(Z)V+4
j  processing.opengl.PGraphicsOpenGL.backgroundImpl()V+8
j  processing.core.PGraphics.backgroundFromCalc()V+122
j  processing.core.PGraphics.background(I)V+6
j  processing.core.PGraphics.reapplySettings()V+190
j  processing.opengl.PGraphicsOpenGL.setSize(II)V+15
j  processing.core.PApplet.resizeRenderer(II)V+90
j  processing.core.PApplet.run()V+162
j  java.lang.Thread.run()V+11
v  ~StubRoutines::call_stub
V  [jvm.dll+0x1cb0c3]

Java frames: (J=compiled Java code, j=interpreted, Vv=VM code)
j  jogamp.opengl.gl4.GL4bcImpl.dispatch_glDepthMask1(ZJ)V+0
j  jogamp.opengl.gl4.GL4bcImpl.glDepthMask(Z)V+34
j  processing.opengl.PGL.depthMask(Z)V+4
j  processing.opengl.PGraphicsOpenGL.backgroundImpl()V+8
j  processing.core.PGraphics.backgroundFromCalc()V+122
j  processing.core.PGraphics.background(I)V+6
j  processing.core.PGraphics.reapplySettings()V+190
j  processing.opengl.PGraphicsOpenGL.setSize(II)V+15
j  processing.core.PApplet.resizeRenderer(II)V+90
j  processing.core.PApplet.run()V+162
j  java.lang.Thread.run()V+11
v  ~StubRoutines::call_stub

---------------  P R O C E S S  ---------------

Java Threads: ( => current thread )
  0x000000000ec40000 JavaThread "Animation Thread-SharedResourceRunner" daemon [_thread_blocked, id=3732, stack(0x000000000fef0000,0x000000000fff0000)]
  0x00000000003fd800 JavaThread "DestroyJavaVM" [_thread_blocked, id=2268, stack(0x00000000024d0000,0x00000000025d0000)]
=>0x000000000a239000 JavaThread "Animation Thread" [_thread_in_native, id=472, stack(0x000000000f2c0000,0x000000000f3c0000)]
  0x000000000a15b000 JavaThread "D3D Screen Updater" daemon [_thread_blocked, id=3192, stack(0x000000000e680000,0x000000000e780000)]
  0x000000000a160000 JavaThread "Animation Thread" [_thread_in_native, id=3308, stack(0x000000000e480000,0x000000000e580000)]
  0x000000000a0c6800 JavaThread "AWT-EventQueue-0" [_thread_blocked, id=2620, stack(0x000000000cb30000,0x000000000cc30000)]
  0x000000000a027800 JavaThread "AWT-Windows" daemon [_thread_in_native, id=3388, stack(0x000000000a6e0000,0x000000000a7e0000)]
  0x000000000a024800 JavaThread "AWT-Shutdown" [_thread_blocked, id=1216, stack(0x000000000a510000,0x000000000a610000)]
  0x000000000a024000 JavaThread "Java2D Disposer" daemon [_thread_blocked, id=2728, stack(0x000000000a310000,0x000000000a410000)]
  0x00000000083e2800 JavaThread "Service Thread" daemon [_thread_blocked, id=2768, stack(0x0000000009900000,0x0000000009a00000)]
  0x00000000083d9800 JavaThread "C2 CompilerThread1" daemon [_thread_blocked, id=1080, stack(0x0000000009bb0000,0x0000000009cb0000)]
  0x00000000083d3000 JavaThread "C2 CompilerThread0" daemon [_thread_blocked, id=2000, stack(0x0000000009a10000,0x0000000009b10000)]
  0x00000000083cd000 JavaThread "Attach Listener" daemon [_thread_blocked, id=2936, stack(0x00000000095e0000,0x00000000096e0000)]
  0x00000000083cc000 JavaThread "Signal Dispatcher" daemon [_thread_blocked, id=3700, stack(0x0000000009720000,0x0000000009820000)]
  0x0000000008378000 JavaThread "Finalizer" daemon [_thread_blocked, id=2256, stack(0x00000000094b0000,0x00000000095b0000)]
  0x000000000836f000 JavaThread "Reference Handler" daemon [_thread_blocked, id=844, stack(0x00000000092e0000,0x00000000093e0000)]

Other Threads:
  0x0000000008367000 VMThread [stack: 0x00000000091a0000,0x00000000092a0000] [id=520]
  0x00000000083ec000 WatcherThread [stack: 0x0000000009df0000,0x0000000009ef0000] [id=2868]

VM state:not at safepoint (normal execution)

VM Mutex/Monitor currently owned by a thread: None

Heap
 PSYoungGen      total 36352K, used 9033K [0x00000000eaa80000, 0x00000000f0080000, 0x0000000100000000)
  eden space 33792K, 19% used [0x00000000eaa80000,0x00000000eb0d6640,0x00000000ecb80000)
  from space 2560K, 99% used [0x00000000ecb80000,0x00000000ecdfc010,0x00000000ece00000)
  to   space 10240K, 0% used [0x00000000ef680000,0x00000000ef680000,0x00000000f0080000)
 ParOldGen       total 43520K, used 15245K [0x00000000c0000000, 0x00000000c2a80000, 0x00000000eaa80000)
  object space 43520K, 35% used [0x00000000c0000000,0x00000000c0ee3550,0x00000000c2a80000)
 PSPermGen       total 21504K, used 15687K [0x00000000bae00000, 0x00000000bc300000, 0x00000000c0000000)
  object space 21504K, 72% used [0x00000000bae00000,0x00000000bbd51d98,0x00000000bc300000)

Card table byte_map: [0x00000000055d0000,0x0000000005800000] byte_map_base: 0x0000000004ff9000

Polling page: 0x00000000000b0000

Code Cache  [0x00000000025d0000, 0x0000000002840000, 0x00000000055d0000)
 total_blobs=900 nmethods=147 adapters=706 free_code_cache=48165Kb largest_free_block=49287424

Compilation events (10 events):
Event: 5.673 Thread 0x00000000083d3000 nmethod 142 0x00000000026bb790 code [0x00000000026bb8c0, 0x00000000026bb938]
Event: 5.673 Thread 0x00000000083d3000  143             processing.opengl.PGL::texSubImage2D (24 bytes)
Event: 5.684 Thread 0x00000000083d3000 nmethod 143 0x00000000026c5050 code [0x00000000026c5240, 0x00000000026c5920]
Event: 5.684 Thread 0x00000000083d3000  144             jogamp.opengl.gl4.GL4bcImpl::glTexSubImage2D (120 bytes)
Event: 5.694 Thread 0x00000000083d3000 nmethod 144 0x00000000026c82d0 code [0x00000000026c84c0, 0x00000000026c8a80]
Event: 5.694 Thread 0x00000000083d3000  145             com.jogamp.common.nio.Buffers::remainingBytes (219 bytes)
Event: 5.696 Thread 0x00000000083d3000 nmethod 145 0x00000000026c1710 code [0x00000000026c1840, 0x00000000026c18b8]
Event: 5.709 Thread 0x00000000083d9800 nmethod 141 0x00000000026cbb90 code [0x00000000026cbe00, 0x00000000026cced8]
Event: 5.790 Thread 0x00000000083d3000  147 %           processing.opengl.PGL::nativeToJavaARGB @ 101 (339 bytes)
Event: 5.819 Thread 0x00000000083d3000 nmethod 147% 0x00000000026c7450 code [0x00000000026c75a0, 0x00000000026c80d8]

GC Heap History (10 events):
Event: 1.276 GC heap before
{Heap before GC invocations=1 (full 0):
 PSYoungGen      total 19456K, used 16896K [0x00000000eaa80000, 0x00000000ec000000, 0x0000000100000000)
  eden space 16896K, 100% used [0x00000000eaa80000,0x00000000ebb00000,0x00000000ebb00000)
  from space 2560K, 0% used [0x00000000ebd80000,0x00000000ebd80000,0x00000000ec000000)
  to   space 2560K, 0% used [0x00000000ebb00000,0x00000000ebb00000,0x00000000ebd80000)
 ParOldGen       total 43520K, used 0K [0x00000000c0000000, 0x00000000c2a80000, 0x00000000eaa80000)
  object space 43520K, 0% used [0x00000000c0000000,0x00000000c0000000,0x00000000c2a80000)
 PSPermGen       total 21504K, used 9741K [0x00000000bae00000, 0x00000000bc300000, 0x00000000c0000000)
  object space 21504K, 45% used [0x00000000bae00000,0x00000000bb7837b0,0x00000000bc300000)
Event: 1.287 GC heap after
Heap after GC invocations=1 (full 0):
 PSYoungGen      total 19456K, used 2535K [0x00000000eaa80000, 0x00000000ec000000, 0x0000000100000000)
  eden space 16896K, 0% used [0x00000000eaa80000,0x00000000eaa80000,0x00000000ebb00000)
  from space 2560K, 99% used [0x00000000ebb00000,0x00000000ebd79c90,0x00000000ebd80000)
  to   space 2560K, 0% used [0x00000000ebd80000,0x00000000ebd80000,0x00000000ec000000)
 ParOldGen       total 43520K, used 7320K [0x00000000c0000000, 0x00000000c2a80000, 0x00000000eaa80000)
  object space 43520K, 16% used [0x00000000c0000000,0x00000000c07262b0,0x00000000c2a80000)
 PSPermGen       total 21504K, used 9741K [0x00000000bae00000, 0x00000000bc300000, 0x00000000c0000000)
  object space 21504K, 45% used [0x00000000bae00000,0x00000000bb7837b0,0x00000000bc300000)
}
Event: 1.962 GC heap before
{Heap before GC invocations=2 (full 0):
 PSYoungGen      total 19456K, used 19431K [0x00000000eaa80000, 0x00000000ec000000, 0x0000000100000000)
  eden space 16896K, 100% used [0x00000000eaa80000,0x00000000ebb00000,0x00000000ebb00000)
  from space 2560K, 99% used [0x00000000ebb00000,0x00000000ebd79c90,0x00000000ebd80000)
  to   space 2560K, 0% used [0x00000000ebd80000,0x00000000ebd80000,0x00000000ec000000)
 ParOldGen       total 43520K, used 7339K [0x00000000c0000000, 0x00000000c2a80000, 0x00000000eaa80000)
  object space 43520K, 16% used [0x00000000c0000000,0x00000000c072ae70,0x00000000c2a80000)
 PSPermGen       total 21504K, used 14503K [0x00000000bae00000, 0x00000000bc300000, 0x00000000c0000000)
  object space 21504K, 67% used [0x00000000bae00000,0x00000000bbc29e60,0x00000000bc300000)
Event: 1.973 GC heap after
Heap after GC invocations=2 (full 0):
 PSYoungGen      total 19456K, used 2546K [0x00000000eaa80000, 0x00000000ed080000, 0x0000000100000000)
  eden space 16896K, 0% used [0x00000000eaa80000,0x00000000eaa80000,0x00000000ebb00000)
  from space 2560K, 99% used [0x00000000ebd80000,0x00000000ebffcbc0,0x00000000ec000000)
  to   space 2560K, 0% used [0x00000000ebb00000,0x00000000ebb00000,0x00000000ebd80000)
 ParOldGen       total 43520K, used 8483K [0x00000000c0000000, 0x00000000c2a80000, 0x00000000eaa80000)
  object space 43520K, 19% used [0x00000000c0000000,0x00000000c0848cc0,0x00000000c2a80000)
 PSPermGen       total 21504K, used 14503K [0x00000000bae00000, 0x00000000bc300000, 0x00000000c0000000)
  object space 21504K, 67% used [0x00000000bae00000,0x00000000bbc29e60,0x00000000bc300000)
}
Event: 3.057 GC heap before
{Heap before GC invocations=3 (full 0):
 PSYoungGen      total 19456K, used 19442K [0x00000000eaa80000, 0x00000000ed080000, 0x0000000100000000)
  eden space 16896K, 100% used [0x00000000eaa80000,0x00000000ebb00000,0x00000000ebb00000)
  from space 2560K, 99% used [0x00000000ebd80000,0x00000000ebffcbc0,0x00000000ec000000)
  to   space 2560K, 0% used [0x00000000ebb00000,0x00000000ebb00000,0x00000000ebd80000)
 ParOldGen       total 43520K, used 8485K [0x00000000c0000000, 0x00000000c2a80000, 0x00000000eaa80000)
  object space 43520K, 19% used [0x00000000c0000000,0x00000000c08494a0,0x00000000c2a80000)
 PSPermGen       total 21504K, used 15180K [0x00000000bae00000, 0x00000000bc300000, 0x00000000c0000000)
  object space 21504K, 70% used [0x00000000bae00000,0x00000000bbcd32b8,0x00000000bc300000)
Event: 3.075 GC heap after
Heap after GC invocations=3 (full 0):
 PSYoungGen      total 19456K, used 2560K [0x00000000eaa80000, 0x00000000ed080000, 0x0000000100000000)
  eden space 16896K, 0% used [0x00000000eaa80000,0x00000000eaa80000,0x00000000ebb00000)
  from space 2560K, 100% used [0x00000000ebb00000,0x00000000ebd80000,0x00000000ebd80000)
  to   space 2560K, 0% used [0x00000000ece00000,0x00000000ece00000,0x00000000ed080000)
 ParOldGen       total 43520K, used 9252K [0x00000000c0000000, 0x00000000c2a80000, 0x00000000eaa80000)
  object space 43520K, 21% used [0x00000000c0000000,0x00000000c09090c0,0x00000000c2a80000)
 PSPermGen       total 21504K, used 15180K [0x00000000bae00000, 0x00000000bc300000, 0x00000000c0000000)
  object space 21504K, 70% used [0x00000000bae00000,0x00000000bbcd32b8,0x00000000bc300000)
}
Event: 4.150 GC heap before
{Heap before GC invocations=4 (full 0):
 PSYoungGen      total 19456K, used 19456K [0x00000000eaa80000, 0x00000000ed080000, 0x0000000100000000)
  eden space 16896K, 100% used [0x00000000eaa80000,0x00000000ebb00000,0x00000000ebb00000)
  from space 2560K, 100% used [0x00000000ebb00000,0x00000000ebd80000,0x00000000ebd80000)
  to   space 2560K, 0% used [0x00000000ece00000,0x00000000ece00000,0x00000000ed080000)
 ParOldGen       total 43520K, used 9252K [0x00000000c0000000, 0x00000000c2a80000, 0x00000000eaa80000)
  object space 43520K, 21% used [0x00000000c0000000,0x00000000c09090c0,0x00000000c2a80000)
 PSPermGen       total 21504K, used 15243K [0x00000000bae00000, 0x00000000bc300000, 0x00000000c0000000)
  object space 21504K, 70% used [0x00000000bae00000,0x00000000bbce2de8,0x00000000bc300000)
Event: 4.191 GC heap after
Heap after GC invocations=4 (full 0):
 PSYoungGen      total 36352K, used 2560K [0x00000000eaa80000, 0x00000000ed080000, 0x0000000100000000)
  eden space 33792K, 0% used [0x00000000eaa80000,0x00000000eaa80000,0x00000000ecb80000)
  from space 2560K, 100% used [0x00000000ece00000,0x00000000ed080000,0x00000000ed080000)
  to   space 2560K, 0% used [0x00000000ecb80000,0x00000000ecb80000,0x00000000ece00000)
 ParOldGen       total 43520K, used 9397K [0x00000000c0000000, 0x00000000c2a80000, 0x00000000eaa80000)
  object space 43520K, 21% used [0x00000000c0000000,0x00000000c092d6c0,0x00000000c2a80000)
 PSPermGen       total 21504K, used 15243K [0x00000000bae00000, 0x00000000bc300000, 0x00000000c0000000)
  object space 21504K, 70% used [0x00000000bae00000,0x00000000bbce2de8,0x00000000bc300000)
}
Event: 5.718 GC heap before
{Heap before GC invocations=5 (full 0):
 PSYoungGen      total 36352K, used 32933K [0x00000000eaa80000, 0x00000000ed080000, 0x0000000100000000)
  eden space 33792K, 89% used [0x00000000eaa80000,0x00000000ec829758,0x00000000ecb80000)
  from space 2560K, 100% used [0x00000000ece00000,0x00000000ed080000,0x00000000ed080000)
  to   space 2560K, 0% used [0x00000000ecb80000,0x00000000ecb80000,0x00000000ece00000)
 ParOldGen       total 43520K, used 14671K [0x00000000c0000000, 0x00000000c2a80000, 0x00000000eaa80000)
  object space 43520K, 33% used [0x00000000c0000000,0x00000000c0e53c90,0x00000000c2a80000)
 PSPermGen       total 21504K, used 15655K [0x00000000bae00000, 0x00000000bc300000, 0x00000000c0000000)
  object space 21504K, 72% used [0x00000000bae00000,0x00000000bbd49d10,0x00000000bc300000)
Event: 5.727 GC heap after
Heap after GC invocations=5 (full 0):
 PSYoungGen      total 36352K, used 2544K [0x00000000eaa80000, 0x00000000f0080000, 0x0000000100000000)
  eden space 33792K, 0% used [0x00000000eaa80000,0x00000000eaa80000,0x00000000ecb80000)
  from space 2560K, 99% used [0x00000000ecb80000,0x00000000ecdfc010,0x00000000ece00000)
  to   space 10240K, 0% used [0x00000000ef680000,0x00000000ef680000,0x00000000f0080000)
 ParOldGen       total 43520K, used 15245K [0x00000000c0000000, 0x00000000c2a80000, 0x00000000eaa80000)
  object space 43520K, 35% used [0x00000000c0000000,0x00000000c0ee3550,0x00000000c2a80000)
 PSPermGen       total 21504K, used 15655K [0x00000000bae00000, 0x00000000bc300000, 0x00000000c0000000)
  object space 21504K, 72% used [0x00000000bae00000,0x00000000bbd49d10,0x00000000bc300000)
}

Deoptimization events (10 events):
Event: 3.221 Thread 0x000000000ec40000 Uncommon trap: reason=unreached action=reinterpret pc=0x00000000026b4bd8 method=java.lang.Class.searchFields([Ljava/lang/reflect/Field;Ljava/lang/String;)Ljava/lang/reflect/Field; @ 23
Event: 5.713 Thread 0x000000000a0c6800 Uncommon trap: reason=unreached action=reinterpret pc=0x00000000026b70c0 method=com.jogamp.common.util.IntIntHashMap.get(I)I @ 19
Event: 5.946 Thread 0x000000000a0c6800 Uncommon trap: reason=class_check action=maybe_recompile pc=0x00000000026bb6c0 method=com.jogamp.common.nio.Buffers.isDirect(Ljava/lang/Object;)Z @ 13
Event: 5.946 Thread 0x000000000a0c6800 Uncommon trap: reason=class_check action=maybe_recompile pc=0x00000000026bc7c4 method=com.jogamp.common.nio.Buffers.getDirectBufferByteOffset(Ljava/lang/Object;)I @ 7
Event: 5.946 Thread 0x000000000a0c6800 Uncommon trap: reason=class_check action=maybe_recompile pc=0x00000000026bb6c0 method=com.jogamp.common.nio.Buffers.isDirect(Ljava/lang/Object;)Z @ 13
Event: 5.946 Thread 0x000000000a0c6800 Uncommon trap: reason=class_check action=maybe_recompile pc=0x00000000026bc7c4 method=com.jogamp.common.nio.Buffers.getDirectBufferByteOffset(Ljava/lang/Object;)I @ 7
Event: 5.947 Thread 0x000000000a0c6800 Uncommon trap: reason=class_check action=maybe_recompile pc=0x00000000026bb6c0 method=com.jogamp.common.nio.Buffers.isDirect(Ljava/lang/Object;)Z @ 13
Event: 5.947 Thread 0x000000000a0c6800 Uncommon trap: reason=class_check action=maybe_recompile pc=0x00000000026bc7c4 method=com.jogamp.common.nio.Buffers.getDirectBufferByteOffset(Ljava/lang/Object;)I @ 7
Event: 5.947 Thread 0x000000000a0c6800 Uncommon trap: reason=class_check action=maybe_recompile pc=0x00000000026bb6c0 method=com.jogamp.common.nio.Buffers.isDirect(Ljava/lang/Object;)Z @ 13
Event: 5.947 Thread 0x000000000a0c6800 Uncommon trap: reason=class_check action=maybe_recompile pc=0x00000000026bc7c4 method=com.jogamp.common.nio.Buffers.getDirectBufferByteOffset(Ljava/lang/Object;)I @ 7

Internal exceptions (10 events):
Event: 5.103 Thread 0x000000000a239000 Threw 0x00000000ebabeca8 at C:\re\jdk7u45\229\hotspot\src\share\vm\prims\jvm.cpp:1244
Event: 5.105 Thread 0x000000000a239000 Threw 0x00000000ebac4f98 at C:\re\jdk7u45\229\hotspot\src\share\vm\prims\jvm.cpp:1244
Event: 5.106 Thread 0x000000000a239000 Threw 0x00000000ebac8128 at C:\re\jdk7u45\229\hotspot\src\share\vm\prims\jvm.cpp:1244
Event: 5.107 Thread 0x000000000a239000 Threw 0x00000000ebacd420 at C:\re\jdk7u45\229\hotspot\src\share\vm\prims\jvm.cpp:1244
Event: 5.108 Thread 0x000000000a239000 Threw 0x00000000ebad25b8 at C:\re\jdk7u45\229\hotspot\src\share\vm\prims\jvm.cpp:1244
Event: 5.108 Thread 0x000000000a239000 Threw 0x00000000ebb3fa38 at C:\re\jdk7u45\229\hotspot\src\share\vm\prims\jvm.cpp:1244
Event: 5.109 Thread 0x000000000a239000 Threw 0x00000000ebb43690 at C:\re\jdk7u45\229\hotspot\src\share\vm\prims\jvm.cpp:1244
Event: 5.110 Thread 0x000000000a239000 Threw 0x00000000ebb463f8 at C:\re\jdk7u45\229\hotspot\src\share\vm\prims\jvm.cpp:1244
Event: 5.179 Thread 0x000000000a0c6800 Threw 0x00000000eab2acc8 at C:\re\jdk7u45\229\hotspot\src\share\vm\prims\jvm.cpp:1244
Event: 5.710 Thread 0x000000000a0c6800 Threw 0x00000000ebf63cf0 at C:\re\jdk7u45\229\hotspot\src\share\vm\prims\jvm.cpp:1244

Events (10 events):
Event: 6.002 loading class 0x000000000ede4160
Event: 6.002 loading class 0x000000000ede4160 done
Event: 6.002 loading class 0x000000000ede4190
Event: 6.002 loading class 0x000000000ede4190 done
Event: 6.002 loading class 0x000000000ede41c0
Event: 6.002 loading class 0x000000000ede41c0 done
Event: 6.002 loading class 0x000000000ede41f0
Event: 6.002 loading class 0x000000000ede41f0 done
Event: 6.002 loading class 0x000000000ede4220
Event: 6.002 loading class 0x000000000ede4220 done


Dynamic libraries:
0x000000013fd10000 - 0x000000013fd43000 	C:\Program Files\Java\jre7\bin\javaw.exe
0x0000000076e00000 - 0x0000000076fa9000 	C:\Windows\SYSTEM32\ntdll.dll
0x0000000076be0000 - 0x0000000076cff000 	C:\Windows\system32\kernel32.dll
0x000007fefccb0000 - 0x000007fefcd1c000 	C:\Windows\system32\KERNELBASE.dll
0x000007fefd690000 - 0x000007fefd76b000 	C:\Windows\system32\ADVAPI32.dll
0x000007fefe510000 - 0x000007fefe5af000 	C:\Windows\system32\msvcrt.dll
0x000007fefe720000 - 0x000007fefe73f000 	C:\Windows\SYSTEM32\sechost.dll
0x000007fefe7a0000 - 0x000007fefe8cd000 	C:\Windows\system32\RPCRT4.dll
0x0000000076d00000 - 0x0000000076dfa000 	C:\Windows\system32\USER32.dll
0x000007fefee50000 - 0x000007fefeeb7000 	C:\Windows\system32\GDI32.dll
0x000007fefd770000 - 0x000007fefd77e000 	C:\Windows\system32\LPK.dll
0x000007fefe9b0000 - 0x000007fefea79000 	C:\Windows\system32\USP10.dll
0x000007fefb580000 - 0x000007fefb774000 	C:\Windows\WinSxS\amd64_microsoft.windows.common-controls_6595b64144ccf1df_6.0.7601.17514_none_fa396087175ac9ac\COMCTL32.dll
0x000007fefd4a0000 - 0x000007fefd511000 	C:\Windows\system32\SHLWAPI.dll
0x000007fefeb20000 - 0x000007fefeb4e000 	C:\Windows\system32\IMM32.DLL
0x000007fefeb50000 - 0x000007fefec59000 	C:\Windows\system32\MSCTF.dll
0x0000000068550000 - 0x0000000068622000 	C:\Program Files\Java\jre7\bin\msvcr100.dll
0x0000000064080000 - 0x0000000064849000 	C:\Program Files\Java\jre7\bin\server\jvm.dll
0x000007fefae20000 - 0x000007fefae29000 	C:\Windows\system32\WSOCK32.dll
0x000007fefd520000 - 0x000007fefd56d000 	C:\Windows\system32\WS2_32.dll
0x000007fefec60000 - 0x000007fefec68000 	C:\Windows\system32\NSI.dll
0x000007fefa6c0000 - 0x000007fefa6fb000 	C:\Windows\system32\WINMM.dll
0x0000000076fc0000 - 0x0000000076fc7000 	C:\Windows\system32\PSAPI.DLL
0x000000006fc90000 - 0x000000006fc9f000 	C:\Program Files\Java\jre7\bin\verify.dll
0x00000000686e0000 - 0x0000000068708000 	C:\Program Files\Java\jre7\bin\java.dll
0x0000000068770000 - 0x0000000068785000 	C:\Program Files\Java\jre7\bin\zip.dll
0x00000000683b0000 - 0x0000000068545000 	C:\Program Files\Java\jre7\bin\awt.dll
0x000007fefe8d0000 - 0x000007fefe9a7000 	C:\Windows\system32\OLEAUT32.dll
0x000007fefd000000 - 0x000007fefd203000 	C:\Windows\system32\ole32.dll
0x000007fefafc0000 - 0x000007fefafd8000 	C:\Windows\system32\DWMAPI.DLL
0x000007fefb520000 - 0x000007fefb576000 	C:\Windows\system32\uxtheme.dll
0x000007fefcaa0000 - 0x000007fefcaaf000 	C:\Windows\system32\CRYPTBASE.dll
0x000007fef6a10000 - 0x000007fef6c0f000 	C:\Windows\system32\d3d9.dll
0x000007fefbd00000 - 0x000007fefbd0c000 	C:\Windows\system32\VERSION.dll
0x000007fef68e0000 - 0x000007fef68e7000 	C:\Windows\system32\d3d8thk.dll
0x00000000741b0000 - 0x0000000074278000 	C:\Windows\system32\aticfx64.dll
0x000007fefaeb0000 - 0x000007fefaebd000 	C:\Windows\system32\atiu9p64.dll
0x0000000063b40000 - 0x0000000064079000 	C:\Windows\system32\atiumd64.dll
0x00000000652b0000 - 0x000000006567a000 	C:\Windows\system32\atiumd6a.dll
0x0000000068690000 - 0x00000000686d6000 	C:\Program Files\Java\jre7\bin\fontmanager.dll
0x000000006c450000 - 0x000000006c469000 	C:\Program Files\Java\jre7\bin\net.dll
0x000007fefc3e0000 - 0x000007fefc435000 	C:\Windows\system32\mswsock.dll
0x000007fefc3d0000 - 0x000007fefc3d7000 	C:\Windows\System32\wship6.dll
0x0000000068750000 - 0x0000000068761000 	C:\Program Files\Java\jre7\bin\nio.dll
0x0000000068640000 - 0x0000000068681000 	C:\Program Files\Java\jre7\bin\t2k.dll
0x000007fefd780000 - 0x000007fefe508000 	C:\Windows\system32\SHELL32.dll
0x000007fefc440000 - 0x000007fefc457000 	C:\Windows\system32\CRYPTSP.dll
0x000007fefc140000 - 0x000007fefc187000 	C:\Windows\system32\rsaenh.dll
0x000007fefcee0000 - 0x000007fefcefe000 	C:\Windows\system32\USERENV.dll
0x000007fefcc40000 - 0x000007fefcc4f000 	C:\Windows\system32\profapi.dll
0x000007fefa630000 - 0x000007fefa645000 	C:\Windows\system32\NLAapi.dll
0x000007fef87e0000 - 0x000007fef87f5000 	C:\Windows\system32\napinsp.dll
0x000007fef8830000 - 0x000007fef8849000 	C:\Windows\system32\pnrpnsp.dll
0x000007fefc260000 - 0x000007fefc2bb000 	C:\Windows\system32\DNSAPI.dll
0x000007fef87d0000 - 0x000007fef87db000 	C:\Windows\System32\winrnr.dll
0x000007fefbdd0000 - 0x000007fefbdd7000 	C:\Windows\System32\wshtcpip.dll
0x000007fef8060000 - 0x000007fef8087000 	C:\Windows\system32\IPHLPAPI.DLL
0x000007fef7f40000 - 0x000007fef7f4b000 	C:\Windows\system32\WINNSI.DLL
0x000007fef8ec0000 - 0x000007fef8ec8000 	C:\Windows\system32\rasadhlp.dll
0x000007fef95c0000 - 0x000007fef9613000 	C:\Windows\System32\fwpuclnt.dll
0x00000000637c0000 - 0x00000000637ca000 	C:\Users\datam\AppData\Local\Temp\jogamp_0000\file_cache\jln2698616653557168464\jln1446028245642634900\gluegen-rt.dll
0x0000000072530000 - 0x0000000072537000 	C:\Program Files\Java\jre7\bin\jawt.dll
0x000000006a440000 - 0x000000006a44b000 	C:\Users\datam\AppData\Local\Temp\jogamp_0000\file_cache\jln2698616653557168464\jln1446028245642634900\nativewindow_awt.dll
0x000000006c100000 - 0x000000006c10b000 	C:\Users\datam\AppData\Local\Temp\jogamp_0000\file_cache\jln2698616653557168464\jln1446028245642634900\nativewindow_win32.dll
0x000007fef02f0000 - 0x000007fef040d000 	C:\Windows\system32\OpenGL32.dll
0x000007fef5570000 - 0x000007fef559d000 	C:\Windows\system32\GLU32.dll
0x000007feef8a0000 - 0x000007feef991000 	C:\Windows\system32\DDRAW.dll
0x000007fefade0000 - 0x000007fefade8000 	C:\Windows\system32\DCIMAN32.dll
0x000007fefec70000 - 0x000007fefee47000 	C:\Windows\system32\SETUPAPI.dll
0x000007fefcfb0000 - 0x000007fefcfe6000 	C:\Windows\system32\CFGMGR32.dll
0x000007fefcc80000 - 0x000007fefcc9a000 	C:\Windows\system32\DEVOBJ.dll
0x000000000c180000 - 0x000000000c20e000 	C:\Users\datam\AppData\Local\Temp\jogamp_0000\file_cache\jln2698616653557168464\jln1446028245642634900\jogl_desktop.dll
0x000007fefadf0000 - 0x000007fefadf8000 	C:\Windows\system32\atig6pxx.dll
0x00000000117e0000 - 0x0000000012e2b000 	C:\Windows\system32\atio6axx.dll
0x000007fefacd0000 - 0x000007fefacde000 	C:\Windows\system32\atig6txx.dll
0x0000000180000000 - 0x000000018005d000 	C:\Windows\system32\atiadlxx.dll
0x000007fefbe90000 - 0x000007fefbea1000 	C:\Windows\system32\WTSAPI32.dll
0x000007fefcea0000 - 0x000007fefceda000 	C:\Windows\system32\WINTRUST.dll
0x000007fefcd20000 - 0x000007fefce8c000 	C:\Windows\system32\CRYPT32.dll
0x000007fefcc50000 - 0x000007fefcc5f000 	C:\Windows\system32\MSASN1.dll
0x000007fef0170000 - 0x000007fef0295000 	C:\Windows\system32\dbghelp.dll

VM Arguments:
jvm_args: -Dfile.encoding=Cp1252 
java_command: render.Main
Launcher Type: SUN_STANDARD

Environment Variables:
PATH=C:/Program Files (x86)/Java/jre7/bin/client;C:/Program Files (x86)/Java/jre7/bin;C:/Program Files (x86)/Java/jre7/lib/i386;C:\Windows\system32;C:\Windows;C:\Windows\System32\Wbem;C:\Windows\System32\WindowsPowerShell\v1.0\;C:\Program Files (x86)\Lua\5.1;C:\Program Files (x86)\Lua\5.1\clibs;C:\Program Files\processing-2.2.1;C:\eclipse;
USERNAME=datam
OS=Windows_NT
PROCESSOR_IDENTIFIER=AMD64 Family 16 Model 2 Stepping 3, AuthenticAMD



---------------  S Y S T E M  ---------------

OS: Windows 7 , 64 bit Build 7601 Service Pack 1

CPU:total 3 (3 cores per cpu, 1 threads per core) family 16 model 2 stepping 3, cmov, cx8, fxsr, mmx, sse, sse2, sse3, popcnt, mmxext, 3dnowpref, lzcnt, sse4a, tsc, tscinvbit, tscinv

Memory: 4k page, physical 4192760k(2360744k free), swap 8383656k(6153492k free)

vm_info: Java HotSpot(TM) 64-Bit Server VM (24.45-b08) for windows-amd64 JRE (1.7.0_45-b18), built on Oct  8 2013 05:47:22 by "java_re" with unknown MS VC++:1600

time: Fri Aug 22 11:04:10 2014
elapsed time: 6 seconds

