#
# A fatal error has been detected by the Java Runtime Environment:
#
#  EXCEPTION_ACCESS_VIOLATION (0xc0000005) at pc=0x00000001803e6a6b, pid=6492, tid=3460
#
# JRE version: 7.0_25-b17
# Java VM: Java HotSpot(TM) 64-Bit Server VM (23.25-b01 mixed mode windows-amd64 compressed oops)
# Problematic frame:
# C  [ig75icd64.dll+0x3e6a6b]  DllMain+0x54aab
#
# Failed to write core dump. Minidumps are not enabled by default on client versions of Windows
#
# If you would like to submit a bug report, please visit:
#   http://bugreport.sun.com/bugreport/crash.jsp
# The crash happened outside the Java Virtual Machine in native code.
# See problematic frame for where to report the bug.
#

---------------  T H R E A D  ---------------

Current thread (0x000000000e31e800):  JavaThread "Animation Thread" [_thread_in_native, id=3460, stack(0x00000000106b0000,0x00000000107b0000)]

siginfo: ExceptionCode=0xc0000005, reading address 0x00000000000006a0

Registers:
RAX=0x0000000000b38510, RBX=0x000000077f6842d0, RCX=0x0000000000000001, RDX=0x0000000000000000
RSP=0x00000000107aeff8, RBP=0x00000000107af080, RSI=0x000000000000001a, RDI=0x0000000000000007
R8 =0x0000000000000008, R9 =0x00000001803e6a40, R10=0x000000000272237c, R11=0x000000006b869860
R12=0x0000000000000000, R13=0x000000077f6842d0, R14=0x00000000107af0b8, R15=0x000000000e31e800
RIP=0x00000001803e6a6b, EFLAGS=0x0000000000010206

Top of Stack: (sp=0x00000000107aeff8)
0x00000000107aeff8:   00000000027223a8 0000000000000000
0x00000000107af008:   00000000107af020 00000000107af078
0x00000000107af018:   00000000027161f8 0000000000000000
0x00000000107af028:   0000000000000000 0000000000000000
0x00000000107af038:   00000000107af038 00000000107af040
0x00000000107af048:   0000000000000000 00000000107af0b8
0x00000000107af058:   000000077f802f68 0000000000000000
0x00000000107af068:   000000077f6842d0 0000000000000000
0x00000000107af078:   00000000107af0a0 00000000107af100
0x00000000107af088:   00000000027161f8 0000000000000000
0x00000000107af098:   000000000271f1d8 00000001803e6a40
0x00000000107af0a8:   00000000027163d3 0000000000000001
0x00000000107af0b8:   00000007d8dd2a60 00000000107af0c0
0x00000000107af0c8:   000000077f6841f2 00000000107af128
0x00000000107af0d8:   000000077f802f68 0000000000000000
0x00000000107af0e8:   000000077f684200 00000000107af0a0 

Instructions: (pc=0x00000001803e6a6b)
0x00000001803e6a4b:   19 f7 26 00 65 48 8b 04 25 58 00 00 00 41 b8 08
0x00000001803e6a5b:   00 00 00 48 8b 04 d0 4a 8b 14 00 48 83 c4 20 5d
0x00000001803e6a6b:   48 ff a2 a0 06 00 00 cc cc cc cc cc cc cc cc cc
0x00000001803e6a7b:   cc cc cc cc cc 40 55 48 8b ec 48 83 ec 20 8b 0d 


Register to memory mapping:

RAX=0x0000000000b38510 is an unknown value
RBX=0x000000077f6842d0 is an oop
{method} 
 - klass: {other class}
RCX=0x0000000000000001 is an unknown value
RDX=0x0000000000000000 is an unknown value
RSP=0x00000000107aeff8 is pointing into the stack for thread: 0x000000000e31e800
RBP=0x00000000107af080 is pointing into the stack for thread: 0x000000000e31e800
RSI=0x000000000000001a is an unknown value
RDI=0x0000000000000007 is an unknown value
R8 =0x0000000000000008 is an unknown value
R9 =0x00000001803e6a40 is an unknown value
R10=0x000000000272237c is an Interpreter codelet
method entry point (kind = native)  [0x0000000002722100, 0x0000000002722980]  2176 bytes
R11=0x000000006b869860 is an unknown value
R12=0x0000000000000000 is an unknown value
R13=0x000000077f6842d0 is an oop
{method} 
 - klass: {other class}
R14=0x00000000107af0b8 is pointing into the stack for thread: 0x000000000e31e800
R15=0x000000000e31e800 is a thread


Stack: [0x00000000106b0000,0x00000000107b0000],  sp=0x00000000107aeff8,  free space=1019k
Native frames: (J=compiled Java code, j=interpreted, Vv=VM code, C=native code)
C  [ig75icd64.dll+0x3e6a6b]  DllMain+0x54aab
j  jogamp.opengl.gl4.GL4bcImpl.glDepthMask(Z)V+34
j  processing.opengl.PGL.depthMask(Z)V+4
j  processing.opengl.PGraphicsOpenGL.backgroundImpl()V+8
j  processing.core.PGraphics.backgroundFromCalc()V+122
j  processing.core.PGraphics.background(I)V+6
j  processing.core.PGraphics.reapplySettings()V+190
j  processing.opengl.PGraphicsOpenGL.setSize(II)V+15
j  processing.core.PApplet.resizeRenderer(II)V+90
j  processing.core.PApplet.run()V+162
j  java.lang.Thread.run()V+11
v  ~StubRoutines::call_stub
V  [jvm.dll+0x1a6844]

Java frames: (J=compiled Java code, j=interpreted, Vv=VM code)
j  jogamp.opengl.gl4.GL4bcImpl.dispatch_glDepthMask1(ZJ)V+0
j  jogamp.opengl.gl4.GL4bcImpl.glDepthMask(Z)V+34
j  processing.opengl.PGL.depthMask(Z)V+4
j  processing.opengl.PGraphicsOpenGL.backgroundImpl()V+8
j  processing.core.PGraphics.backgroundFromCalc()V+122
j  processing.core.PGraphics.background(I)V+6
j  processing.core.PGraphics.reapplySettings()V+190
j  processing.opengl.PGraphicsOpenGL.setSize(II)V+15
j  processing.core.PApplet.resizeRenderer(II)V+90
j  processing.core.PApplet.run()V+162
j  java.lang.Thread.run()V+11
v  ~StubRoutines::call_stub

---------------  P R O C E S S  ---------------

Java Threads: ( => current thread )
  0x000000000f70d800 JavaThread "Animation Thread-SharedResourceRunner" daemon [_thread_blocked, id=3732, stack(0x0000000010ab0000,0x0000000010bb0000)]
=>0x000000000e31e800 JavaThread "Animation Thread" [_thread_in_native, id=3460, stack(0x00000000106b0000,0x00000000107b0000)]
  0x000000000250e000 JavaThread "DestroyJavaVM" [_thread_blocked, id=5900, stack(0x0000000002510000,0x0000000002610000)]
  0x000000000e266000 JavaThread "Animation Thread" [_thread_blocked, id=2736, stack(0x000000000ff80000,0x0000000010080000)]
  0x000000000e1ff800 JavaThread "Image Fetcher 1" daemon [_thread_blocked, id=3768, stack(0x000000000f580000,0x000000000f680000)]
  0x000000000e1cc800 JavaThread "Image Fetcher 0" daemon [_thread_blocked, id=5128, stack(0x000000000f480000,0x000000000f580000)]
  0x000000000e117800 JavaThread "AWT-EventQueue-0" [_thread_in_native, id=6856, stack(0x000000000eb90000,0x000000000ec90000)]
  0x000000000e107000 JavaThread "AWT-Windows" daemon [_thread_in_native, id=4004, stack(0x000000000ea90000,0x000000000eb90000)]
  0x000000000dfd1800 JavaThread "AWT-Shutdown" [_thread_blocked, id=4900, stack(0x000000000e990000,0x000000000ea90000)]
  0x000000000dfd0800 JavaThread "Java2D Disposer" daemon [_thread_blocked, id=3092, stack(0x000000000e890000,0x000000000e990000)]
  0x000000000b937000 JavaThread "Service Thread" daemon [_thread_blocked, id=44, stack(0x000000000dd20000,0x000000000de20000)]
  0x000000000b932800 JavaThread "C2 CompilerThread1" daemon [_thread_blocked, id=6736, stack(0x000000000dc20000,0x000000000dd20000)]
  0x000000000b930800 JavaThread "C2 CompilerThread0" daemon [_thread_blocked, id=5356, stack(0x000000000db20000,0x000000000dc20000)]
  0x000000000b92a000 JavaThread "Attach Listener" daemon [_thread_blocked, id=1352, stack(0x000000000da20000,0x000000000db20000)]
  0x000000000b925000 JavaThread "Signal Dispatcher" daemon [_thread_blocked, id=740, stack(0x000000000d920000,0x000000000da20000)]
  0x000000000b8bf000 JavaThread "Finalizer" daemon [_thread_blocked, id=648, stack(0x000000000d820000,0x000000000d920000)]
  0x000000000b8b7800 JavaThread "Reference Handler" daemon [_thread_blocked, id=5536, stack(0x000000000d720000,0x000000000d820000)]

Other Threads:
  0x000000000b8b2000 VMThread [stack: 0x000000000d620000,0x000000000d720000] [id=6220]
  0x000000000b951800 WatcherThread [stack: 0x000000000de20000,0x000000000df20000] [id=4316]

VM state:not at safepoint (normal execution)

VM Mutex/Monitor currently owned by a thread: None

Heap
 PSYoungGen      total 37120K, used 22402K [0x00000007d6960000, 0x00000007d92c0000, 0x0000000800000000)
  eden space 31872K, 53% used [0x00000007d6960000,0x00000007d7a281c0,0x00000007d8880000)
  from space 5248K, 99% used [0x00000007d8da0000,0x00000007d92b8850,0x00000007d92c0000)
  to   space 5248K, 0% used [0x00000007d8880000,0x00000007d8880000,0x00000007d8da0000)
 ParOldGen       total 84800K, used 9135K [0x0000000783c00000, 0x0000000788ed0000, 0x00000007d6960000)
  object space 84800K, 10% used [0x0000000783c00000,0x00000007844ebf48,0x0000000788ed0000)
 PSPermGen       total 21248K, used 16425K [0x000000077ea00000, 0x000000077fec0000, 0x0000000783c00000)
  object space 21248K, 77% used [0x000000077ea00000,0x000000077fa0a680,0x000000077fec0000)

Card table byte_map: [0x00000000057d0000,0x0000000005be0000] byte_map_base: 0x0000000001bdb000

Polling page: 0x0000000002420000

Code Cache  [0x0000000002710000, 0x0000000002980000, 0x0000000005710000)
 total_blobs=881 nmethods=137 adapters=695 free_code_cache=48159Kb largest_free_block=49279808

Compilation events (10 events):
Event: 3.628 Thread 0x000000000b932800 nmethod 14% 0x00000000027f8890 code [0x00000000027f8a20, 0x00000000027f8d28]
Event: 3.628 Thread 0x000000000b932800  120             system.ChunkSystem::locationFromChunk (92 bytes)
Event: 3.631 Thread 0x000000000b932800 nmethod 120 0x00000000027f6cd0 code [0x00000000027f6e40, 0x00000000027f7148]
Event: 3.659 Thread 0x000000000b930800 nmethod 119 0x00000000028076d0 code [0x0000000002807ac0, 0x0000000002809e08]
Event: 3.680 Thread 0x000000000b932800  121   !         java.io.BufferedReader::readLine (304 bytes)
Event: 3.680 Thread 0x000000000b930800  122             sun.nio.cs.UTF_8$Decoder::decodeArrayLoop (543 bytes)
Event: 3.719 Thread 0x000000000b930800 nmethod 122 0x00000000027fedd0 code [0x00000000027ff020, 0x00000000027ffc58]
Event: 3.724 Thread 0x000000000b932800 nmethod 121 0x0000000002805590 code [0x0000000002805740, 0x0000000002806d38]
Event: 3.735 Thread 0x000000000b930800   15 %           processing.opengl.PGL::nativeToJavaARGB @ 101 (339 bytes)
Event: 3.745 Thread 0x000000000b930800 nmethod 15% 0x000000000280fe50 code [0x000000000280ffa0, 0x0000000002810ab8]

GC Heap History (4 events):
Event: 3.204 GC heap before
{Heap before GC invocations=1 (full 0):
 PSYoungGen      total 37120K, used 31872K [0x00000007d6960000, 0x00000007d92c0000, 0x0000000800000000)
  eden space 31872K, 100% used [0x00000007d6960000,0x00000007d8880000,0x00000007d8880000)
  from space 5248K, 0% used [0x00000007d8da0000,0x00000007d8da0000,0x00000007d92c0000)
  to   space 5248K, 0% used [0x00000007d8880000,0x00000007d8880000,0x00000007d8da0000)
 ParOldGen       total 84800K, used 0K [0x0000000783c00000, 0x0000000788ed0000, 0x00000007d6960000)
  object space 84800K, 0% used [0x0000000783c00000,0x0000000783c00000,0x0000000788ed0000)
 PSPermGen       total 21248K, used 15814K [0x000000077ea00000, 0x000000077fec0000, 0x0000000783c00000)
  object space 21248K, 74% used [0x000000077ea00000,0x000000077f971928,0x000000077fec0000)
Event: 3.216 GC heap after
Heap after GC invocations=1 (full 0):
 PSYoungGen      total 37120K, used 5231K [0x00000007d6960000, 0x00000007d92c0000, 0x0000000800000000)
  eden space 31872K, 0% used [0x00000007d6960000,0x00000007d6960000,0x00000007d8880000)
  from space 5248K, 99% used [0x00000007d8880000,0x00000007d8d9bc28,0x00000007d8da0000)
  to   space 5248K, 0% used [0x00000007d8da0000,0x00000007d8da0000,0x00000007d92c0000)
 ParOldGen       total 84800K, used 5717K [0x0000000783c00000, 0x0000000788ed0000, 0x00000007d6960000)
  object space 84800K, 6% used [0x0000000783c00000,0x00000007841954e0,0x0000000788ed0000)
 PSPermGen       total 21248K, used 15814K [0x000000077ea00000, 0x000000077fec0000, 0x0000000783c00000)
  object space 21248K, 74% used [0x000000077ea00000,0x000000077f971928,0x000000077fec0000)
}
Event: 3.563 GC heap before
{Heap before GC invocations=2 (full 0):
 PSYoungGen      total 37120K, used 37103K [0x00000007d6960000, 0x00000007d92c0000, 0x0000000800000000)
  eden space 31872K, 100% used [0x00000007d6960000,0x00000007d8880000,0x00000007d8880000)
  from space 5248K, 99% used [0x00000007d8880000,0x00000007d8d9bc28,0x00000007d8da0000)
  to   space 5248K, 0% used [0x00000007d8da0000,0x00000007d8da0000,0x00000007d92c0000)
 ParOldGen       total 84800K, used 5717K [0x0000000783c00000, 0x0000000788ed0000, 0x00000007d6960000)
  object space 84800K, 6% used [0x0000000783c00000,0x00000007841954e0,0x0000000788ed0000)
 PSPermGen       total 21248K, used 16344K [0x000000077ea00000, 0x000000077fec0000, 0x0000000783c00000)
  object space 21248K, 76% used [0x000000077ea00000,0x000000077f9f6260,0x000000077fec0000)
Event: 3.567 GC heap after
Heap after GC invocations=2 (full 0):
 PSYoungGen      total 37120K, used 5218K [0x00000007d6960000, 0x00000007d92c0000, 0x0000000800000000)
  eden space 31872K, 0% used [0x00000007d6960000,0x00000007d6960000,0x00000007d8880000)
  from space 5248K, 99% used [0x00000007d8da0000,0x00000007d92b8850,0x00000007d92c0000)
  to   space 5248K, 0% used [0x00000007d8880000,0x00000007d8880000,0x00000007d8da0000)
 ParOldGen       total 84800K, used 9135K [0x0000000783c00000, 0x0000000788ed0000, 0x00000007d6960000)
  object space 84800K, 10% used [0x0000000783c00000,0x00000007844ebf48,0x0000000788ed0000)
 PSPermGen       total 21248K, used 16344K [0x000000077ea00000, 0x000000077fec0000, 0x0000000783c00000)
  object space 21248K, 76% used [0x000000077ea00000,0x000000077f9f6260,0x000000077fec0000)
}

Deoptimization events (10 events):
Event: 3.473 Thread 0x000000000e117800 Uncommon trap -83 fr.pc 0x00000000027d7c14
Event: 3.541 Thread 0x000000000e117800 Uncommon trap -83 fr.pc 0x00000000027f1b98
Event: 3.637 Thread 0x000000000e117800 Uncommon trap -34 fr.pc 0x00000000027df440
Event: 3.637 Thread 0x000000000e117800 Uncommon trap -34 fr.pc 0x00000000027df204
Event: 3.637 Thread 0x000000000e117800 Uncommon trap -34 fr.pc 0x00000000027df440
Event: 3.637 Thread 0x000000000e117800 Uncommon trap -34 fr.pc 0x00000000027df204
Event: 3.679 Thread 0x000000000e117800 Uncommon trap -34 fr.pc 0x00000000027df440
Event: 3.679 Thread 0x000000000e117800 Uncommon trap -34 fr.pc 0x00000000027df204
Event: 3.679 Thread 0x000000000e117800 Uncommon trap -34 fr.pc 0x00000000027df440
Event: 3.679 Thread 0x000000000e117800 Uncommon trap -34 fr.pc 0x00000000027df204

Internal exceptions (10 events):
Event: 3.536 Thread 0x000000000e117800 Threw 0x00000007d803b830 at C:\jdk7u2_64p\jdk7u25\hotspot\src\share\vm\prims\jvm.cpp:1235
Event: 3.561 Thread 0x000000000e117800 Threw 0x00000007d88011e0 at C:\jdk7u2_64p\jdk7u25\hotspot\src\share\vm\prims\jvm.cpp:1235
Event: 3.561 Thread 0x000000000e117800 Threw 0x00000007d8802e60 at C:\jdk7u2_64p\jdk7u25\hotspot\src\share\vm\prims\jvm.cpp:1235
Event: 3.581 Thread 0x000000000e117800 Threw 0x00000007d726c338 at C:\jdk7u2_64p\jdk7u25\hotspot\src\share\vm\prims\jvm.cpp:1235
Event: 3.582 Thread 0x000000000e117800 Threw 0x00000007d726f800 at C:\jdk7u2_64p\jdk7u25\hotspot\src\share\vm\prims\jvm.cpp:1235
Event: 3.589 Thread 0x000000000e117800 Threw 0x00000007d731f050 at C:\jdk7u2_64p\jdk7u25\hotspot\src\share\vm\prims\jvm.cpp:1235
Event: 3.592 Thread 0x000000000e117800 Threw 0x00000007d7363550 at C:\jdk7u2_64p\jdk7u25\hotspot\src\share\vm\prims\jvm.cpp:1235
Event: 3.593 Thread 0x000000000e117800 Threw 0x00000007d73667f8 at C:\jdk7u2_64p\jdk7u25\hotspot\src\share\vm\prims\jvm.cpp:1235
Event: 3.595 Thread 0x000000000e117800 Threw 0x00000007d73ab038 at C:\jdk7u2_64p\jdk7u25\hotspot\src\share\vm\prims\jvm.cpp:1235
Event: 3.636 Thread 0x000000000e117800 Threw 0x00000007d7438d80 at C:\jdk7u2_64p\jdk7u25\hotspot\src\share\vm\prims\jvm.cpp:1235

Events (10 events):
Event: 3.834 loading class 0x000000000e1e8630
Event: 3.834 loading class 0x000000000e1e8630 done
Event: 3.834 loading class 0x000000000e1e2400
Event: 3.834 loading class 0x000000000e1e2400 done
Event: 3.834 loading class 0x000000000e1e25c0
Event: 3.834 loading class 0x000000000e1e25c0 done
Event: 3.834 loading class 0x000000000e1e23c0
Event: 3.834 loading class 0x000000000e1e23c0 done
Event: 3.834 loading class 0x000000000e1e2500
Event: 3.834 loading class 0x000000000e1e2500 done


Dynamic libraries:
0x000007f7767a0000 - 0x000007f7767d3000 	C:\Program Files\Java\jre7\bin\javaw.exe
0x000007fa129a0000 - 0x000007fa12b5e000 	C:\windows\SYSTEM32\ntdll.dll
0x000007fa12780000 - 0x000007fa128b7000 	C:\windows\system32\KERNEL32.DLL
0x000007fa0f8f0000 - 0x000007fa0f9e4000 	C:\windows\system32\KERNELBASE.dll
0x000007fa128c0000 - 0x000007fa1299e000 	C:\windows\system32\ADVAPI32.dll
0x000007fa10c70000 - 0x000007fa10dbc000 	C:\windows\system32\USER32.dll
0x000007fa0d260000 - 0x000007fa0d4ca000 	C:\windows\WinSxS\amd64_microsoft.windows.common-controls_6595b64144ccf1df_6.0.9200.16579_none_418ab7ef718b27ef\COMCTL32.dll
0x000007fa126d0000 - 0x000007fa12775000 	C:\windows\system32\msvcrt.dll
0x000007fa10f30000 - 0x000007fa10f78000 	C:\windows\SYSTEM32\sechost.dll
0x000007fa111b0000 - 0x000007fa112f5000 	C:\windows\system32\RPCRT4.dll
0x000007fa10410000 - 0x000007fa10551000 	C:\windows\system32\GDI32.dll
0x000007fa10fe0000 - 0x000007fa11019000 	C:\windows\system32\IMM32.DLL
0x000007fa11020000 - 0x000007fa11136000 	C:\windows\system32\MSCTF.dll
0x000000006c430000 - 0x000000006c501000 	C:\Program Files\Java\jre7\bin\msvcr100.dll
0x000000006b6b0000 - 0x000000006bdbf000 	C:\Program Files\Java\jre7\bin\server\jvm.dll
0x000007fa040d0000 - 0x000007fa040d9000 	C:\windows\SYSTEM32\WSOCK32.dll
0x000007fa09920000 - 0x000007fa09940000 	C:\windows\SYSTEM32\WINMM.dll
0x000007fa10400000 - 0x000007fa10407000 	C:\windows\system32\PSAPI.DLL
0x000007fa0fd90000 - 0x000007fa0fde8000 	C:\windows\system32\WS2_32.dll
0x000007fa098e0000 - 0x000007fa09913000 	C:\windows\SYSTEM32\WINMMBASE.dll
0x000007fa103f0000 - 0x000007fa103f9000 	C:\windows\system32\NSI.dll
0x000007fa0f9f0000 - 0x000007fa0fa3f000 	C:\windows\SYSTEM32\cfgmgr32.dll
0x000007fa0fa40000 - 0x000007fa0fa62000 	C:\windows\system32\DEVOBJ.dll
0x000000006cdd0000 - 0x000000006cddf000 	C:\Program Files\Java\jre7\bin\verify.dll
0x000000006c400000 - 0x000000006c428000 	C:\Program Files\Java\jre7\bin\java.dll
0x000000006c3e0000 - 0x000000006c3f5000 	C:\Program Files\Java\jre7\bin\zip.dll
0x000000006b4e0000 - 0x000000006b675000 	C:\Program Files\Java\jre7\bin\awt.dll
0x000007fa0fdf0000 - 0x000007fa0feb3000 	C:\windows\system32\OLEAUT32.dll
0x000007fa10090000 - 0x000007fa10240000 	C:\windows\system32\combase.dll
0x000007fa09940000 - 0x000007fa099df000 	C:\windows\system32\apphelp.dll
0x000007fa0dbb0000 - 0x000007fa0dbd1000 	C:\windows\system32\DWMAPI.DLL
0x000007fa0e6c0000 - 0x000007fa0e7a6000 	C:\windows\system32\uxtheme.dll
0x000007fa10860000 - 0x000007fa109de000 	C:\windows\system32\ole32.dll
0x000007fa0f660000 - 0x000007fa0f66a000 	C:\windows\SYSTEM32\CRYPTBASE.dll
0x000007fa0f600000 - 0x000007fa0f65c000 	C:\windows\SYSTEM32\bcryptPrimitives.dll
0x000000006b4a0000 - 0x000000006b4df000 	C:\Program Files\Java\jre7\bin\fontmanager.dll
0x000000006c3c0000 - 0x000000006c3d9000 	C:\Program Files\Java\jre7\bin\net.dll
0x000007fa0f070000 - 0x000007fa0f0cc000 	C:\windows\system32\mswsock.dll
0x000000006c3a0000 - 0x000000006c3b1000 	C:\Program Files\Java\jre7\bin\nio.dll
0x000000006b450000 - 0x000000006b491000 	C:\Program Files\Java\jre7\bin\t2k.dll
0x000007fa113a0000 - 0x000007fa12680000 	C:\windows\system32\SHELL32.dll
0x000007fa12680000 - 0x000007fa126d0000 	C:\windows\system32\SHLWAPI.dll
0x000007fa0dfd0000 - 0x000007fa0e065000 	C:\windows\SYSTEM32\shcore.dll
0x000007fa0f0d0000 - 0x000007fa0f0ea000 	C:\windows\SYSTEM32\CRYPTSP.dll
0x000007fa0ed70000 - 0x000007fa0edbb000 	C:\windows\system32\rsaenh.dll
0x000007fa0fa70000 - 0x000007fa0fa8f000 	C:\windows\system32\USERENV.dll
0x000007fa0f8d0000 - 0x000007fa0f8e5000 	C:\windows\system32\profapi.dll
0x000007fa02fb0000 - 0x000007fa02fc4000 	C:\windows\system32\napinsp.dll
0x000007fa02fd0000 - 0x000007fa02fe8000 	C:\windows\system32\pnrpnsp.dll
0x000007fa0db50000 - 0x000007fa0db66000 	C:\windows\system32\NLAapi.dll
0x000007fa0eeb0000 - 0x000007fa0ef48000 	C:\windows\SYSTEM32\DNSAPI.dll
0x000007fa02ff0000 - 0x000007fa03002000 	C:\windows\System32\winrnr.dll
0x000007fa03070000 - 0x000007fa03084000 	C:\windows\system32\wshbth.dll
0x000007fa02f70000 - 0x000007fa02f78000 	C:\Windows\System32\rasadhlp.dll
0x000007fa0c8d0000 - 0x000007fa0c8fa000 	C:\windows\SYSTEM32\IPHLPAPI.DLL
0x000007fa0c8c0000 - 0x000007fa0c8ca000 	C:\windows\SYSTEM32\WINNSI.DLL
0x000007fa0c850000 - 0x000007fa0c8b1000 	C:\windows\System32\fwpuclnt.dll
0x00000000637c0000 - 0x00000000637ca000 	C:\Users\Dante\AppData\Local\Temp\jogamp_0000\file_cache\jln3021113892749169487\jln5638540053712374397\gluegen-rt.dll
0x000000006cdc0000 - 0x000000006cdc7000 	C:\Program Files\Java\jre7\bin\jawt.dll
0x000000006a440000 - 0x000000006a44b000 	C:\Users\Dante\AppData\Local\Temp\jogamp_0000\file_cache\jln3021113892749169487\jln5638540053712374397\nativewindow_awt.dll
0x000000006c100000 - 0x000000006c10b000 	C:\Users\Dante\AppData\Local\Temp\jogamp_0000\file_cache\jln3021113892749169487\jln5638540053712374397\nativewindow_win32.dll
0x000007f9fe330000 - 0x000007f9fe44f000 	C:\windows\SYSTEM32\OpenGL32.dll
0x000007fa02990000 - 0x000007fa029bc000 	C:\windows\SYSTEM32\GLU32.dll
0x000007f9fdbe0000 - 0x000007f9fdcca000 	C:\windows\SYSTEM32\DDRAW.dll
0x000007fa0cba0000 - 0x000007fa0cba8000 	C:\windows\SYSTEM32\DCIMAN32.dll
0x0000000064500000 - 0x000000006458e000 	C:\Users\Dante\AppData\Local\Temp\jogamp_0000\file_cache\jln3021113892749169487\jln5638540053712374397\jogl_desktop.dll
0x0000000180000000 - 0x00000001806d4000 	C:\windows\SYSTEM32\ig75icd64.dll
0x000007fa0ba70000 - 0x000007fa0bea2000 	C:\windows\SYSTEM32\igdusc64.dll
0x000007f9ff110000 - 0x000007f9ff273000 	C:\windows\SYSTEM32\dbghelp.dll

VM Arguments:
jvm_args: -Dfile.encoding=Cp1252 
java_command: render.Game
Launcher Type: SUN_STANDARD

Environment Variables:
PATH=C:\Program Files (x86)\Intel\iCLS Client\;C:\Program Files\Intel\iCLS Client\;C:\windows\system32;C:\windows;C:\windows\System32\Wbem;C:\windows\System32\WindowsPowerShell\v1.0\;C:\Program Files\Intel\Intel(R) Management Engine Components\DAL;C:\Program Files\Intel\Intel(R) Management Engine Components\IPT;C:\Program Files (x86)\Intel\Intel(R) Management Engine Components\DAL;C:\Program Files (x86)\Intel\Intel(R) Management Engine Components\IPT;C:\Program Files (x86)\Intel\OpenCL SDK\3.0\bin\x86;C:\Program Files (x86)\Intel\OpenCL SDK\3.0\bin\x64;C:\Program Files\Intel\WiFi\bin\;C:\Program Files\Common Files\Intel\WirelessCommon\;C:\Program Files\Microsoft\Web Platform Installer\;C:\Program Files (x86)\Microsoft ASP.NET\ASP.NET Web Pages\v1.0\;C:\Program Files (x86)\Windows Kits\8.0\Windows Performance Toolkit\;C:\Program Files\Microsoft SQL Server\110\Tools\Binn\
USERNAME=Dante
OS=Windows_NT
PROCESSOR_IDENTIFIER=Intel64 Family 6 Model 60 Stepping 3, GenuineIntel



---------------  S Y S T E M  ---------------

OS: Windows 8 , 64 bit Build 9200 

CPU:total 8 (4 cores per cpu, 2 threads per core) family 6 model 60 stepping 3, cmov, cx8, fxsr, mmx, sse, sse2, sse3, ssse3, sse4.1, sse4.2, popcnt, avx, avx2, ht, tsc, tscinvbit

Memory: 4k page, physical 8134932k(4156344k free), swap 9380116k(4963604k free)

vm_info: Java HotSpot(TM) 64-Bit Server VM (23.25-b01) for windows-amd64 JRE (1.7.0_25-b17), built on Jun 21 2013 12:58:32 by "java_re" with unknown MS VC++:1600

time: Wed Sep 24 17:44:25 2014
elapsed time: 3 seconds

