#
# A fatal error has been detected by the Java Runtime Environment:
#
#  EXCEPTION_ACCESS_VIOLATION (0xc0000005) at pc=0x000007fef03cca04, pid=2312, tid=608
#
# JRE version: Java(TM) SE Runtime Environment (7.0_45-b18) (build 1.7.0_45-b18)
# Java VM: Java HotSpot(TM) 64-Bit Server VM (24.45-b08 mixed mode windows-amd64 compressed oops)
# Problematic frame:
# C  [OpenGL32.dll+0xdca04]
#
# Failed to write core dump. Minidumps are not enabled by default on client versions of Windows
#
# If you would like to submit a bug report, please visit:
#   http://bugreport.sun.com/bugreport/crash.jsp
# The crash happened outside the Java Virtual Machine in native code.
# See problematic frame for where to report the bug.
#

---------------  T H R E A D  ---------------

Current thread (0x000000000a2fc800):  JavaThread "Animation Thread" [_thread_in_native, id=608, stack(0x000000000f740000,0x000000000f840000)]

siginfo: ExceptionCode=0xc0000005, reading address 0x0000000000000698

Registers:
RAX=0x0000000000000000, RBX=0x00000000bba0edc8, RCX=0x0000000000000001, RDX=0x000000000f83ee98
RSP=0x000000000f83edd8, RBP=0x000000000f83ee60, RSI=0x000000000000001a, RDI=0x0000000000000007
R8 =0x0000000000000001, R9 =0x000007fef03cc9f0, R10=0x00000000027c2ac4, R11=0x000000006425f900
R12=0x0000000000000000, R13=0x00000000bba0edc8, R14=0x000000000f83ee98, R15=0x000000000a2fc800
RIP=0x000007fef03cca04, EFLAGS=0x0000000000010283

Top of Stack: (sp=0x000000000f83edd8)
0x000000000f83edd8:   00000000027c2af0 0000000000000000
0x000000000f83ede8:   000000000f83ee00 000000000f83ee58
0x000000000f83edf8:   00000000027b60f8 0000000000000000
0x000000000f83ee08:   0000000000000000 0000000000000000
0x000000000f83ee18:   000000000f83ee18 000000000f83ee20
0x000000000f83ee28:   0000000000000000 000000000f83ee98
0x000000000f83ee38:   00000000bbc7d2f0 0000000000000000
0x000000000f83ee48:   00000000bba0edc8 0000000000000000
0x000000000f83ee58:   000000000f83ee80 000000000f83eee0
0x000000000f83ee68:   00000000027b60f8 0000000000000000
0x000000000f83ee78:   00000000027bf0d8 000007fef03cc9f0
0x000000000f83ee88:   00000000027b62d3 0000000000000001
0x000000000f83ee98:   00000000eab18a78 000000000f83eea0
0x000000000f83eea8:   00000000bba0ecfa 000000000f83ef08
0x000000000f83eeb8:   00000000bbc7d2f0 0000000000000000
0x000000000f83eec8:   00000000bba0ed08 000000000f83ee80 

Instructions: (pc=0x000007fef03cca04)
0x000007fef03cc9e4:   cc cc cc cc cc cc 66 0f 1f 44 00 00 8b 05 d6 18
0x000007fef03cc9f4:   01 00 83 f8 40 73 0f 65 48 8b 04 c5 80 14 00 00
0x000007fef03cca04:   ff a0 98 06 00 00 b8 d3 00 00 00 e9 ac e1 ff ff
0x000007fef03cca14:   cc cc cc cc cc cc 66 0f 1f 44 00 00 8b 05 a6 18 


Register to memory mapping:

RAX=0x0000000000000000 is an unknown value
RBX=0x00000000bba0edc8 is an oop
{method} 
 - klass: {other class}
RCX=0x0000000000000001 is an unknown value
RDX=0x000000000f83ee98 is pointing into the stack for thread: 0x000000000a2fc800
RSP=0x000000000f83edd8 is pointing into the stack for thread: 0x000000000a2fc800
RBP=0x000000000f83ee60 is pointing into the stack for thread: 0x000000000a2fc800
RSI=0x000000000000001a is an unknown value
RDI=0x0000000000000007 is an unknown value
R8 =0x0000000000000001 is an unknown value
R9 =0x000007fef03cc9f0 is an unknown value
R10=0x00000000027c2ac4 is at code_begin+644 in an Interpreter codelet
method entry point (kind = native)  [0x00000000027c2840, 0x00000000027c30e0]  2208 bytes
R11=0x000000006425f900 is an unknown value
R12=0x0000000000000000 is an unknown value
R13=0x00000000bba0edc8 is an oop
{method} 
 - klass: {other class}
R14=0x000000000f83ee98 is pointing into the stack for thread: 0x000000000a2fc800
R15=0x000000000a2fc800 is a thread


Stack: [0x000000000f740000,0x000000000f840000],  sp=0x000000000f83edd8,  free space=1019k
Native frames: (J=compiled Java code, j=interpreted, Vv=VM code, C=native code)
C  [OpenGL32.dll+0xdca04]
j  jogamp.opengl.gl4.GL4bcImpl.glDepthMask(Z)V+34
j  processing.opengl.PGL.depthMask(Z)V+4
j  processing.opengl.PGraphicsOpenGL.backgroundImpl()V+8
j  processing.core.PGraphics.backgroundFromCalc()V+122
j  processing.core.PGraphics.background(I)V+6
j  processing.core.PGraphics.reapplySettings()V+190
j  processing.opengl.PGraphicsOpenGL.setSize(II)V+15
j  processing.core.PApplet.resizeRenderer(II)V+90
j  processing.core.PApplet.run()V+162
j  java.lang.Thread.run()V+11
v  ~StubRoutines::call_stub
V  [jvm.dll+0x1cb0c3]

Java frames: (J=compiled Java code, j=interpreted, Vv=VM code)
j  jogamp.opengl.gl4.GL4bcImpl.dispatch_glDepthMask1(ZJ)V+0
j  jogamp.opengl.gl4.GL4bcImpl.glDepthMask(Z)V+34
j  processing.opengl.PGL.depthMask(Z)V+4
j  processing.opengl.PGraphicsOpenGL.backgroundImpl()V+8
j  processing.core.PGraphics.backgroundFromCalc()V+122
j  processing.core.PGraphics.background(I)V+6
j  processing.core.PGraphics.reapplySettings()V+190
j  processing.opengl.PGraphicsOpenGL.setSize(II)V+15
j  processing.core.PApplet.resizeRenderer(II)V+90
j  processing.core.PApplet.run()V+162
j  java.lang.Thread.run()V+11
v  ~StubRoutines::call_stub

---------------  P R O C E S S  ---------------

Java Threads: ( => current thread )
  0x000000000f25e800 JavaThread "Animation Thread-SharedResourceRunner" daemon [_thread_blocked, id=2928, stack(0x000000000db90000,0x000000000dc90000)]
  0x000000000243d800 JavaThread "DestroyJavaVM" [_thread_blocked, id=532, stack(0x00000000026b0000,0x00000000027b0000)]
=>0x000000000a2fc800 JavaThread "Animation Thread" [_thread_in_native, id=608, stack(0x000000000f740000,0x000000000f840000)]
  0x000000000a203800 JavaThread "D3D Screen Updater" daemon [_thread_blocked, id=3660, stack(0x000000000eda0000,0x000000000eea0000)]
  0x000000000a20c000 JavaThread "Animation Thread" [_thread_in_native, id=3900, stack(0x000000000e8d0000,0x000000000e9d0000)]
  0x000000000a187800 JavaThread "AWT-EventQueue-0" [_thread_in_native, id=2844, stack(0x000000000d0a0000,0x000000000d1a0000)]
  0x000000000a142800 JavaThread "AWT-Windows" daemon [_thread_in_native, id=900, stack(0x000000000a7c0000,0x000000000a8c0000)]
  0x000000000a140000 JavaThread "AWT-Shutdown" [_thread_blocked, id=1600, stack(0x000000000a6c0000,0x000000000a7c0000)]
  0x000000000a13f000 JavaThread "Java2D Disposer" daemon [_thread_blocked, id=3236, stack(0x000000000a4f0000,0x000000000a5f0000)]
  0x000000000849c000 JavaThread "Service Thread" daemon [_thread_blocked, id=2744, stack(0x0000000009d40000,0x0000000009e40000)]
  0x0000000008499000 JavaThread "C2 CompilerThread1" daemon [_thread_blocked, id=1424, stack(0x0000000009ac0000,0x0000000009bc0000)]
  0x0000000008483800 JavaThread "C2 CompilerThread0" daemon [_thread_blocked, id=1536, stack(0x00000000099a0000,0x0000000009aa0000)]
  0x000000000847a000 JavaThread "Attach Listener" daemon [_thread_blocked, id=852, stack(0x0000000009340000,0x0000000009440000)]
  0x0000000008478800 JavaThread "Signal Dispatcher" daemon [_thread_blocked, id=3588, stack(0x0000000009880000,0x0000000009980000)]
  0x0000000008424000 JavaThread "Finalizer" daemon [_thread_blocked, id=1732, stack(0x00000000096e0000,0x00000000097e0000)]
  0x000000000841b000 JavaThread "Reference Handler" daemon [_thread_blocked, id=3064, stack(0x0000000009510000,0x0000000009610000)]

Other Threads:
  0x0000000008417000 VMThread [stack: 0x0000000009240000,0x0000000009340000] [id=3292]
  0x00000000084ad800 WatcherThread [stack: 0x0000000009ec0000,0x0000000009fc0000] [id=3172]

VM state:not at safepoint (normal execution)

VM Mutex/Monitor currently owned by a thread: None

Heap
 PSYoungGen      total 36352K, used 26104K [0x00000000eaa80000, 0x00000000f0080000, 0x0000000100000000)
  eden space 33792K, 69% used [0x00000000eaa80000,0x00000000ec186018,0x00000000ecb80000)
  from space 2560K, 98% used [0x00000000ecb80000,0x00000000ecdf8020,0x00000000ece00000)
  to   space 10240K, 0% used [0x00000000ef680000,0x00000000ef680000,0x00000000f0080000)
 ParOldGen       total 43520K, used 9828K [0x00000000c0000000, 0x00000000c2a80000, 0x00000000eaa80000)
  object space 43520K, 22% used [0x00000000c0000000,0x00000000c0999120,0x00000000c2a80000)
 PSPermGen       total 21504K, used 15691K [0x00000000bae00000, 0x00000000bc300000, 0x00000000c0000000)
  object space 21504K, 72% used [0x00000000bae00000,0x00000000bbd52dc0,0x00000000bc300000)

Card table byte_map: [0x00000000057b0000,0x00000000059e0000] byte_map_base: 0x00000000051d9000

Polling page: 0x0000000000120000

Code Cache  [0x00000000027b0000, 0x0000000002a20000, 0x00000000057b0000)
 total_blobs=902 nmethods=149 adapters=706 free_code_cache=48150Kb largest_free_block=49279936

Compilation events (10 events):
Event: 6.177 Thread 0x0000000008483800 nmethod 144 0x00000000028a7490 code [0x00000000028a75c0, 0x00000000028a7638]
Event: 6.177 Thread 0x0000000008483800  145             processing.opengl.PGL::texSubImage2D (24 bytes)
Event: 6.187 Thread 0x0000000008483800 nmethod 145 0x00000000028a7dd0 code [0x00000000028a7fc0, 0x00000000028a86a0]
Event: 6.187 Thread 0x0000000008483800  146             jogamp.opengl.gl4.GL4bcImpl::glTexSubImage2D (120 bytes)
Event: 6.196 Thread 0x0000000008483800 nmethod 146 0x00000000028a6450 code [0x00000000028a6640, 0x00000000028a6c00]
Event: 6.196 Thread 0x0000000008483800  147             com.jogamp.common.nio.Buffers::remainingBytes (219 bytes)
Event: 6.197 Thread 0x0000000008483800 nmethod 147 0x00000000028a61d0 code [0x00000000028a6300, 0x00000000028a6378]
Event: 6.214 Thread 0x0000000008499000 nmethod 143 0x00000000028ad8d0 code [0x00000000028adb40, 0x00000000028aec18]
Event: 6.280 Thread 0x0000000008483800  149 %           processing.opengl.PGL::nativeToJavaARGB @ 101 (339 bytes)
Event: 6.304 Thread 0x0000000008483800 nmethod 149% 0x00000000028aa810 code [0x00000000028aa960, 0x00000000028ab498]

GC Heap History (10 events):
Event: 1.227 GC heap before
{Heap before GC invocations=1 (full 0):
 PSYoungGen      total 19456K, used 16896K [0x00000000eaa80000, 0x00000000ec000000, 0x0000000100000000)
  eden space 16896K, 100% used [0x00000000eaa80000,0x00000000ebb00000,0x00000000ebb00000)
  from space 2560K, 0% used [0x00000000ebd80000,0x00000000ebd80000,0x00000000ec000000)
  to   space 2560K, 0% used [0x00000000ebb00000,0x00000000ebb00000,0x00000000ebd80000)
 ParOldGen       total 43520K, used 0K [0x00000000c0000000, 0x00000000c2a80000, 0x00000000eaa80000)
  object space 43520K, 0% used [0x00000000c0000000,0x00000000c0000000,0x00000000c2a80000)
 PSPermGen       total 21504K, used 9742K [0x00000000bae00000, 0x00000000bc300000, 0x00000000c0000000)
  object space 21504K, 45% used [0x00000000bae00000,0x00000000bb783a88,0x00000000bc300000)
Event: 1.238 GC heap after
Heap after GC invocations=1 (full 0):
 PSYoungGen      total 19456K, used 2551K [0x00000000eaa80000, 0x00000000ec000000, 0x0000000100000000)
  eden space 16896K, 0% used [0x00000000eaa80000,0x00000000eaa80000,0x00000000ebb00000)
  from space 2560K, 99% used [0x00000000ebb00000,0x00000000ebd7dca0,0x00000000ebd80000)
  to   space 2560K, 0% used [0x00000000ebd80000,0x00000000ebd80000,0x00000000ec000000)
 ParOldGen       total 43520K, used 7301K [0x00000000c0000000, 0x00000000c2a80000, 0x00000000eaa80000)
  object space 43520K, 16% used [0x00000000c0000000,0x00000000c07216a8,0x00000000c2a80000)
 PSPermGen       total 21504K, used 9742K [0x00000000bae00000, 0x00000000bc300000, 0x00000000c0000000)
  object space 21504K, 45% used [0x00000000bae00000,0x00000000bb783a88,0x00000000bc300000)
}
Event: 1.855 GC heap before
{Heap before GC invocations=2 (full 0):
 PSYoungGen      total 19456K, used 19447K [0x00000000eaa80000, 0x00000000ec000000, 0x0000000100000000)
  eden space 16896K, 100% used [0x00000000eaa80000,0x00000000ebb00000,0x00000000ebb00000)
  from space 2560K, 99% used [0x00000000ebb00000,0x00000000ebd7dca0,0x00000000ebd80000)
  to   space 2560K, 0% used [0x00000000ebd80000,0x00000000ebd80000,0x00000000ec000000)
 ParOldGen       total 43520K, used 7301K [0x00000000c0000000, 0x00000000c2a80000, 0x00000000eaa80000)
  object space 43520K, 16% used [0x00000000c0000000,0x00000000c07216a8,0x00000000c2a80000)
 PSPermGen       total 21504K, used 14667K [0x00000000bae00000, 0x00000000bc300000, 0x00000000c0000000)
  object space 21504K, 68% used [0x00000000bae00000,0x00000000bbc52ff8,0x00000000bc300000)
Event: 1.865 GC heap after
Heap after GC invocations=2 (full 0):
 PSYoungGen      total 19456K, used 2544K [0x00000000eaa80000, 0x00000000ed080000, 0x0000000100000000)
  eden space 16896K, 0% used [0x00000000eaa80000,0x00000000eaa80000,0x00000000ebb00000)
  from space 2560K, 99% used [0x00000000ebd80000,0x00000000ebffc010,0x00000000ec000000)
  to   space 2560K, 0% used [0x00000000ebb00000,0x00000000ebb00000,0x00000000ebd80000)
 ParOldGen       total 43520K, used 8577K [0x00000000c0000000, 0x00000000c2a80000, 0x00000000eaa80000)
  object space 43520K, 19% used [0x00000000c0000000,0x00000000c08607e8,0x00000000c2a80000)
 PSPermGen       total 21504K, used 14667K [0x00000000bae00000, 0x00000000bc300000, 0x00000000c0000000)
  object space 21504K, 68% used [0x00000000bae00000,0x00000000bbc52ff8,0x00000000bc300000)
}
Event: 2.952 GC heap before
{Heap before GC invocations=3 (full 0):
 PSYoungGen      total 19456K, used 19440K [0x00000000eaa80000, 0x00000000ed080000, 0x0000000100000000)
  eden space 16896K, 100% used [0x00000000eaa80000,0x00000000ebb00000,0x00000000ebb00000)
  from space 2560K, 99% used [0x00000000ebd80000,0x00000000ebffc010,0x00000000ec000000)
  to   space 2560K, 0% used [0x00000000ebb00000,0x00000000ebb00000,0x00000000ebd80000)
 ParOldGen       total 43520K, used 8577K [0x00000000c0000000, 0x00000000c2a80000, 0x00000000eaa80000)
  object space 43520K, 19% used [0x00000000c0000000,0x00000000c08607e8,0x00000000c2a80000)
 PSPermGen       total 21504K, used 15166K [0x00000000bae00000, 0x00000000bc300000, 0x00000000c0000000)
  object space 21504K, 70% used [0x00000000bae00000,0x00000000bbccfbd0,0x00000000bc300000)
Event: 2.969 GC heap after
Heap after GC invocations=3 (full 0):
 PSYoungGen      total 19456K, used 2528K [0x00000000eaa80000, 0x00000000ed080000, 0x0000000100000000)
  eden space 16896K, 0% used [0x00000000eaa80000,0x00000000eaa80000,0x00000000ebb00000)
  from space 2560K, 98% used [0x00000000ebb00000,0x00000000ebd78020,0x00000000ebd80000)
  to   space 2560K, 0% used [0x00000000ece00000,0x00000000ece00000,0x00000000ed080000)
 ParOldGen       total 43520K, used 9231K [0x00000000c0000000, 0x00000000c2a80000, 0x00000000eaa80000)
  object space 43520K, 21% used [0x00000000c0000000,0x00000000c0903c88,0x00000000c2a80000)
 PSPermGen       total 21504K, used 15166K [0x00000000bae00000, 0x00000000bc300000, 0x00000000c0000000)
  object space 21504K, 70% used [0x00000000bae00000,0x00000000bbccfbd0,0x00000000bc300000)
}
Event: 3.862 GC heap before
{Heap before GC invocations=4 (full 0):
 PSYoungGen      total 19456K, used 19424K [0x00000000eaa80000, 0x00000000ed080000, 0x0000000100000000)
  eden space 16896K, 100% used [0x00000000eaa80000,0x00000000ebb00000,0x00000000ebb00000)
  from space 2560K, 98% used [0x00000000ebb00000,0x00000000ebd78020,0x00000000ebd80000)
  to   space 2560K, 0% used [0x00000000ece00000,0x00000000ece00000,0x00000000ed080000)
 ParOldGen       total 43520K, used 9231K [0x00000000c0000000, 0x00000000c2a80000, 0x00000000eaa80000)
  object space 43520K, 21% used [0x00000000c0000000,0x00000000c0903c88,0x00000000c2a80000)
 PSPermGen       total 21504K, used 15224K [0x00000000bae00000, 0x00000000bc300000, 0x00000000c0000000)
  object space 21504K, 70% used [0x00000000bae00000,0x00000000bbcde148,0x00000000bc300000)
Event: 3.877 GC heap after
Heap after GC invocations=4 (full 0):
 PSYoungGen      total 36352K, used 2528K [0x00000000eaa80000, 0x00000000ed080000, 0x0000000100000000)
  eden space 33792K, 0% used [0x00000000eaa80000,0x00000000eaa80000,0x00000000ecb80000)
  from space 2560K, 98% used [0x00000000ece00000,0x00000000ed078020,0x00000000ed080000)
  to   space 2560K, 0% used [0x00000000ecb80000,0x00000000ecb80000,0x00000000ece00000)
 ParOldGen       total 43520K, used 9476K [0x00000000c0000000, 0x00000000c2a80000, 0x00000000eaa80000)
  object space 43520K, 21% used [0x00000000c0000000,0x00000000c09412f8,0x00000000c2a80000)
 PSPermGen       total 21504K, used 15224K [0x00000000bae00000, 0x00000000bc300000, 0x00000000c0000000)
  object space 21504K, 70% used [0x00000000bae00000,0x00000000bbcde148,0x00000000bc300000)
}
Event: 5.679 GC heap before
{Heap before GC invocations=5 (full 0):
 PSYoungGen      total 36352K, used 36320K [0x00000000eaa80000, 0x00000000ed080000, 0x0000000100000000)
  eden space 33792K, 100% used [0x00000000eaa80000,0x00000000ecb80000,0x00000000ecb80000)
  from space 2560K, 98% used [0x00000000ece00000,0x00000000ed078020,0x00000000ed080000)
  to   space 2560K, 0% used [0x00000000ecb80000,0x00000000ecb80000,0x00000000ece00000)
 ParOldGen       total 43520K, used 9476K [0x00000000c0000000, 0x00000000c2a80000, 0x00000000eaa80000)
  object space 43520K, 21% used [0x00000000c0000000,0x00000000c09412f8,0x00000000c2a80000)
 PSPermGen       total 21504K, used 15590K [0x00000000bae00000, 0x00000000bc300000, 0x00000000c0000000)
  object space 21504K, 72% used [0x00000000bae00000,0x00000000bbd398c8,0x00000000bc300000)
Event: 5.689 GC heap after
Heap after GC invocations=5 (full 0):
 PSYoungGen      total 36352K, used 2528K [0x00000000eaa80000, 0x00000000f0080000, 0x0000000100000000)
  eden space 33792K, 0% used [0x00000000eaa80000,0x00000000eaa80000,0x00000000ecb80000)
  from space 2560K, 98% used [0x00000000ecb80000,0x00000000ecdf8020,0x00000000ece00000)
  to   space 10240K, 0% used [0x00000000ef680000,0x00000000ef680000,0x00000000f0080000)
 ParOldGen       total 43520K, used 9828K [0x00000000c0000000, 0x00000000c2a80000, 0x00000000eaa80000)
  object space 43520K, 22% used [0x00000000c0000000,0x00000000c0999120,0x00000000c2a80000)
 PSPermGen       total 21504K, used 15590K [0x00000000bae00000, 0x00000000bc300000, 0x00000000c0000000)
  object space 21504K, 72% used [0x00000000bae00000,0x00000000bbd398c8,0x00000000bc300000)
}

Deoptimization events (10 events):
Event: 3.385 Thread 0x000000000f25e800 Uncommon trap: reason=unreached action=reinterpret pc=0x0000000002893118 method=java.lang.Class.searchFields([Ljava/lang/reflect/Field;Ljava/lang/String;)Ljava/lang/reflect/Field; @ 23
Event: 6.213 Thread 0x000000000a187800 Uncommon trap: reason=unreached action=reinterpret pc=0x0000000002897980 method=com.jogamp.common.util.IntIntHashMap.get(I)I @ 19
Event: 6.455 Thread 0x000000000a187800 Uncommon trap: reason=class_check action=maybe_recompile pc=0x000000000289e8c0 method=com.jogamp.common.nio.Buffers.isDirect(Ljava/lang/Object;)Z @ 13
Event: 6.455 Thread 0x000000000a187800 Uncommon trap: reason=class_check action=maybe_recompile pc=0x000000000289e684 method=com.jogamp.common.nio.Buffers.getDirectBufferByteOffset(Ljava/lang/Object;)I @ 7
Event: 6.455 Thread 0x000000000a187800 Uncommon trap: reason=class_check action=maybe_recompile pc=0x000000000289e8c0 method=com.jogamp.common.nio.Buffers.isDirect(Ljava/lang/Object;)Z @ 13
Event: 6.456 Thread 0x000000000a187800 Uncommon trap: reason=class_check action=maybe_recompile pc=0x000000000289e684 method=com.jogamp.common.nio.Buffers.getDirectBufferByteOffset(Ljava/lang/Object;)I @ 7
Event: 6.456 Thread 0x000000000a187800 Uncommon trap: reason=class_check action=maybe_recompile pc=0x000000000289e8c0 method=com.jogamp.common.nio.Buffers.isDirect(Ljava/lang/Object;)Z @ 13
Event: 6.456 Thread 0x000000000a187800 Uncommon trap: reason=class_check action=maybe_recompile pc=0x000000000289e684 method=com.jogamp.common.nio.Buffers.getDirectBufferByteOffset(Ljava/lang/Object;)I @ 7
Event: 6.456 Thread 0x000000000a187800 Uncommon trap: reason=class_check action=maybe_recompile pc=0x000000000289e8c0 method=com.jogamp.common.nio.Buffers.isDirect(Ljava/lang/Object;)Z @ 13
Event: 6.456 Thread 0x000000000a187800 Uncommon trap: reason=class_check action=maybe_recompile pc=0x000000000289e684 method=com.jogamp.common.nio.Buffers.getDirectBufferByteOffset(Ljava/lang/Object;)I @ 7

Internal exceptions (10 events):
Event: 5.609 Thread 0x000000000a2fc800 Threw 0x00000000ec9d3ed8 at C:\re\jdk7u45\229\hotspot\src\share\vm\prims\jvm.cpp:1244
Event: 5.616 Thread 0x000000000a2fc800 Threw 0x00000000ec9da218 at C:\re\jdk7u45\229\hotspot\src\share\vm\prims\jvm.cpp:1244
Event: 5.617 Thread 0x000000000a2fc800 Threw 0x00000000ec9dd3a8 at C:\re\jdk7u45\229\hotspot\src\share\vm\prims\jvm.cpp:1244
Event: 5.618 Thread 0x000000000a2fc800 Threw 0x00000000ec9e26a0 at C:\re\jdk7u45\229\hotspot\src\share\vm\prims\jvm.cpp:1244
Event: 5.619 Thread 0x000000000a2fc800 Threw 0x00000000ec9e7838 at C:\re\jdk7u45\229\hotspot\src\share\vm\prims\jvm.cpp:1244
Event: 5.619 Thread 0x000000000a2fc800 Threw 0x00000000ec9eae00 at C:\re\jdk7u45\229\hotspot\src\share\vm\prims\jvm.cpp:1244
Event: 5.620 Thread 0x000000000a2fc800 Threw 0x00000000ec9eea58 at C:\re\jdk7u45\229\hotspot\src\share\vm\prims\jvm.cpp:1244
Event: 5.621 Thread 0x000000000a2fc800 Threw 0x00000000ec9f17c0 at C:\re\jdk7u45\229\hotspot\src\share\vm\prims\jvm.cpp:1244
Event: 5.695 Thread 0x000000000a187800 Threw 0x00000000eab1cc30 at C:\re\jdk7u45\229\hotspot\src\share\vm\prims\jvm.cpp:1244
Event: 6.210 Thread 0x000000000a187800 Threw 0x00000000eadb0f58 at C:\re\jdk7u45\229\hotspot\src\share\vm\prims\jvm.cpp:1244

Events (10 events):
Event: 6.493 loading class 0x000000000a376d30
Event: 6.493 loading class 0x000000000a376d30 done
Event: 6.493 loading class 0x000000000a376d60
Event: 6.493 loading class 0x000000000a376d60 done
Event: 6.493 loading class 0x000000000a376d90
Event: 6.493 loading class 0x000000000a376d90 done
Event: 6.493 loading class 0x000000000a376dc0
Event: 6.493 loading class 0x000000000a376dc0 done
Event: 6.494 loading class 0x000000000a376df0
Event: 6.494 loading class 0x000000000a376df0 done


Dynamic libraries:
0x000000013f220000 - 0x000000013f253000 	C:\Program Files\Java\jre7\bin\javaw.exe
0x0000000076e00000 - 0x0000000076fa9000 	C:\Windows\SYSTEM32\ntdll.dll
0x0000000076be0000 - 0x0000000076cff000 	C:\Windows\system32\kernel32.dll
0x000007fefccb0000 - 0x000007fefcd1c000 	C:\Windows\system32\KERNELBASE.dll
0x000007fefd690000 - 0x000007fefd76b000 	C:\Windows\system32\ADVAPI32.dll
0x000007fefe510000 - 0x000007fefe5af000 	C:\Windows\system32\msvcrt.dll
0x000007fefe720000 - 0x000007fefe73f000 	C:\Windows\SYSTEM32\sechost.dll
0x000007fefe7a0000 - 0x000007fefe8cd000 	C:\Windows\system32\RPCRT4.dll
0x0000000076d00000 - 0x0000000076dfa000 	C:\Windows\system32\USER32.dll
0x000007fefee50000 - 0x000007fefeeb7000 	C:\Windows\system32\GDI32.dll
0x000007fefd770000 - 0x000007fefd77e000 	C:\Windows\system32\LPK.dll
0x000007fefe9b0000 - 0x000007fefea79000 	C:\Windows\system32\USP10.dll
0x000007fefb580000 - 0x000007fefb774000 	C:\Windows\WinSxS\amd64_microsoft.windows.common-controls_6595b64144ccf1df_6.0.7601.17514_none_fa396087175ac9ac\COMCTL32.dll
0x000007fefd4a0000 - 0x000007fefd511000 	C:\Windows\system32\SHLWAPI.dll
0x000007fefeb20000 - 0x000007fefeb4e000 	C:\Windows\system32\IMM32.DLL
0x000007fefeb50000 - 0x000007fefec59000 	C:\Windows\system32\MSCTF.dll
0x0000000068360000 - 0x0000000068432000 	C:\Program Files\Java\jre7\bin\msvcr100.dll
0x0000000064080000 - 0x0000000064849000 	C:\Program Files\Java\jre7\bin\server\jvm.dll
0x000007fefae70000 - 0x000007fefae79000 	C:\Windows\system32\WSOCK32.dll
0x000007fefd520000 - 0x000007fefd56d000 	C:\Windows\system32\WS2_32.dll
0x000007fefec60000 - 0x000007fefec68000 	C:\Windows\system32\NSI.dll
0x000007fefa6c0000 - 0x000007fefa6fb000 	C:\Windows\system32\WINMM.dll
0x0000000076fc0000 - 0x0000000076fc7000 	C:\Windows\system32\PSAPI.DLL
0x000000006fc90000 - 0x000000006fc9f000 	C:\Program Files\Java\jre7\bin\verify.dll
0x00000000684f0000 - 0x0000000068518000 	C:\Program Files\Java\jre7\bin\java.dll
0x0000000068770000 - 0x0000000068785000 	C:\Program Files\Java\jre7\bin\zip.dll
0x0000000067b70000 - 0x0000000067d05000 	C:\Program Files\Java\jre7\bin\awt.dll
0x000007fefe8d0000 - 0x000007fefe9a7000 	C:\Windows\system32\OLEAUT32.dll
0x000007fefd000000 - 0x000007fefd203000 	C:\Windows\system32\ole32.dll
0x000007fefafc0000 - 0x000007fefafd8000 	C:\Windows\system32\DWMAPI.DLL
0x000007fefb520000 - 0x000007fefb576000 	C:\Windows\system32\uxtheme.dll
0x000007fefcaa0000 - 0x000007fefcaaf000 	C:\Windows\system32\CRYPTBASE.dll
0x000007fef6a10000 - 0x000007fef6c0f000 	C:\Windows\system32\d3d9.dll
0x000007fefbd00000 - 0x000007fefbd0c000 	C:\Windows\system32\VERSION.dll
0x000007fef68e0000 - 0x000007fef68e7000 	C:\Windows\system32\d3d8thk.dll
0x00000000741b0000 - 0x0000000074278000 	C:\Windows\system32\aticfx64.dll
0x000007fefae20000 - 0x000007fefae2d000 	C:\Windows\system32\atiu9p64.dll
0x0000000063b40000 - 0x0000000064079000 	C:\Windows\system32\atiumd64.dll
0x00000000652b0000 - 0x000000006567a000 	C:\Windows\system32\atiumd6a.dll
0x00000000684a0000 - 0x00000000684e6000 	C:\Program Files\Java\jre7\bin\fontmanager.dll
0x000000006c450000 - 0x000000006c469000 	C:\Program Files\Java\jre7\bin\net.dll
0x000007fefc3e0000 - 0x000007fefc435000 	C:\Windows\system32\mswsock.dll
0x000007fefc3d0000 - 0x000007fefc3d7000 	C:\Windows\System32\wship6.dll
0x0000000068750000 - 0x0000000068761000 	C:\Program Files\Java\jre7\bin\nio.dll
0x0000000068450000 - 0x0000000068491000 	C:\Program Files\Java\jre7\bin\t2k.dll
0x000007fefd780000 - 0x000007fefe508000 	C:\Windows\system32\SHELL32.dll
0x000007fefc440000 - 0x000007fefc457000 	C:\Windows\system32\CRYPTSP.dll
0x000007fefc140000 - 0x000007fefc187000 	C:\Windows\system32\rsaenh.dll
0x000007fefcee0000 - 0x000007fefcefe000 	C:\Windows\system32\USERENV.dll
0x000007fefcc40000 - 0x000007fefcc4f000 	C:\Windows\system32\profapi.dll
0x000007fefa630000 - 0x000007fefa645000 	C:\Windows\system32\NLAapi.dll
0x000007fef87e0000 - 0x000007fef87f5000 	C:\Windows\system32\napinsp.dll
0x000007fef8830000 - 0x000007fef8849000 	C:\Windows\system32\pnrpnsp.dll
0x000007fefc260000 - 0x000007fefc2bb000 	C:\Windows\system32\DNSAPI.dll
0x000007fef87d0000 - 0x000007fef87db000 	C:\Windows\System32\winrnr.dll
0x000007fefbdd0000 - 0x000007fefbdd7000 	C:\Windows\System32\wshtcpip.dll
0x000007fef8060000 - 0x000007fef8087000 	C:\Windows\system32\IPHLPAPI.DLL
0x000007fef7f40000 - 0x000007fef7f4b000 	C:\Windows\system32\WINNSI.DLL
0x000007fef8ec0000 - 0x000007fef8ec8000 	C:\Windows\system32\rasadhlp.dll
0x000007fef95c0000 - 0x000007fef9613000 	C:\Windows\System32\fwpuclnt.dll
0x00000000637c0000 - 0x00000000637ca000 	C:\Users\datam\AppData\Local\Temp\jogamp_0000\file_cache\jln7532140543146867739\jln1894239429285663971\gluegen-rt.dll
0x0000000072530000 - 0x0000000072537000 	C:\Program Files\Java\jre7\bin\jawt.dll
0x000000006a440000 - 0x000000006a44b000 	C:\Users\datam\AppData\Local\Temp\jogamp_0000\file_cache\jln7532140543146867739\jln1894239429285663971\nativewindow_awt.dll
0x000000006c100000 - 0x000000006c10b000 	C:\Users\datam\AppData\Local\Temp\jogamp_0000\file_cache\jln7532140543146867739\jln1894239429285663971\nativewindow_win32.dll
0x000007fef02f0000 - 0x000007fef040d000 	C:\Windows\system32\OpenGL32.dll
0x000007fef90c0000 - 0x000007fef90ed000 	C:\Windows\system32\GLU32.dll
0x000007fef3050000 - 0x000007fef3141000 	C:\Windows\system32\DDRAW.dll
0x000007fefadf0000 - 0x000007fefadf8000 	C:\Windows\system32\DCIMAN32.dll
0x000007fefec70000 - 0x000007fefee47000 	C:\Windows\system32\SETUPAPI.dll
0x000007fefcfb0000 - 0x000007fefcfe6000 	C:\Windows\system32\CFGMGR32.dll
0x000007fefcc80000 - 0x000007fefcc9a000 	C:\Windows\system32\DEVOBJ.dll
0x000000000a5f0000 - 0x000000000a67e000 	C:\Users\datam\AppData\Local\Temp\jogamp_0000\file_cache\jln7532140543146867739\jln1894239429285663971\jogl_desktop.dll
0x000007fefade0000 - 0x000007fefade8000 	C:\Windows\system32\atig6pxx.dll
0x0000000011ec0000 - 0x000000001350b000 	C:\Windows\system32\atio6axx.dll
0x000007fefacd0000 - 0x000007fefacde000 	C:\Windows\system32\atig6txx.dll
0x0000000180000000 - 0x000000018005d000 	C:\Windows\system32\atiadlxx.dll
0x000007fefbe90000 - 0x000007fefbea1000 	C:\Windows\system32\WTSAPI32.dll
0x000007fefcea0000 - 0x000007fefceda000 	C:\Windows\system32\WINTRUST.dll
0x000007fefcd20000 - 0x000007fefce8c000 	C:\Windows\system32\CRYPT32.dll
0x000007fefcc50000 - 0x000007fefcc5f000 	C:\Windows\system32\MSASN1.dll
0x000007fef0170000 - 0x000007fef0295000 	C:\Windows\system32\dbghelp.dll

VM Arguments:
jvm_args: -Dfile.encoding=Cp1252 
java_command: render.Main
Launcher Type: SUN_STANDARD

Environment Variables:
PATH=C:/Program Files (x86)/Java/jre7/bin/client;C:/Program Files (x86)/Java/jre7/bin;C:/Program Files (x86)/Java/jre7/lib/i386;C:\Windows\system32;C:\Windows;C:\Windows\System32\Wbem;C:\Windows\System32\WindowsPowerShell\v1.0\;C:\Program Files (x86)\Lua\5.1;C:\Program Files (x86)\Lua\5.1\clibs;C:\Program Files\processing-2.2.1;C:\eclipse;
USERNAME=datam
OS=Windows_NT
PROCESSOR_IDENTIFIER=AMD64 Family 16 Model 2 Stepping 3, AuthenticAMD



---------------  S Y S T E M  ---------------

OS: Windows 7 , 64 bit Build 7601 Service Pack 1

CPU:total 3 (3 cores per cpu, 1 threads per core) family 16 model 2 stepping 3, cmov, cx8, fxsr, mmx, sse, sse2, sse3, popcnt, mmxext, 3dnowpref, lzcnt, sse4a, tsc, tscinvbit, tscinv

Memory: 4k page, physical 4192760k(2359520k free), swap 8383656k(6154516k free)

vm_info: Java HotSpot(TM) 64-Bit Server VM (24.45-b08) for windows-amd64 JRE (1.7.0_45-b18), built on Oct  8 2013 05:47:22 by "java_re" with unknown MS VC++:1600

time: Fri Aug 22 11:17:45 2014
elapsed time: 6 seconds

