#
# A fatal error has been detected by the Java Runtime Environment:
#
#  EXCEPTION_ACCESS_VIOLATION (0xc0000005) at pc=0x000007feeffeca04, pid=3352, tid=2376
#
# JRE version: Java(TM) SE Runtime Environment (7.0_45-b18) (build 1.7.0_45-b18)
# Java VM: Java HotSpot(TM) 64-Bit Server VM (24.45-b08 mixed mode windows-amd64 compressed oops)
# Problematic frame:
# C  [OpenGL32.dll+0xdca04]
#
# Failed to write core dump. Minidumps are not enabled by default on client versions of Windows
#
# If you would like to submit a bug report, please visit:
#   http://bugreport.sun.com/bugreport/crash.jsp
# The crash happened outside the Java Virtual Machine in native code.
# See problematic frame for where to report the bug.
#

---------------  T H R E A D  ---------------

Current thread (0x000000000a216000):  JavaThread "Animation Thread" [_thread_in_native, id=2376, stack(0x000000000e9b0000,0x000000000eab0000)]

siginfo: ExceptionCode=0xc0000005, reading address 0x0000000000000698

Registers:
RAX=0x0000000000000000, RBX=0x00000000bba87868, RCX=0x0000000000000001, RDX=0x000000000eaaf138
RSP=0x000000000eaaf078, RBP=0x000000000eaaf100, RSI=0x000000000000001a, RDI=0x0000000000000007
R8 =0x0000000000000001, R9 =0x000007feeffec9f0, R10=0x0000000002572ac4, R11=0x0000000063c2f900
R12=0x0000000000000000, R13=0x00000000bba87868, R14=0x000000000eaaf138, R15=0x000000000a216000
RIP=0x000007feeffeca04, EFLAGS=0x0000000000010283

Top of Stack: (sp=0x000000000eaaf078)
0x000000000eaaf078:   0000000002572af0 0000000000000000
0x000000000eaaf088:   000000000eaaf0a0 000000000eaaf0f8
0x000000000eaaf098:   00000000025660f8 0000000000000000
0x000000000eaaf0a8:   0000000000000000 0000000000000000
0x000000000eaaf0b8:   000000000eaaf0b8 000000000eaaf0c0
0x000000000eaaf0c8:   0000000000000000 000000000eaaf138
0x000000000eaaf0d8:   00000000bbca0458 0000000000000000
0x000000000eaaf0e8:   00000000bba87868 0000000000000000
0x000000000eaaf0f8:   000000000eaaf120 000000000eaaf180
0x000000000eaaf108:   00000000025660f8 0000000000000000
0x000000000eaaf118:   000000000256f0d8 000007feeffec9f0
0x000000000eaaf128:   00000000025662d3 0000000000000001
0x000000000eaaf138:   00000000ebbcf3b0 000000000eaaf140
0x000000000eaaf148:   00000000bba8779a 000000000eaaf1a8
0x000000000eaaf158:   00000000bbca0458 0000000000000000
0x000000000eaaf168:   00000000bba877a8 000000000eaaf120 

Instructions: (pc=0x000007feeffeca04)
0x000007feeffec9e4:   cc cc cc cc cc cc 66 0f 1f 44 00 00 8b 05 d6 18
0x000007feeffec9f4:   01 00 83 f8 40 73 0f 65 48 8b 04 c5 80 14 00 00
0x000007feeffeca04:   ff a0 98 06 00 00 b8 d3 00 00 00 e9 ac e1 ff ff
0x000007feeffeca14:   cc cc cc cc cc cc 66 0f 1f 44 00 00 8b 05 a6 18 


Register to memory mapping:

RAX=0x0000000000000000 is an unknown value
RBX=0x00000000bba87868 is an oop
{method} 
 - klass: {other class}
RCX=0x0000000000000001 is an unknown value
RDX=0x000000000eaaf138 is pointing into the stack for thread: 0x000000000a216000
RSP=0x000000000eaaf078 is pointing into the stack for thread: 0x000000000a216000
RBP=0x000000000eaaf100 is pointing into the stack for thread: 0x000000000a216000
RSI=0x000000000000001a is an unknown value
RDI=0x0000000000000007 is an unknown value
R8 =0x0000000000000001 is an unknown value
R9 =0x000007feeffec9f0 is an unknown value
R10=0x0000000002572ac4 is at code_begin+644 in an Interpreter codelet
method entry point (kind = native)  [0x0000000002572840, 0x00000000025730e0]  2208 bytes
R11=0x0000000063c2f900 is an unknown value
R12=0x0000000000000000 is an unknown value
R13=0x00000000bba87868 is an oop
{method} 
 - klass: {other class}
R14=0x000000000eaaf138 is pointing into the stack for thread: 0x000000000a216000
R15=0x000000000a216000 is a thread


Stack: [0x000000000e9b0000,0x000000000eab0000],  sp=0x000000000eaaf078,  free space=1020k
Native frames: (J=compiled Java code, j=interpreted, Vv=VM code, C=native code)
C  [OpenGL32.dll+0xdca04]
j  jogamp.opengl.gl4.GL4bcImpl.glDepthMask(Z)V+34
j  processing.opengl.PGL.depthMask(Z)V+4
j  processing.opengl.PGraphicsOpenGL.backgroundImpl()V+8
j  processing.core.PGraphics.backgroundFromCalc()V+122
j  processing.core.PGraphics.background(I)V+6
j  processing.core.PGraphics.reapplySettings()V+190
j  processing.opengl.PGraphicsOpenGL.setSize(II)V+15
j  processing.core.PApplet.resizeRenderer(II)V+90
j  processing.core.PApplet.run()V+162
j  java.lang.Thread.run()V+11
v  ~StubRoutines::call_stub
V  [jvm.dll+0x1cb0c3]

Java frames: (J=compiled Java code, j=interpreted, Vv=VM code)
j  jogamp.opengl.gl4.GL4bcImpl.dispatch_glDepthMask1(ZJ)V+0
j  jogamp.opengl.gl4.GL4bcImpl.glDepthMask(Z)V+34
j  processing.opengl.PGL.depthMask(Z)V+4
j  processing.opengl.PGraphicsOpenGL.backgroundImpl()V+8
j  processing.core.PGraphics.backgroundFromCalc()V+122
j  processing.core.PGraphics.background(I)V+6
j  processing.core.PGraphics.reapplySettings()V+190
j  processing.opengl.PGraphicsOpenGL.setSize(II)V+15
j  processing.core.PApplet.resizeRenderer(II)V+90
j  processing.core.PApplet.run()V+162
j  java.lang.Thread.run()V+11
v  ~StubRoutines::call_stub

---------------  P R O C E S S  ---------------

Java Threads: ( => current thread )
  0x00000000109b9000 JavaThread "Animation Thread-SharedResourceRunner" daemon [_thread_blocked, id=2156, stack(0x000000000eea0000,0x000000000efa0000)]
=>0x000000000a216000 JavaThread "Animation Thread" [_thread_in_native, id=2376, stack(0x000000000e9b0000,0x000000000eab0000)]
  0x000000000231d800 JavaThread "DestroyJavaVM" [_thread_blocked, id=2272, stack(0x0000000002340000,0x0000000002440000)]
  0x000000000a0e8800 JavaThread "D3D Screen Updater" daemon [_thread_blocked, id=2280, stack(0x000000000e870000,0x000000000e970000)]
  0x000000000a0e7800 JavaThread "Animation Thread" [_thread_blocked, id=3860, stack(0x000000000e6d0000,0x000000000e7d0000)]
  0x000000000a051800 JavaThread "AWT-EventQueue-0" [_thread_blocked, id=3608, stack(0x000000000d260000,0x000000000d360000)]
  0x0000000009fcf000 JavaThread "AWT-Windows" daemon [_thread_in_native, id=1184, stack(0x000000000a690000,0x000000000a790000)]
  0x0000000009fcc800 JavaThread "AWT-Shutdown" [_thread_blocked, id=1556, stack(0x000000000a530000,0x000000000a630000)]
  0x0000000009ea3000 JavaThread "Java2D Disposer" daemon [_thread_blocked, id=3516, stack(0x000000000a320000,0x000000000a420000)]
  0x000000000869f800 JavaThread "Service Thread" daemon [_thread_blocked, id=3828, stack(0x0000000009b20000,0x0000000009c20000)]
  0x000000000869f000 JavaThread "C2 CompilerThread1" daemon [_thread_blocked, id=3392, stack(0x0000000009c30000,0x0000000009d30000)]
  0x000000000868f800 JavaThread "C2 CompilerThread0" daemon [_thread_blocked, id=1444, stack(0x00000000099a0000,0x0000000009aa0000)]
  0x000000000868a000 JavaThread "Attach Listener" daemon [_thread_blocked, id=3420, stack(0x0000000009810000,0x0000000009910000)]
  0x0000000008688800 JavaThread "Signal Dispatcher" daemon [_thread_blocked, id=1452, stack(0x0000000009530000,0x0000000009630000)]
  0x0000000008634000 JavaThread "Finalizer" daemon [_thread_blocked, id=3572, stack(0x0000000009670000,0x0000000009770000)]
  0x000000000862b000 JavaThread "Reference Handler" daemon [_thread_blocked, id=3176, stack(0x00000000093e0000,0x00000000094e0000)]

Other Threads:
  0x0000000008627000 VMThread [stack: 0x00000000091d0000,0x00000000092d0000] [id=2236]
  0x00000000086aa000 WatcherThread [stack: 0x0000000009d80000,0x0000000009e80000] [id=1448]

VM state:not at safepoint (normal execution)

VM Mutex/Monitor currently owned by a thread: None

Heap
 PSYoungGen      total 19456K, used 16672K [0x00000000eaa80000, 0x00000000ec000000, 0x0000000100000000)
  eden space 16896K, 83% used [0x00000000eaa80000,0x00000000eb850128,0x00000000ebb00000)
  from space 2560K, 98% used [0x00000000ebb00000,0x00000000ebd78040,0x00000000ebd80000)
  to   space 2560K, 0% used [0x00000000ebd80000,0x00000000ebd80000,0x00000000ec000000)
 ParOldGen       total 43520K, used 5449K [0x00000000c0000000, 0x00000000c2a80000, 0x00000000eaa80000)
  object space 43520K, 12% used [0x00000000c0000000,0x00000000c05525e0,0x00000000c2a80000)
 PSPermGen       total 21504K, used 15884K [0x00000000bae00000, 0x00000000bc300000, 0x00000000c0000000)
  object space 21504K, 73% used [0x00000000bae00000,0x00000000bbd83160,0x00000000bc300000)

Card table byte_map: [0x0000000005620000,0x0000000005850000] byte_map_base: 0x0000000005049000

Polling page: 0x0000000000220000

Code Cache  [0x0000000002560000, 0x00000000027d0000, 0x0000000005560000)
 total_blobs=903 nmethods=145 adapters=711 free_code_cache=48161Kb largest_free_block=49287616

Compilation events (10 events):
Event: 6.781 Thread 0x000000000869f000 nmethod 141 0x000000000264e050 code [0x000000000264e1c0, 0x000000000264e4a8]
Event: 6.782 Thread 0x000000000868f800 nmethod 139 0x0000000002655e90 code [0x0000000002656280, 0x0000000002658488]
Event: 6.971 Thread 0x000000000869f000  142   !         java.io.BufferedReader::readLine (304 bytes)
Event: 6.973 Thread 0x000000000868f800  143             sun.nio.cs.UTF_8$Decoder::decodeArrayLoop (543 bytes)
Event: 7.005 Thread 0x000000000868f800 nmethod 143 0x000000000264c050 code [0x000000000264c2a0, 0x000000000264cdf8]
Event: 7.015 Thread 0x000000000869f000 nmethod 142 0x0000000002653e90 code [0x0000000002654040, 0x0000000002655538]
Event: 7.044 Thread 0x000000000868f800  144 %           processing.opengl.PGL::nativeToJavaARGB @ 101 (339 bytes)
Event: 7.070 Thread 0x000000000868f800 nmethod 144% 0x000000000265dfd0 code [0x000000000265e120, 0x000000000265ec58]
Event: 7.117 Thread 0x000000000869f000  145             java.util.concurrent.locks.AbstractQueuedSynchronizer::setState (6 bytes)
Event: 7.117 Thread 0x000000000869f000 nmethod 145 0x0000000002635950 code [0x0000000002635a80, 0x0000000002635ad8]

GC Heap History (6 events):
Event: 3.372 GC heap before
{Heap before GC invocations=1 (full 0):
 PSYoungGen      total 19456K, used 16896K [0x00000000eaa80000, 0x00000000ec000000, 0x0000000100000000)
  eden space 16896K, 100% used [0x00000000eaa80000,0x00000000ebb00000,0x00000000ebb00000)
  from space 2560K, 0% used [0x00000000ebd80000,0x00000000ebd80000,0x00000000ec000000)
  to   space 2560K, 0% used [0x00000000ebb00000,0x00000000ebb00000,0x00000000ebd80000)
 ParOldGen       total 43520K, used 0K [0x00000000c0000000, 0x00000000c2a80000, 0x00000000eaa80000)
  object space 43520K, 0% used [0x00000000c0000000,0x00000000c0000000,0x00000000c2a80000)
 PSPermGen       total 21504K, used 11790K [0x00000000bae00000, 0x00000000bc300000, 0x00000000c0000000)
  object space 21504K, 54% used [0x00000000bae00000,0x00000000bb983990,0x00000000bc300000)
Event: 3.383 GC heap after
Heap after GC invocations=1 (full 0):
 PSYoungGen      total 19456K, used 2541K [0x00000000eaa80000, 0x00000000ec000000, 0x0000000100000000)
  eden space 16896K, 0% used [0x00000000eaa80000,0x00000000eaa80000,0x00000000ebb00000)
  from space 2560K, 99% used [0x00000000ebb00000,0x00000000ebd7b4e0,0x00000000ebd80000)
  to   space 2560K, 0% used [0x00000000ebd80000,0x00000000ebd80000,0x00000000ec000000)
 ParOldGen       total 43520K, used 2795K [0x00000000c0000000, 0x00000000c2a80000, 0x00000000eaa80000)
  object space 43520K, 6% used [0x00000000c0000000,0x00000000c02baf08,0x00000000c2a80000)
 PSPermGen       total 21504K, used 11790K [0x00000000bae00000, 0x00000000bc300000, 0x00000000c0000000)
  object space 21504K, 54% used [0x00000000bae00000,0x00000000bb983990,0x00000000bc300000)
}
Event: 5.255 GC heap before
{Heap before GC invocations=2 (full 0):
 PSYoungGen      total 19456K, used 19437K [0x00000000eaa80000, 0x00000000ec000000, 0x0000000100000000)
  eden space 16896K, 100% used [0x00000000eaa80000,0x00000000ebb00000,0x00000000ebb00000)
  from space 2560K, 99% used [0x00000000ebb00000,0x00000000ebd7b4e0,0x00000000ebd80000)
  to   space 2560K, 0% used [0x00000000ebd80000,0x00000000ebd80000,0x00000000ec000000)
 ParOldGen       total 43520K, used 2795K [0x00000000c0000000, 0x00000000c2a80000, 0x00000000eaa80000)
  object space 43520K, 6% used [0x00000000c0000000,0x00000000c02baf08,0x00000000c2a80000)
 PSPermGen       total 21504K, used 15366K [0x00000000bae00000, 0x00000000bc300000, 0x00000000c0000000)
  object space 21504K, 71% used [0x00000000bae00000,0x00000000bbd01ae0,0x00000000bc300000)
Event: 5.275 GC heap after
Heap after GC invocations=2 (full 0):
 PSYoungGen      total 19456K, used 2544K [0x00000000eaa80000, 0x00000000ec000000, 0x0000000100000000)
  eden space 16896K, 0% used [0x00000000eaa80000,0x00000000eaa80000,0x00000000ebb00000)
  from space 2560K, 99% used [0x00000000ebd80000,0x00000000ebffc050,0x00000000ec000000)
  to   space 2560K, 0% used [0x00000000ebb00000,0x00000000ebb00000,0x00000000ebd80000)
 ParOldGen       total 43520K, used 3640K [0x00000000c0000000, 0x00000000c2a80000, 0x00000000eaa80000)
  object space 43520K, 8% used [0x00000000c0000000,0x00000000c038e200,0x00000000c2a80000)
 PSPermGen       total 21504K, used 15366K [0x00000000bae00000, 0x00000000bc300000, 0x00000000c0000000)
  object space 21504K, 71% used [0x00000000bae00000,0x00000000bbd01ae0,0x00000000bc300000)
}
Event: 6.511 GC heap before
{Heap before GC invocations=3 (full 0):
 PSYoungGen      total 19456K, used 19440K [0x00000000eaa80000, 0x00000000ec000000, 0x0000000100000000)
  eden space 16896K, 100% used [0x00000000eaa80000,0x00000000ebb00000,0x00000000ebb00000)
  from space 2560K, 99% used [0x00000000ebd80000,0x00000000ebffc050,0x00000000ec000000)
  to   space 2560K, 0% used [0x00000000ebb00000,0x00000000ebb00000,0x00000000ebd80000)
 ParOldGen       total 43520K, used 3640K [0x00000000c0000000, 0x00000000c2a80000, 0x00000000eaa80000)
  object space 43520K, 8% used [0x00000000c0000000,0x00000000c038e200,0x00000000c2a80000)
 PSPermGen       total 21504K, used 15796K [0x00000000bae00000, 0x00000000bc300000, 0x00000000c0000000)
  object space 21504K, 73% used [0x00000000bae00000,0x00000000bbd6d3f8,0x00000000bc300000)
Event: 6.521 GC heap after
Heap after GC invocations=3 (full 0):
 PSYoungGen      total 19456K, used 2528K [0x00000000eaa80000, 0x00000000ec000000, 0x0000000100000000)
  eden space 16896K, 0% used [0x00000000eaa80000,0x00000000eaa80000,0x00000000ebb00000)
  from space 2560K, 98% used [0x00000000ebb00000,0x00000000ebd78040,0x00000000ebd80000)
  to   space 2560K, 0% used [0x00000000ebd80000,0x00000000ebd80000,0x00000000ec000000)
 ParOldGen       total 43520K, used 5449K [0x00000000c0000000, 0x00000000c2a80000, 0x00000000eaa80000)
  object space 43520K, 12% used [0x00000000c0000000,0x00000000c05525e0,0x00000000c2a80000)
 PSPermGen       total 21504K, used 15796K [0x00000000bae00000, 0x00000000bc300000, 0x00000000c0000000)
  object space 21504K, 73% used [0x00000000bae00000,0x00000000bbd6d3f8,0x00000000bc300000)
}

Deoptimization events (10 events):
Event: 6.475 Thread 0x000000000a051800 Uncommon trap: reason=unreached action=reinterpret pc=0x0000000002643dbc method=render.CivGame.assignResources([[I)[[I @ 353
Event: 6.675 Thread 0x000000000a051800 Uncommon trap: reason=unreached action=reinterpret pc=0x000000000264fe00 method=terrain.Erosion.tick()Z @ 686
Event: 6.801 Thread 0x000000000a051800 Uncommon trap: reason=class_check action=maybe_recompile pc=0x0000000002630a80 method=com.jogamp.common.nio.Buffers.isDirect(Ljava/lang/Object;)Z @ 13
Event: 6.801 Thread 0x000000000a051800 Uncommon trap: reason=class_check action=maybe_recompile pc=0x0000000002630844 method=com.jogamp.common.nio.Buffers.getDirectBufferByteOffset(Ljava/lang/Object;)I @ 7
Event: 6.801 Thread 0x000000000a051800 Uncommon trap: reason=class_check action=maybe_recompile pc=0x0000000002630a80 method=com.jogamp.common.nio.Buffers.isDirect(Ljava/lang/Object;)Z @ 13
Event: 6.801 Thread 0x000000000a051800 Uncommon trap: reason=class_check action=maybe_recompile pc=0x0000000002630844 method=com.jogamp.common.nio.Buffers.getDirectBufferByteOffset(Ljava/lang/Object;)I @ 7
Event: 6.965 Thread 0x000000000a051800 Uncommon trap: reason=class_check action=maybe_recompile pc=0x0000000002630a80 method=com.jogamp.common.nio.Buffers.isDirect(Ljava/lang/Object;)Z @ 13
Event: 6.965 Thread 0x000000000a051800 Uncommon trap: reason=class_check action=maybe_recompile pc=0x0000000002630844 method=com.jogamp.common.nio.Buffers.getDirectBufferByteOffset(Ljava/lang/Object;)I @ 7
Event: 6.969 Thread 0x000000000a051800 Uncommon trap: reason=class_check action=maybe_recompile pc=0x0000000002630a80 method=com.jogamp.common.nio.Buffers.isDirect(Ljava/lang/Object;)Z @ 13
Event: 6.969 Thread 0x000000000a051800 Uncommon trap: reason=class_check action=maybe_recompile pc=0x0000000002630844 method=com.jogamp.common.nio.Buffers.getDirectBufferByteOffset(Ljava/lang/Object;)I @ 7

Internal exceptions (10 events):
Event: 6.464 Thread 0x000000000a051800 Threw 0x00000000eb3c7f78 at C:\re\jdk7u45\229\hotspot\src\share\vm\prims\jvm.cpp:1244
Event: 6.525 Thread 0x000000000a051800 Threw 0x00000000eab23da0 at C:\re\jdk7u45\229\hotspot\src\share\vm\prims\jvm.cpp:1244
Event: 6.526 Thread 0x000000000a051800 Threw 0x00000000eab25a28 at C:\re\jdk7u45\229\hotspot\src\share\vm\prims\jvm.cpp:1244
Event: 6.571 Thread 0x000000000a051800 Threw 0x00000000eb0f2b90 at C:\re\jdk7u45\229\hotspot\src\share\vm\prims\jvm.cpp:1244
Event: 6.573 Thread 0x000000000a051800 Threw 0x00000000eb0f6060 at C:\re\jdk7u45\229\hotspot\src\share\vm\prims\jvm.cpp:1244
Event: 6.594 Thread 0x000000000a051800 Threw 0x00000000eb1b83d0 at C:\re\jdk7u45\229\hotspot\src\share\vm\prims\jvm.cpp:1244
Event: 6.603 Thread 0x000000000a051800 Threw 0x00000000eb1fc8f8 at C:\re\jdk7u45\229\hotspot\src\share\vm\prims\jvm.cpp:1244
Event: 6.604 Thread 0x000000000a051800 Threw 0x00000000eb1ffba8 at C:\re\jdk7u45\229\hotspot\src\share\vm\prims\jvm.cpp:1244
Event: 6.609 Thread 0x000000000a051800 Threw 0x00000000eb2443d0 at C:\re\jdk7u45\229\hotspot\src\share\vm\prims\jvm.cpp:1244
Event: 6.799 Thread 0x000000000a051800 Threw 0x00000000eb2a1e00 at C:\re\jdk7u45\229\hotspot\src\share\vm\prims\jvm.cpp:1244

Events (10 events):
Event: 7.135 loading class 0x0000000010c09e10
Event: 7.135 loading class 0x0000000010c09e10 done
Event: 7.135 loading class 0x0000000010c09e40
Event: 7.135 loading class 0x0000000010c09e40 done
Event: 7.135 loading class 0x0000000010c09e70
Event: 7.135 loading class 0x0000000010c09e70 done
Event: 7.135 loading class 0x0000000010c09ea0
Event: 7.135 loading class 0x0000000010c09ea0 done
Event: 7.135 loading class 0x0000000010c09ed0
Event: 7.135 loading class 0x0000000010c09ed0 done


Dynamic libraries:
0x000000013ff00000 - 0x000000013ff33000 	C:\Program Files\Java\jre7\bin\javaw.exe
0x0000000077a20000 - 0x0000000077bc9000 	C:\Windows\SYSTEM32\ntdll.dll
0x0000000077900000 - 0x0000000077a1f000 	C:\Windows\system32\kernel32.dll
0x000007fefd950000 - 0x000007fefd9bc000 	C:\Windows\system32\KERNELBASE.dll
0x000007feffa40000 - 0x000007feffb1b000 	C:\Windows\system32\ADVAPI32.dll
0x000007fefdf20000 - 0x000007fefdfbf000 	C:\Windows\system32\msvcrt.dll
0x000007fefdd30000 - 0x000007fefdd4f000 	C:\Windows\SYSTEM32\sechost.dll
0x000007fefe3d0000 - 0x000007fefe4fd000 	C:\Windows\system32\RPCRT4.dll
0x0000000077800000 - 0x00000000778fa000 	C:\Windows\system32\USER32.dll
0x000007fefdc20000 - 0x000007fefdc87000 	C:\Windows\system32\GDI32.dll
0x000007feffba0000 - 0x000007feffbae000 	C:\Windows\system32\LPK.dll
0x000007fefe0d0000 - 0x000007fefe199000 	C:\Windows\system32\USP10.dll
0x000007fefc1a0000 - 0x000007fefc394000 	C:\Windows\WinSxS\amd64_microsoft.windows.common-controls_6595b64144ccf1df_6.0.7601.17514_none_fa396087175ac9ac\COMCTL32.dll
0x000007feffbb0000 - 0x000007feffc21000 	C:\Windows\system32\SHLWAPI.dll
0x000007fefdd50000 - 0x000007fefdd7e000 	C:\Windows\system32\IMM32.DLL
0x000007fefdfc0000 - 0x000007fefe0c9000 	C:\Windows\system32\MSCTF.dll
0x0000000064220000 - 0x00000000642f2000 	C:\Program Files\Java\jre7\bin\msvcr100.dll
0x0000000063a50000 - 0x0000000064219000 	C:\Program Files\Java\jre7\bin\server\jvm.dll
0x000007fefb060000 - 0x000007fefb069000 	C:\Windows\system32\WSOCK32.dll
0x000007feff4a0000 - 0x000007feff4ed000 	C:\Windows\system32\WS2_32.dll
0x000007fefdd80000 - 0x000007fefdd88000 	C:\Windows\system32\NSI.dll
0x000007fefafa0000 - 0x000007fefafdb000 	C:\Windows\system32\WINMM.dll
0x0000000077bf0000 - 0x0000000077bf7000 	C:\Windows\system32\PSAPI.DLL
0x00000000678c0000 - 0x00000000678cf000 	C:\Program Files\Java\jre7\bin\verify.dll
0x0000000067890000 - 0x00000000678b8000 	C:\Program Files\Java\jre7\bin\java.dll
0x0000000067870000 - 0x0000000067885000 	C:\Program Files\Java\jre7\bin\zip.dll
0x00000000638b0000 - 0x0000000063a45000 	C:\Program Files\Java\jre7\bin\awt.dll
0x000007feff960000 - 0x000007feffa37000 	C:\Windows\system32\OLEAUT32.dll
0x000007feff290000 - 0x000007feff493000 	C:\Windows\system32\ole32.dll
0x000007fefbbe0000 - 0x000007fefbbf8000 	C:\Windows\system32\DWMAPI.DLL
0x000007fefc140000 - 0x000007fefc196000 	C:\Windows\system32\uxtheme.dll
0x000007fefd6c0000 - 0x000007fefd6cf000 	C:\Windows\system32\CRYPTBASE.dll
0x000007fef7650000 - 0x000007fef784f000 	C:\Windows\system32\d3d9.dll
0x000007fefc920000 - 0x000007fefc92c000 	C:\Windows\system32\VERSION.dll
0x000007fef7c30000 - 0x000007fef7c37000 	C:\Windows\system32\d3d8thk.dll
0x0000000072f60000 - 0x0000000073028000 	C:\Windows\system32\aticfx64.dll
0x000007fefa260000 - 0x000007fefa26d000 	C:\Windows\system32\atiu9p64.dll
0x0000000062e30000 - 0x0000000063369000 	C:\Windows\system32\atiumd64.dll
0x00000000634e0000 - 0x00000000638aa000 	C:\Windows\system32\atiumd6a.dll
0x0000000067820000 - 0x0000000067866000 	C:\Program Files\Java\jre7\bin\fontmanager.dll
0x0000000064960000 - 0x0000000064979000 	C:\Program Files\Java\jre7\bin\net.dll
0x000007fefd000000 - 0x000007fefd055000 	C:\Windows\system32\mswsock.dll
0x000007fefcff0000 - 0x000007fefcff7000 	C:\Windows\System32\wship6.dll
0x00000000634c0000 - 0x00000000634d1000 	C:\Program Files\Java\jre7\bin\nio.dll
0x0000000063470000 - 0x00000000634b1000 	C:\Program Files\Java\jre7\bin\t2k.dll
0x000007fefe500000 - 0x000007feff288000 	C:\Windows\system32\SHELL32.dll
0x000007fefd060000 - 0x000007fefd077000 	C:\Windows\system32\CRYPTSP.dll
0x000007fefcd60000 - 0x000007fefcda7000 	C:\Windows\system32\rsaenh.dll
0x000007fefd930000 - 0x000007fefd94e000 	C:\Windows\system32\USERENV.dll
0x000007fefd870000 - 0x000007fefd87f000 	C:\Windows\system32\profapi.dll
0x000007fefb140000 - 0x000007fefb155000 	C:\Windows\system32\NLAapi.dll
0x000007fefa6c0000 - 0x000007fefa6d5000 	C:\Windows\system32\napinsp.dll
0x000007fefaac0000 - 0x000007fefaad9000 	C:\Windows\system32\pnrpnsp.dll
0x000007fefce80000 - 0x000007fefcedb000 	C:\Windows\system32\DNSAPI.dll
0x000007fefaab0000 - 0x000007fefaabb000 	C:\Windows\System32\winrnr.dll
0x000007fefc9f0000 - 0x000007fefc9f7000 	C:\Windows\System32\wshtcpip.dll
0x000007feface0000 - 0x000007fefad07000 	C:\Windows\system32\IPHLPAPI.DLL
0x000007fefacd0000 - 0x000007fefacdb000 	C:\Windows\system32\WINNSI.DLL
0x000007fefab30000 - 0x000007fefab38000 	C:\Windows\system32\rasadhlp.dll
0x000007fefab50000 - 0x000007fefaba3000 	C:\Windows\System32\fwpuclnt.dll
0x000000000a2e0000 - 0x000000000a2ea000 	C:\Users\datam\AppData\Local\Temp\jogamp_0000\file_cache\jln1124409831397247975\jln1408121191260887366\gluegen-rt.dll
0x000000006f590000 - 0x000000006f597000 	C:\Program Files\Java\jre7\bin\jawt.dll
0x000000006a440000 - 0x000000006a44b000 	C:\Users\datam\AppData\Local\Temp\jogamp_0000\file_cache\jln1124409831397247975\jln1408121191260887366\nativewindow_awt.dll
0x000000006c100000 - 0x000000006c10b000 	C:\Users\datam\AppData\Local\Temp\jogamp_0000\file_cache\jln1124409831397247975\jln1408121191260887366\nativewindow_win32.dll
0x000007feeff10000 - 0x000007fef002d000 	C:\Windows\system32\OpenGL32.dll
0x000007fefa230000 - 0x000007fefa25d000 	C:\Windows\system32\GLU32.dll
0x000007feef790000 - 0x000007feef881000 	C:\Windows\system32\DDRAW.dll
0x000007fef8060000 - 0x000007fef8068000 	C:\Windows\system32\DCIMAN32.dll
0x000007feff4f0000 - 0x000007feff6c7000 	C:\Windows\system32\SETUPAPI.dll
0x000007fefd9c0000 - 0x000007fefd9f6000 	C:\Windows\system32\CFGMGR32.dll
0x000007fefdb80000 - 0x000007fefdb9a000 	C:\Windows\system32\DEVOBJ.dll
0x0000000064500000 - 0x000000006458e000 	C:\Users\datam\AppData\Local\Temp\jogamp_0000\file_cache\jln1124409831397247975\jln1408121191260887366\jogl_desktop.dll
0x000007fefa220000 - 0x000007fefa228000 	C:\Windows\system32\atig6pxx.dll
0x0000000011160000 - 0x00000000127ab000 	C:\Windows\system32\atio6axx.dll
0x000007fef8050000 - 0x000007fef805e000 	C:\Windows\system32\atig6txx.dll
0x0000000180000000 - 0x000000018005d000 	C:\Windows\system32\atiadlxx.dll
0x000007fefcab0000 - 0x000007fefcac1000 	C:\Windows\system32\WTSAPI32.dll
0x000007fefdbb0000 - 0x000007fefdbea000 	C:\Windows\system32\WINTRUST.dll
0x000007fefda00000 - 0x000007fefdb6c000 	C:\Windows\system32\CRYPT32.dll
0x000007fefd860000 - 0x000007fefd86f000 	C:\Windows\system32\MSASN1.dll
0x000007fef6090000 - 0x000007fef61b5000 	C:\Windows\system32\dbghelp.dll

VM Arguments:
jvm_args: -Dfile.encoding=Cp1252 
java_command: render.Game
Launcher Type: SUN_STANDARD

Environment Variables:
PATH=C:/Program Files (x86)/Java/jre7/bin/client;C:/Program Files (x86)/Java/jre7/bin;C:/Program Files (x86)/Java/jre7/lib/i386;C:\Windows\system32;C:\Windows;C:\Windows\System32\Wbem;C:\Windows\System32\WindowsPowerShell\v1.0\;C:\Program Files (x86)\Lua\5.1;C:\Program Files (x86)\Lua\5.1\clibs;C:\Program Files\processing-2.2.1;C:\eclipse;
USERNAME=datam
OS=Windows_NT
PROCESSOR_IDENTIFIER=AMD64 Family 16 Model 2 Stepping 3, AuthenticAMD



---------------  S Y S T E M  ---------------

OS: Windows 7 , 64 bit Build 7601 Service Pack 1

CPU:total 3 (3 cores per cpu, 1 threads per core) family 16 model 2 stepping 3, cmov, cx8, fxsr, mmx, sse, sse2, sse3, popcnt, mmxext, 3dnowpref, lzcnt, sse4a, tsc, tscinvbit, tscinv

Memory: 4k page, physical 4192760k(2041396k free), swap 8383656k(5739192k free)

vm_info: Java HotSpot(TM) 64-Bit Server VM (24.45-b08) for windows-amd64 JRE (1.7.0_45-b18), built on Oct  8 2013 05:47:22 by "java_re" with unknown MS VC++:1600

time: Tue Sep 23 11:06:20 2014
elapsed time: 7 seconds

