#
# A fatal error has been detected by the Java Runtime Environment:
#
#  EXCEPTION_ACCESS_VIOLATION (0xc0000005) at pc=0x0000000180481a3d, pid=7016, tid=10028
#
# JRE version: 7.0_25-b17
# Java VM: Java HotSpot(TM) 64-Bit Server VM (23.25-b01 mixed mode windows-amd64 compressed oops)
# Problematic frame:
# C  [ig75icd64.dll+0x481a3d]  DllMain+0x56abd
#
# Failed to write core dump. Minidumps are not enabled by default on client versions of Windows
#
# If you would like to submit a bug report, please visit:
#   http://bugreport.sun.com/bugreport/crash.jsp
# The crash happened outside the Java Virtual Machine in native code.
# See problematic frame for where to report the bug.
#

---------------  T H R E A D  ---------------

Current thread (0x000000000fb94800):  JavaThread "Animation Thread" [_thread_in_native, id=10028, stack(0x00000000125a0000,0x00000000126a0000)]

siginfo: ExceptionCode=0xc0000005, reading address 0x00000000000006a0

Registers:
RAX=0x00000000010b65f0, RBX=0x000000077f7068b8, RCX=0x0000000000000001, RDX=0x0000000000000000
RSP=0x000000001269f118, RBP=0x000000001269f1a0, RSI=0x000000001069aae8, RDI=0x000000000e7defd0
R8 =0x0000000000000028, R9 =0x0000000180481a20, R10=0x0000000002c7237c, R11=0x000000006a059860
R12=0x0000000000000000, R13=0x000000077f7068b8, R14=0x000000001269f1d8, R15=0x000000000fb94800
RIP=0x0000000180481a3d, EFLAGS=0x0000000000010206

Top of Stack: (sp=0x000000001269f118)
0x000000001269f118:   0000000002c723a8 0000000000000000
0x000000001269f128:   000000001269f140 000000001269f198
0x000000001269f138:   0000000002c661f8 0000000000000000
0x000000001269f148:   0000000000000000 0000000000000000
0x000000001269f158:   000000001269f158 000000001269f160
0x000000001269f168:   0000000000000000 000000001269f1d8
0x000000001269f178:   000000077f829788 0000000000000000
0x000000001269f188:   000000077f7068b8 0000000000000000
0x000000001269f198:   000000001269f1c0 000000001269f220
0x000000001269f1a8:   0000000002c661f8 0000000000000000
0x000000001269f1b8:   0000000002c6f1d8 0000000180481a20
0x000000001269f1c8:   0000000002c663d3 0000000000000001
0x000000001269f1d8:   0000000786256e18 000000001269f1e0
0x000000001269f1e8:   000000077f7067da 000000001269f248
0x000000001269f1f8:   000000077f829788 0000000000000000
0x000000001269f208:   000000077f7067e8 000000001269f1c0 

Instructions: (pc=0x0000000180481a3d)
0x0000000180481a1d:   cc cc cc 8b 15 12 5b 29 00 65 48 8b 04 25 58 00
0x0000000180481a2d:   00 00 41 b8 28 00 00 00 48 8b 04 d0 4a 8b 14 00
0x0000000180481a3d:   48 ff a2 a0 06 00 00 cc cc cc cc cc cc cc cc cc
0x0000000180481a4d:   cc cc cc 8b 0d e2 5a 29 00 65 48 8b 04 25 58 00 


Register to memory mapping:

RAX=0x00000000010b65f0 is an unknown value
RBX=0x000000077f7068b8 is an oop
{method} 
 - klass: {other class}
RCX=0x0000000000000001 is an unknown value
RDX=0x0000000000000000 is an unknown value
RSP=0x000000001269f118 is pointing into the stack for thread: 0x000000000fb94800
RBP=0x000000001269f1a0 is pointing into the stack for thread: 0x000000000fb94800
RSI=0x000000001069aae8 is an unknown value
RDI=0x000000000e7defd0 is an unknown value
R8 =0x0000000000000028 is an unknown value
R9 =0x0000000180481a20 is an unknown value
R10=0x0000000002c7237c is an Interpreter codelet
method entry point (kind = native)  [0x0000000002c72100, 0x0000000002c72980]  2176 bytes
R11=0x000000006a059860 is an unknown value
R12=0x0000000000000000 is an unknown value
R13=0x000000077f7068b8 is an oop
{method} 
 - klass: {other class}
R14=0x000000001269f1d8 is pointing into the stack for thread: 0x000000000fb94800
R15=0x000000000fb94800 is a thread


Stack: [0x00000000125a0000,0x00000000126a0000],  sp=0x000000001269f118,  free space=1020k
Native frames: (J=compiled Java code, j=interpreted, Vv=VM code, C=native code)
C  [ig75icd64.dll+0x481a3d]  DllMain+0x56abd
j  jogamp.opengl.gl4.GL4bcImpl.glDepthMask(Z)V+34
j  processing.opengl.PGL.depthMask(Z)V+4
j  processing.opengl.PGraphicsOpenGL.backgroundImpl()V+8
j  processing.core.PGraphics.backgroundFromCalc()V+122
j  processing.core.PGraphics.background(I)V+6
j  processing.core.PGraphics.reapplySettings()V+190
j  processing.opengl.PGraphicsOpenGL.setSize(II)V+15
j  processing.core.PApplet.resizeRenderer(II)V+90
j  processing.core.PApplet.run()V+162
j  java.lang.Thread.run()V+11
v  ~StubRoutines::call_stub
V  [jvm.dll+0x1a6844]

Java frames: (J=compiled Java code, j=interpreted, Vv=VM code)
j  jogamp.opengl.gl4.GL4bcImpl.dispatch_glDepthMask1(ZJ)V+0
j  jogamp.opengl.gl4.GL4bcImpl.glDepthMask(Z)V+34
j  processing.opengl.PGL.depthMask(Z)V+4
j  processing.opengl.PGraphicsOpenGL.backgroundImpl()V+8
j  processing.core.PGraphics.backgroundFromCalc()V+122
j  processing.core.PGraphics.background(I)V+6
j  processing.core.PGraphics.reapplySettings()V+190
j  processing.opengl.PGraphicsOpenGL.setSize(II)V+15
j  processing.core.PApplet.resizeRenderer(II)V+90
j  processing.core.PApplet.run()V+162
j  java.lang.Thread.run()V+11
v  ~StubRoutines::call_stub

---------------  P R O C E S S  ---------------

Java Threads: ( => current thread )
  0x0000000010496000 JavaThread "Image Fetcher 0" daemon [_thread_blocked, id=5220, stack(0x000000000f6d0000,0x000000000f7d0000)]
  0x0000000010aca800 JavaThread "Animation Thread-SharedResourceRunner" daemon [_thread_blocked, id=5400, stack(0x00000000126a0000,0x00000000127a0000)]
=>0x000000000fb94800 JavaThread "Animation Thread" [_thread_in_native, id=10028, stack(0x00000000125a0000,0x00000000126a0000)]
  0x00000000029ae000 JavaThread "DestroyJavaVM" [_thread_blocked, id=11092, stack(0x0000000002a60000,0x0000000002b60000)]
  0x000000000e80e000 JavaThread "Animation Thread" [_thread_blocked, id=7664, stack(0x00000000100d0000,0x00000000101d0000)]
  0x000000000e690800 JavaThread "AWT-EventQueue-0" [_thread_blocked, id=7716, stack(0x000000000ede0000,0x000000000eee0000)]
  0x000000000e687000 JavaThread "AWT-Windows" daemon [_thread_in_native, id=5032, stack(0x000000000ece0000,0x000000000ede0000)]
  0x000000000e4cb800 JavaThread "AWT-Shutdown" [_thread_blocked, id=5324, stack(0x000000000ebe0000,0x000000000ece0000)]
  0x000000000e4cb000 JavaThread "Java2D Disposer" daemon [_thread_blocked, id=5628, stack(0x000000000eae0000,0x000000000ebe0000)]
  0x000000000be7c800 JavaThread "Service Thread" daemon [_thread_blocked, id=1736, stack(0x000000000e270000,0x000000000e370000)]
  0x000000000be77800 JavaThread "C2 CompilerThread1" daemon [_thread_blocked, id=10716, stack(0x000000000e170000,0x000000000e270000)]
  0x000000000be72800 JavaThread "C2 CompilerThread0" daemon [_thread_blocked, id=9832, stack(0x000000000e070000,0x000000000e170000)]
  0x000000000be71800 JavaThread "Attach Listener" daemon [_thread_blocked, id=232, stack(0x000000000df70000,0x000000000e070000)]
  0x000000000be6c800 JavaThread "Signal Dispatcher" daemon [_thread_blocked, id=10992, stack(0x000000000de70000,0x000000000df70000)]
  0x000000000be10000 JavaThread "Finalizer" daemon [_thread_blocked, id=9332, stack(0x000000000dd70000,0x000000000de70000)]
  0x000000000be08800 JavaThread "Reference Handler" daemon [_thread_blocked, id=10496, stack(0x000000000dc70000,0x000000000dd70000)]

Other Threads:
  0x000000000bdff800 VMThread [stack: 0x000000000db70000,0x000000000dc70000] [id=784]
  0x000000000be99000 WatcherThread [stack: 0x000000000e370000,0x000000000e470000] [id=5296]

VM state:not at safepoint (normal execution)

VM Mutex/Monitor currently owned by a thread: None

Heap
 PSYoungGen      total 132736K, used 65560K [0x00000007d6960000, 0x00000007df020000, 0x0000000800000000)
  eden space 127488K, 51% used [0x00000007d6960000,0x00000007da9662f8,0x00000007de5e0000)
  from space 5248K, 0% used [0x00000007deb00000,0x00000007deb00000,0x00000007df020000)
  to   space 5248K, 0% used [0x00000007de5e0000,0x00000007de5e0000,0x00000007deb00000)
 ParOldGen       total 113408K, used 52367K [0x0000000783c00000, 0x000000078aac0000, 0x00000007d6960000)
  object space 113408K, 46% used [0x0000000783c00000,0x0000000786f23c50,0x000000078aac0000)
 PSPermGen       total 34624K, used 17373K [0x000000077ea00000, 0x0000000780bd0000, 0x0000000783c00000)
  object space 34624K, 50% used [0x000000077ea00000,0x000000077faf75c8,0x0000000780bd0000)

Card table byte_map: [0x0000000005d20000,0x0000000006130000] byte_map_base: 0x000000000212b000

Polling page: 0x0000000000fd0000

Code Cache  [0x0000000002c60000, 0x0000000002ed0000, 0x0000000005c60000)
 total_blobs=1088 nmethods=327 adapters=712 free_code_cache=47548Kb largest_free_block=48402560

Compilation events (10 events):
Event: 7.040 Thread 0x000000000be72800  329             terrain.Erosion::tick (691 bytes)
Event: 7.040 Thread 0x000000000be77800  330             system.ChunkSystem::locationFromChunk (92 bytes)
Event: 7.043 Thread 0x000000000be77800 nmethod 330 0x0000000002d75710 code [0x0000000002d75880, 0x0000000002d75b18]
Event: 7.049 Thread 0x000000000be77800  331             sun.nio.cs.UTF_8$Decoder::decodeArrayLoop (543 bytes)
Event: 7.059 Thread 0x000000000be77800 nmethod 331 0x0000000002dd0b10 code [0x0000000002dd0d40, 0x0000000002dd18f8]
Event: 7.179 Thread 0x000000000be77800   29 %           processing.opengl.PGL::nativeToJavaARGB @ 101 (339 bytes)
Event: 7.185 Thread 0x000000000be72800 nmethod 329 0x0000000002d4ac10 code [0x0000000002d4b000, 0x0000000002d4d408]
Event: 7.192 Thread 0x000000000be77800 nmethod 29% 0x0000000002d49d90 code [0x0000000002d49ee0, 0x0000000002d4a9f8]
Event: 7.441 Thread 0x000000000be72800  332             java.util.concurrent.locks.AbstractOwnableSynchronizer::setExclusiveOwnerThread (6 bytes)
Event: 7.441 Thread 0x000000000be72800 nmethod 332 0x0000000002d7a190 code [0x0000000002d7a2c0, 0x0000000002d7a338]

GC Heap History (10 events):
Event: 1.253 GC heap before
{Heap before GC invocations=1 (full 0):
 PSYoungGen      total 37120K, used 31872K [0x00000007d6960000, 0x00000007d92c0000, 0x0000000800000000)
  eden space 31872K, 100% used [0x00000007d6960000,0x00000007d8880000,0x00000007d8880000)
  from space 5248K, 0% used [0x00000007d8da0000,0x00000007d8da0000,0x00000007d92c0000)
  to   space 5248K, 0% used [0x00000007d8880000,0x00000007d8880000,0x00000007d8da0000)
 ParOldGen       total 84800K, used 0K [0x0000000783c00000, 0x0000000788ed0000, 0x00000007d6960000)
  object space 84800K, 0% used [0x0000000783c00000,0x0000000783c00000,0x0000000788ed0000)
 PSPermGen       total 21248K, used 8070K [0x000000077ea00000, 0x000000077fec0000, 0x0000000783c00000)
  object space 21248K, 37% used [0x000000077ea00000,0x000000077f1e1a40,0x000000077fec0000)
Event: 1.267 GC heap after
Heap after GC invocations=1 (full 0):
 PSYoungGen      total 37120K, used 5216K [0x00000007d6960000, 0x00000007db1e0000, 0x0000000800000000)
  eden space 31872K, 0% used [0x00000007d6960000,0x00000007d6960000,0x00000007d8880000)
  from space 5248K, 99% used [0x00000007d8880000,0x00000007d8d98050,0x00000007d8da0000)
  to   space 5248K, 0% used [0x00000007dacc0000,0x00000007dacc0000,0x00000007db1e0000)
 ParOldGen       total 84800K, used 14379K [0x0000000783c00000, 0x0000000788ed0000, 0x00000007d6960000)
  object space 84800K, 16% used [0x0000000783c00000,0x0000000784a0ae80,0x0000000788ed0000)
 PSPermGen       total 21248K, used 8070K [0x000000077ea00000, 0x000000077fec0000, 0x0000000783c00000)
  object space 21248K, 37% used [0x000000077ea00000,0x000000077f1e1a40,0x000000077fec0000)
}
Event: 1.413 GC heap before
{Heap before GC invocations=2 (full 0):
 PSYoungGen      total 37120K, used 37088K [0x00000007d6960000, 0x00000007db1e0000, 0x0000000800000000)
  eden space 31872K, 100% used [0x00000007d6960000,0x00000007d8880000,0x00000007d8880000)
  from space 5248K, 99% used [0x00000007d8880000,0x00000007d8d98050,0x00000007d8da0000)
  to   space 5248K, 0% used [0x00000007dacc0000,0x00000007dacc0000,0x00000007db1e0000)
 ParOldGen       total 84800K, used 14379K [0x0000000783c00000, 0x0000000788ed0000, 0x00000007d6960000)
  object space 84800K, 16% used [0x0000000783c00000,0x0000000784a0ae80,0x0000000788ed0000)
 PSPermGen       total 21248K, used 8157K [0x000000077ea00000, 0x000000077fec0000, 0x0000000783c00000)
  object space 21248K, 38% used [0x000000077ea00000,0x000000077f1f7420,0x000000077fec0000)
Event: 1.426 GC heap after
Heap after GC invocations=2 (full 0):
 PSYoungGen      total 68992K, used 5232K [0x00000007d6960000, 0x00000007db1e0000, 0x0000000800000000)
  eden space 63744K, 0% used [0x00000007d6960000,0x00000007d6960000,0x00000007da7a0000)
  from space 5248K, 99% used [0x00000007dacc0000,0x00000007db1dc070,0x00000007db1e0000)
  to   space 5248K, 0% used [0x00000007da7a0000,0x00000007da7a0000,0x00000007dacc0000)
 ParOldGen       total 84800K, used 25606K [0x0000000783c00000, 0x0000000788ed0000, 0x00000007d6960000)
  object space 84800K, 30% used [0x0000000783c00000,0x0000000785501978,0x0000000788ed0000)
 PSPermGen       total 21248K, used 8157K [0x000000077ea00000, 0x000000077fec0000, 0x0000000783c00000)
  object space 21248K, 38% used [0x000000077ea00000,0x000000077f1f7420,0x000000077fec0000)
}
Event: 2.319 GC heap before
{Heap before GC invocations=3 (full 0):
 PSYoungGen      total 68992K, used 68976K [0x00000007d6960000, 0x00000007db1e0000, 0x0000000800000000)
  eden space 63744K, 100% used [0x00000007d6960000,0x00000007da7a0000,0x00000007da7a0000)
  from space 5248K, 99% used [0x00000007dacc0000,0x00000007db1dc070,0x00000007db1e0000)
  to   space 5248K, 0% used [0x00000007da7a0000,0x00000007da7a0000,0x00000007dacc0000)
 ParOldGen       total 84800K, used 25606K [0x0000000783c00000, 0x0000000788ed0000, 0x00000007d6960000)
  object space 84800K, 30% used [0x0000000783c00000,0x0000000785501978,0x0000000788ed0000)
 PSPermGen       total 21248K, used 9175K [0x000000077ea00000, 0x000000077fec0000, 0x0000000783c00000)
  object space 21248K, 43% used [0x000000077ea00000,0x000000077f2f5c40,0x000000077fec0000)
Event: 2.336 GC heap after
Heap after GC invocations=3 (full 0):
 PSYoungGen      total 68992K, used 5040K [0x00000007d6960000, 0x00000007df020000, 0x0000000800000000)
  eden space 63744K, 0% used [0x00000007d6960000,0x00000007d6960000,0x00000007da7a0000)
  from space 5248K, 96% used [0x00000007da7a0000,0x00000007dac8c050,0x00000007dacc0000)
  to   space 5248K, 0% used [0x00000007deb00000,0x00000007deb00000,0x00000007df020000)
 ParOldGen       total 84800K, used 45070K [0x0000000783c00000, 0x0000000788ed0000, 0x00000007d6960000)
  object space 84800K, 53% used [0x0000000783c00000,0x0000000786803aa8,0x0000000788ed0000)
 PSPermGen       total 21248K, used 9175K [0x000000077ea00000, 0x000000077fec0000, 0x0000000783c00000)
  object space 21248K, 43% used [0x000000077ea00000,0x000000077f2f5c40,0x000000077fec0000)
}
Event: 5.958 GC heap before
{Heap before GC invocations=4 (full 0):
 PSYoungGen      total 68992K, used 68784K [0x00000007d6960000, 0x00000007df020000, 0x0000000800000000)
  eden space 63744K, 100% used [0x00000007d6960000,0x00000007da7a0000,0x00000007da7a0000)
  from space 5248K, 96% used [0x00000007da7a0000,0x00000007dac8c050,0x00000007dacc0000)
  to   space 5248K, 0% used [0x00000007deb00000,0x00000007deb00000,0x00000007df020000)
 ParOldGen       total 84800K, used 45070K [0x0000000783c00000, 0x0000000788ed0000, 0x00000007d6960000)
  object space 84800K, 53% used [0x0000000783c00000,0x0000000786803aa8,0x0000000788ed0000)
 PSPermGen       total 21248K, used 17049K [0x000000077ea00000, 0x000000077fec0000, 0x0000000783c00000)
  object space 21248K, 80% used [0x000000077ea00000,0x000000077faa6748,0x000000077fec0000)
Event: 5.977 GC heap after
Heap after GC invocations=4 (full 0):
 PSYoungGen      total 132736K, used 5240K [0x00000007d6960000, 0x00000007df020000, 0x0000000800000000)
  eden space 127488K, 0% used [0x00000007d6960000,0x00000007d6960000,0x00000007de5e0000)
  from space 5248K, 99% used [0x00000007deb00000,0x00000007df01e068,0x00000007df020000)
  to   space 5248K, 0% used [0x00000007de5e0000,0x00000007de5e0000,0x00000007deb00000)
 ParOldGen       total 84800K, used 64221K [0x0000000783c00000, 0x0000000788ed0000, 0x00000007d6960000)
  object space 84800K, 75% used [0x0000000783c00000,0x0000000787ab75e8,0x0000000788ed0000)
 PSPermGen       total 21248K, used 17049K [0x000000077ea00000, 0x000000077fec0000, 0x0000000783c00000)
  object space 21248K, 80% used [0x000000077ea00000,0x000000077faa6748,0x000000077fec0000)
}
Event: 5.977 GC heap before
{Heap before GC invocations=5 (full 1):
 PSYoungGen      total 132736K, used 5240K [0x00000007d6960000, 0x00000007df020000, 0x0000000800000000)
  eden space 127488K, 0% used [0x00000007d6960000,0x00000007d6960000,0x00000007de5e0000)
  from space 5248K, 99% used [0x00000007deb00000,0x00000007df01e068,0x00000007df020000)
  to   space 5248K, 0% used [0x00000007de5e0000,0x00000007de5e0000,0x00000007deb00000)
 ParOldGen       total 84800K, used 64221K [0x0000000783c00000, 0x0000000788ed0000, 0x00000007d6960000)
  object space 84800K, 75% used [0x0000000783c00000,0x0000000787ab75e8,0x0000000788ed0000)
 PSPermGen       total 21248K, used 17049K [0x000000077ea00000, 0x000000077fec0000, 0x0000000783c00000)
  object space 21248K, 80% used [0x000000077ea00000,0x000000077faa6748,0x000000077fec0000)
Event: 6.020 GC heap after
Heap after GC invocations=5 (full 1):
 PSYoungGen      total 132736K, used 0K [0x00000007d6960000, 0x00000007df020000, 0x0000000800000000)
  eden space 127488K, 0% used [0x00000007d6960000,0x00000007d6960000,0x00000007de5e0000)
  from space 5248K, 0% used [0x00000007deb00000,0x00000007deb00000,0x00000007df020000)
  to   space 5248K, 0% used [0x00000007de5e0000,0x00000007de5e0000,0x00000007deb00000)
 ParOldGen       total 113408K, used 52367K [0x0000000783c00000, 0x000000078aac0000, 0x00000007d6960000)
  object space 113408K, 46% used [0x0000000783c00000,0x0000000786f23c50,0x000000078aac0000)
 PSPermGen       total 34624K, used 17044K [0x000000077ea00000, 0x0000000780bd0000, 0x0000000783c00000)
  object space 34624K, 49% used [0x000000077ea00000,0x000000077faa5148,0x0000000780bd0000)
}

Deoptimization events (10 events):
Event: 6.825 Thread 0x0000000010496000 Uncommon trap -28 fr.pc 0x0000000002d78a58
Event: 7.042 Thread 0x000000000e690800 Uncommon trap -34 fr.pc 0x0000000002d21240
Event: 7.042 Thread 0x000000000e690800 Uncommon trap -34 fr.pc 0x0000000002d22ec4
Event: 7.042 Thread 0x000000000e690800 Uncommon trap -34 fr.pc 0x0000000002d21240
Event: 7.042 Thread 0x000000000e690800 Uncommon trap -34 fr.pc 0x0000000002d22ec4
Event: 7.048 Thread 0x000000000e690800 Uncommon trap -34 fr.pc 0x0000000002d21240
Event: 7.048 Thread 0x000000000e690800 Uncommon trap -34 fr.pc 0x0000000002d22ec4
Event: 7.048 Thread 0x000000000e690800 Uncommon trap -34 fr.pc 0x0000000002d21240
Event: 7.048 Thread 0x000000000e690800 Uncommon trap -34 fr.pc 0x0000000002d22ec4
Event: 7.453 Thread 0x000000000fb94800 Uncommon trap -34 fr.pc 0x0000000002da13c4

Internal exceptions (10 events):
Event: 6.601 Thread 0x000000000e690800 Threw 0x00000007d7101d28 at C:\jdk7u2_64p\jdk7u25\hotspot\src\share\vm\prims\jni.cpp:716
Event: 6.603 Thread 0x000000000e690800 Threw 0x00000007d710c828 at C:\jdk7u2_64p\jdk7u25\hotspot\src\share\vm\prims\jni.cpp:716
Event: 6.623 Thread 0x000000000e690800 Threw 0x00000007d7272b28 at C:\jdk7u2_64p\jdk7u25\hotspot\src\share\vm\prims\jni.cpp:716
Event: 6.938 Thread 0x000000000e690800 Threw 0x00000007d72b8a20 at C:\jdk7u2_64p\jdk7u25\hotspot\src\share\vm\prims\jni.cpp:716
Event: 7.033 Thread 0x000000000e690800 Threw 0x00000007da335b98 at C:\jdk7u2_64p\jdk7u25\hotspot\src\share\vm\prims\jvm.cpp:1235
Event: 7.034 Thread 0x000000000e690800 Threw 0x00000007da339318 at C:\jdk7u2_64p\jdk7u25\hotspot\src\share\vm\prims\jvm.cpp:1235
Event: 7.035 Thread 0x000000000e690800 Threw 0x00000007da33c8e0 at C:\jdk7u2_64p\jdk7u25\hotspot\src\share\vm\prims\jvm.cpp:1235
Event: 7.036 Thread 0x000000000e690800 Threw 0x00000007da340870 at C:\jdk7u2_64p\jdk7u25\hotspot\src\share\vm\prims\jvm.cpp:1235
Event: 7.036 Thread 0x000000000e690800 Threw 0x00000007da344cf0 at C:\jdk7u2_64p\jdk7u25\hotspot\src\share\vm\prims\jvm.cpp:1235
Event: 7.041 Thread 0x000000000e690800 Threw 0x00000007da397688 at C:\jdk7u2_64p\jdk7u25\hotspot\src\share\vm\prims\jvm.cpp:1235

Events (10 events):
Event: 7.453 loading class 0x00000000104fa2d0
Event: 7.453 loading class 0x00000000104fa2d0 done
Event: 7.453 loading class 0x00000000104fa890
Event: 7.453 loading class 0x00000000104fa890 done
Event: 7.453 loading class 0x00000000104f9d90
Event: 7.453 loading class 0x00000000104f9d90 done
Event: 7.453 loading class 0x00000000104fa450
Event: 7.453 loading class 0x00000000104fa450 done
Event: 7.453 Thread 0x000000000fb94800 DEOPT PACKING pc=0x0000000002da13c4 sp=0x000000001269f370
Event: 7.453 Thread 0x000000000fb94800 DEOPT UNPACKING pc=0x0000000002c99164 sp=0x000000001269f318 mode 2


Dynamic libraries:
0x00007ff692b00000 - 0x00007ff692b33000 	C:\Program Files\Java\jre7\bin\javaw.exe
0x00007ffeec840000 - 0x00007ffeec9ec000 	C:\WINDOWS\SYSTEM32\ntdll.dll
0x00007ffeec350000 - 0x00007ffeec48e000 	C:\WINDOWS\system32\KERNEL32.DLL
0x00007ffee9d40000 - 0x00007ffee9e55000 	C:\WINDOWS\system32\KERNELBASE.dll
0x00007ffee8380000 - 0x00007ffee840e000 	C:\WINDOWS\system32\apphelp.dll
0x00007ffedad00000 - 0x00007ffedad53000 	C:\WINDOWS\AppPatch\AppPatch64\AcGenral.DLL
0x00007ffeec2a0000 - 0x00007ffeec34a000 	C:\WINDOWS\system32\msvcrt.dll
0x00007ffee9830000 - 0x00007ffee985e000 	C:\WINDOWS\SYSTEM32\SspiCli.dll
0x00007ffeea290000 - 0x00007ffeea2e4000 	C:\WINDOWS\system32\SHLWAPI.dll
0x00007ffeea750000 - 0x00007ffeea8c7000 	C:\WINDOWS\system32\USER32.dll
0x00007ffeea2f0000 - 0x00007ffeea484000 	C:\WINDOWS\system32\ole32.dll
0x00007ffeea8d0000 - 0x00007ffeebde9000 	C:\WINDOWS\system32\SHELL32.dll
0x00007ffee8fb0000 - 0x00007ffee8fd1000 	C:\WINDOWS\SYSTEM32\USERENV.dll
0x00007ffeebe00000 - 0x00007ffeebeaa000 	C:\WINDOWS\system32\ADVAPI32.dll
0x00007ffede860000 - 0x00007ffede87e000 	C:\WINDOWS\SYSTEM32\MPR.dll
0x00007ffeea5f0000 - 0x00007ffeea731000 	C:\WINDOWS\system32\RPCRT4.dll
0x00007ffeec5f0000 - 0x00007ffeec649000 	C:\WINDOWS\SYSTEM32\sechost.dll
0x00007ffeebeb0000 - 0x00007ffeec0c1000 	C:\WINDOWS\SYSTEM32\combase.dll
0x00007ffeec490000 - 0x00007ffeec5e1000 	C:\WINDOWS\system32\GDI32.dll
0x00007ffee9990000 - 0x00007ffee99a5000 	C:\WINDOWS\SYSTEM32\profapi.dll
0x00007ffee7fa0000 - 0x00007ffee8052000 	C:\WINDOWS\SYSTEM32\SHCORE.dll
0x00007ffeec800000 - 0x00007ffeec836000 	C:\WINDOWS\system32\IMM32.DLL
0x00007ffeea490000 - 0x00007ffeea5e3000 	C:\WINDOWS\system32\MSCTF.dll
0x00007ffee7700000 - 0x00007ffee797b000 	C:\WINDOWS\WinSxS\amd64_microsoft.windows.common-controls_6595b64144ccf1df_6.0.9600.17415_none_6240486fecbd8abb\COMCTL32.dll
0x000000006a5b0000 - 0x000000006a681000 	C:\Program Files\Java\jre7\bin\msvcr100.dll
0x0000000069ea0000 - 0x000000006a5af000 	C:\Program Files\Java\jre7\bin\server\jvm.dll
0x00007ffedcc60000 - 0x00007ffedcc69000 	C:\WINDOWS\SYSTEM32\WSOCK32.dll
0x00007ffee2a20000 - 0x00007ffee2a42000 	C:\WINDOWS\SYSTEM32\WINMM.dll
0x00007ffee9f80000 - 0x00007ffee9f87000 	C:\WINDOWS\system32\PSAPI.DLL
0x00007ffeec0d0000 - 0x00007ffeec12a000 	C:\WINDOWS\system32\WS2_32.dll
0x00007ffee29f0000 - 0x00007ffee2a1a000 	C:\WINDOWS\SYSTEM32\WINMMBASE.dll
0x00007ffeebdf0000 - 0x00007ffeebdf9000 	C:\WINDOWS\system32\NSI.dll
0x00007ffee9a60000 - 0x00007ffee9aaf000 	C:\WINDOWS\SYSTEM32\cfgmgr32.dll
0x00007ffee8780000 - 0x00007ffee87a8000 	C:\WINDOWS\SYSTEM32\DEVOBJ.dll
0x000000006b250000 - 0x000000006b25f000 	C:\Program Files\Java\jre7\bin\verify.dll
0x000000006b220000 - 0x000000006b248000 	C:\Program Files\Java\jre7\bin\java.dll
0x000000006b200000 - 0x000000006b215000 	C:\Program Files\Java\jre7\bin\zip.dll
0x0000000069cd0000 - 0x0000000069e65000 	C:\Program Files\Java\jre7\bin\awt.dll
0x00007ffeec140000 - 0x00007ffeec201000 	C:\WINDOWS\system32\OLEAUT32.dll
0x00007ffee7ae0000 - 0x00007ffee7b01000 	C:\WINDOWS\system32\DWMAPI.DLL
0x00007ffee8650000 - 0x00007ffee8779000 	C:\WINDOWS\system32\uxtheme.dll
0x00007ffee88c0000 - 0x00007ffee88cb000 	C:\WINDOWS\SYSTEM32\kernel.appcore.dll
0x00007ffee98d0000 - 0x00007ffee98db000 	C:\WINDOWS\SYSTEM32\CRYPTBASE.dll
0x00007ffee9860000 - 0x00007ffee98c3000 	C:\WINDOWS\SYSTEM32\bcryptPrimitives.dll
0x0000000069c90000 - 0x0000000069ccf000 	C:\Program Files\Java\jre7\bin\fontmanager.dll
0x000000006b0e0000 - 0x000000006b0f9000 	C:\Program Files\Java\jre7\bin\net.dll
0x00007ffee9270000 - 0x00007ffee92c9000 	C:\WINDOWS\system32\mswsock.dll
0x000000006a730000 - 0x000000006a741000 	C:\Program Files\Java\jre7\bin\nio.dll
0x00007ffee92d0000 - 0x00007ffee92f0000 	C:\WINDOWS\SYSTEM32\CRYPTSP.dll
0x00007ffee8ea0000 - 0x00007ffee8ed6000 	C:\WINDOWS\system32\rsaenh.dll
0x00007ffee9520000 - 0x00007ffee9546000 	C:\WINDOWS\SYSTEM32\bcrypt.dll
0x00007ffedb8f0000 - 0x00007ffedb905000 	C:\WINDOWS\system32\napinsp.dll
0x00007ffedb980000 - 0x00007ffedb99a000 	C:\WINDOWS\system32\pnrpnsp.dll
0x00007ffee7080000 - 0x00007ffee709b000 	C:\WINDOWS\system32\NLAapi.dll
0x00007ffee9070000 - 0x00007ffee9114000 	C:\WINDOWS\SYSTEM32\DNSAPI.dll
0x00007ffedba90000 - 0x00007ffedba9d000 	C:\WINDOWS\System32\winrnr.dll
0x00007ffedbad0000 - 0x00007ffedbae4000 	C:\WINDOWS\system32\wshbth.dll
0x000000006aed0000 - 0x000000006aef6000 	C:\Program Files\Bonjour\mdnsNSP.dll
0x00007ffee6610000 - 0x00007ffee663a000 	C:\WINDOWS\SYSTEM32\Iphlpapi.DLL
0x00007ffee65f0000 - 0x00007ffee65fa000 	C:\WINDOWS\SYSTEM32\WINNSI.DLL
0x00007ffedc680000 - 0x00007ffedc68a000 	C:\Windows\System32\rasadhlp.dll
0x00007ffee4d50000 - 0x00007ffee4dbb000 	C:\WINDOWS\System32\fwpuclnt.dll
0x00000000637c0000 - 0x00000000637ca000 	C:\Users\Dante\AppData\Local\Temp\jogamp_0000\file_cache\jln4695971466745074411\jln8844865761797820896\gluegen-rt.dll
0x0000000069c80000 - 0x0000000069c87000 	C:\Program Files\Java\jre7\bin\jawt.dll
0x00000000029d0000 - 0x00000000029db000 	C:\Users\Dante\AppData\Local\Temp\jogamp_0000\file_cache\jln4695971466745074411\jln8844865761797820896\nativewindow_awt.dll
0x000000006c100000 - 0x000000006c10b000 	C:\Users\Dante\AppData\Local\Temp\jogamp_0000\file_cache\jln4695971466745074411\jln8844865761797820896\nativewindow_win32.dll
0x00007ffed7350000 - 0x00007ffed747b000 	C:\WINDOWS\SYSTEM32\OpenGL32.dll
0x00007ffee7620000 - 0x00007ffee764e000 	C:\WINDOWS\SYSTEM32\GLU32.dll
0x00007ffed6f90000 - 0x00007ffed7088000 	C:\WINDOWS\SYSTEM32\DDRAW.dll
0x00007ffee81f0000 - 0x00007ffee81f9000 	C:\WINDOWS\SYSTEM32\DCIMAN32.dll
0x0000000064500000 - 0x000000006458e000 	C:\Users\Dante\AppData\Local\Temp\jogamp_0000\file_cache\jln4695971466745074411\jln8844865761797820896\jogl_desktop.dll
0x0000000180000000 - 0x000000018078e000 	C:\WINDOWS\SYSTEM32\ig75icd64.dll
0x00007ffee5380000 - 0x00007ffee57c1000 	C:\WINDOWS\SYSTEM32\igdusc64.dll
0x00007ffee8fe0000 - 0x00007ffee9026000 	C:\WINDOWS\SYSTEM32\powrprof.dll
0x0000000069c30000 - 0x0000000069c71000 	C:\Program Files\Java\jre7\bin\t2k.dll
0x0000000069c00000 - 0x0000000069c30000 	C:\Program Files\Java\jre7\bin\jpeg.dll
0x00007ffed0fe0000 - 0x00007ffed116a000 	C:\WINDOWS\SYSTEM32\dbghelp.dll

VM Arguments:
jvm_args: -Dfile.encoding=Cp1252 
java_command: render.Game
Launcher Type: SUN_STANDARD

Environment Variables:
PATH=C:\WINDOWS\system32;C:\WINDOWS;C:\WINDOWS\System32\Wbem;C:\Program Files\HPQ\IAM\bin;C:\Program Files\Intel\DMIX;c:\Program Files\Microsoft Visual Studio 9.0\Common7\IDE;c:\Program Files\Microsoft Visual Studio 9.0\VC\BIN;c:\Program Files\Microsoft Visual Studio 9.0\Common7\Tools;c:\WINDOWS\Microsoft.NET\Framework\v3.5;c:\WINDOWS\Microsoft.NET\Framework\v2.0.50727;c:\Program Files\Microsoft Visual Studio 11.0\VC\VCPackages;C:\Program Files (x86)\Windows Kits\8.1\Windows Performance Toolkit\;C:\Program Files\Microsoft SQL Server\110\Tools\Binn\
USERNAME=Dante
OS=Windows_NT
PROCESSOR_IDENTIFIER=Intel64 Family 6 Model 60 Stepping 3, GenuineIntel



---------------  S Y S T E M  ---------------

OS: Windows 8 , 64 bit Build 9200 

CPU:total 8 (4 cores per cpu, 2 threads per core) family 6 model 60 stepping 3, cmov, cx8, fxsr, mmx, sse, sse2, sse3, ssse3, sse4.1, sse4.2, popcnt, avx, avx2, ht, tsc, tscinvbit

Memory: 4k page, physical 8134936k(3170320k free), swap 9445656k(3648316k free)

vm_info: Java HotSpot(TM) 64-Bit Server VM (23.25-b01) for windows-amd64 JRE (1.7.0_25-b17), built on Jun 21 2013 12:58:32 by "java_re" with unknown MS VC++:1600

time: Mon Mar 09 20:18:49 2015
elapsed time: 8 seconds

